#
# A fatal error has been detected by the Java Runtime Environment:
#
#  EXCEPTION_ACCESS_VIOLATION (0xc0000005) at pc=0x00007ffb0d7663b7, pid=18788, tid=18804
#
# JRE version: Java(TM) SE Runtime Environment (19.0.1+10) (build 19.0.1+10-21)
# Java VM: Java HotSpot(TM) 64-Bit Server VM (19.0.1+10-21, mixed mode, sharing, tiered, compressed oops, compressed class ptrs, g1 gc, windows-amd64)
# Problematic frame:
# C  [glass.dll+0x263b7]
#
# No core dump will be written. Minidumps are not enabled by default on client versions of Windows
#
# If you would like to submit a bug report, please visit:
#   https://bugreport.java.com/bugreport/crash.jsp
#

---------------  S U M M A R Y ------------

Command Line: -agentlib:jdwp=transport=dt_socket,address=127.0.0.1:51155,suspend=y,server=n -javaagent:C:\Users\zheck\AppData\Local\JetBrains\IntelliJIdea2022.3\captureAgent\debugger-agent.jar -Dfile.encoding=UTF-8 -Dsun.stdout.encoding=UTF-8 -Dsun.stderr.encoding=UTF-8 --module-path=C:\Users\zheck\.m2\repository\org\openjfx\javafx-fxml\19\javafx-fxml-19-win.jar;C:\Users\zheck\.m2\repository\org\openjfx\javafx-controls\19\javafx-controls-19-win.jar;C:\infa\Java\NewJavaFxApp\target\classes;C:\Users\zheck\.m2\repository\org\openjfx\javafx-graphics\19\javafx-graphics-19-win.jar;C:\Users\zheck\.m2\repository\org\openjfx\javafx-base\19\javafx-base-19-win.jar -Djdk.module.main=app app/app.Main

Host: Intel(R) Core(TM) i7-4770 CPU @ 3.40GHz, 8 cores, 15G,  Windows 10 , 64 bit Build 19041 (10.0.19041.2546)
Time: Wed Jan 25 14:24:59 2023 FLE Standard Time elapsed time: 131.180535 seconds (0d 0h 2m 11s)

---------------  T H R E A D  ---------------

Current thread (0x000001313d9898e0):  VMThread "VM Thread" [stack: 0x0000002a97700000,0x0000002a97800000] [id=18804]

Stack: [0x0000002a97700000,0x0000002a97800000],  sp=0x0000002a977ff1c0,  free space=1020k
Native frames: (J=compiled Java code, j=interpreted, Vv=VM code, C=native code)
C  [glass.dll+0x263b7]


siginfo: EXCEPTION_ACCESS_VIOLATION (0xc0000005), reading address 0x0000000000000000


Registers:
RAX=0x0000000000000000, RBX=0x000001314a5e19c0, RCX=0x000001313d9898e0, RDX=0x0000002a977ff1c0
RSP=0x0000002a977ff1c0, RBP=0x00000131428f2788, RSI=0x00000131428f2760, RDI=0x0000d14eceebcbb1
R8 =0x0000000000010002, R9 =0x0000d14eceebcbb1, R10=0x0000000000008000, R11=0x0000002a977ff150
R12=0x00007ffb0d763cf0, R13=0x00007ffac8b372a0, R14=0x0000002a977ff2b8, R15=0x00000131428f2760
RIP=0x00007ffb0d7663b7, EFLAGS=0x0000000000010206


Register to memory mapping:

RIP=0x00007ffb0d7663b7 glass.dll
RAX=0x0 is NULL
RBX=0x000001314a5e19c0 is a global jni handle
RCX=0x000001313d9898e0 points into unknown readable memory: 0x00007ffac89445e8 | e8 45 94 c8 fa 7f 00 00
RDX=0x0000002a977ff1c0 points into unknown readable memory: 0x0000000000000000 | 00 00 00 00 00 00 00 00
RSP=0x0000002a977ff1c0 points into unknown readable memory: 0x0000000000000000 | 00 00 00 00 00 00 00 00
RBP=0x00000131428f2788 points into unknown readable memory: 0x0000d14eceebcbb1 | b1 cb eb ce 4e d1 00 00
RSI=0x00000131428f2760 points into unknown readable memory: 0x7010d14e311dd15d | 5d d1 1d 31 4e d1 10 70
RDI=0x0000d14eceebcbb1 is an unknown value
R8 =0x0000000000010002 is an unknown value
R9 =0x0000d14eceebcbb1 is an unknown value
R10=0x0000000000008000 is an unknown value
R11=0x0000002a977ff150 points into unknown readable memory: 0x00000131428f2760 | 60 27 8f 42 31 01 00 00
R12=0x00007ffb0d763cf0 glass.dll
R13=0x00007ffac8b372a0 jvm.dll
R14=0x0000002a977ff2b8 points into unknown readable memory: 0x0000002a977ff2a0 | a0 f2 7f 97 2a 00 00 00
R15=0x00000131428f2760 points into unknown readable memory: 0x7010d14e311dd15d | 5d d1 1d 31 4e d1 10 70


Top of Stack: (sp=0x0000002a977ff1c0)
0x0000002a977ff1c0:   0000000000000000 00000131428f2760
0x0000002a977ff1d0:   00007ffac8b372a0 00007ffb0d763cf0
0x0000002a977ff1e0:   00000131428f2768 00007ffb3d8542d6
0x0000002a977ff1f0:   0000d14eceebcbb1 0000013100000000
0x0000002a977ff200:   00000131428f2788 00000131428f2760
0x0000002a977ff210:   fffffffffffffffe 0000000000000000
0x0000002a977ff220:   0000000000000001 00007ffb0d740000
0x0000002a977ff230:   0000002a977ff2a8 00007ffb3d8541fb
0x0000002a977ff240:   0000000000000000 0000002a977ff2b8
0x0000002a977ff250:   0000002a977ff580 00007ffb3d930e40
0x0000002a977ff260:   0000000000000001 00007ffb3d8541b4
0x0000002a977ff270:   0000000000000000 0000000000000001
0x0000002a977ff280:   0000000000000000 0000002a977ff2a8
0x0000002a977ff290:   ffffffff00000001 00007ffb0d763b7d
0x0000002a977ff2a0:   00007ffb0d779f88 00007ffb00000002
0x0000002a977ff2b0:   0000000000000002 0000002a977ff2a0 

Instructions: (pc=0x00007ffb0d7663b7)
0x00007ffb0d7662b7:   8b 4d 58 e8 7d cf ff ff 48 8b 4d 60 e8 74 cf ff
0x00007ffb0d7662c7:   ff 48 8b 95 80 00 00 00 48 8b 8d 18 01 00 00 e8
0x00007ffb0d7662d7:   66 c4 ff ff 33 d2 33 c9 e8 bc e1 ff ff 90 48 89
0x00007ffb0d7662e7:   54 24 10 55 48 83 ec 20 48 8b ea 48 b8 00 00 00
0x00007ffb0d7662f7:   00 00 00 00 00 48 83 c4 20 5d c3 cc 40 55 48 8b
0x00007ffb0d766307:   ea 48 8b 01 33 c9 81 38 05 00 00 c0 0f 94 c1 8b
0x00007ffb0d766317:   c1 5d c3 cc 40 55 48 83 ec 20 48 8b ea 8a 4d 40
0x00007ffb0d766327:   48 83 c4 20 5d e9 63 d3 ff ff cc 40 55 48 83 ec
0x00007ffb0d766337:   20 48 8b ea 8a 4d 20 e8 51 d3 ff ff 90 48 83 c4
0x00007ffb0d766347:   20 5d c3 cc 40 55 48 83 ec 20 48 8b ea 48 83 c4
0x00007ffb0d766357:   20 5d e9 b2 d1 ff ff cc 40 55 48 83 ec 30 48 8b
0x00007ffb0d766367:   ea 48 8b 01 8b 10 48 89 4c 24 28 89 54 24 20 4c
0x00007ffb0d766377:   8d 0d 53 d6 ff ff 4c 8b 45 70 8b 55 68 48 8b 4d
0x00007ffb0d766387:   60 e8 f3 d0 ff ff 90 48 83 c4 30 5d c3 cc cc cc
0x00007ffb0d766397:   cc cc cc cc cc cc cc cc cc 40 53 48 83 ec 20 48
0x00007ffb0d7663a7:   8b 1d db 35 01 00 48 85 db 74 16 e8 79 8b ff ff
0x00007ffb0d7663b7:   4c 8b 00 48 8b d3 48 8b c8 41 ff 90 b0 00 00 00
0x00007ffb0d7663c7:   90 48 83 c4 20 5b c3 cc cc 40 53 48 83 ec 20 48
0x00007ffb0d7663d7:   8b 1d 4b 37 01 00 48 85 db 74 57 b8 ff ff ff ff
0x00007ffb0d7663e7:   f0 0f c1 43 10 83 f8 01 75 3d 48 85 db 74 38 48
0x00007ffb0d7663f7:   8b 0b 48 85 c9 74 0d ff 15 a4 0e 00 00 48 c7 03
0x00007ffb0d766407:   00 00 00 00 48 8b 4b 08 48 85 c9 74 0d e8 23 ce
0x00007ffb0d766417:   ff ff 48 c7 43 08 00 00 00 00 ba 18 00 00 00 48
0x00007ffb0d766427:   8b cb e8 0e ce ff ff 48 c7 05 ef 36 01 00 00 00
0x00007ffb0d766437:   00 00 48 83 c4 20 5b c3 cc 40 53 48 83 ec 20 48
0x00007ffb0d766447:   8b 1d bb 36 01 00 48 85 db 74 57 b8 ff ff ff ff
0x00007ffb0d766457:   f0 0f c1 43 10 83 f8 01 75 3d 48 85 db 74 38 48
0x00007ffb0d766467:   8b 0b 48 85 c9 74 0d ff 15 34 0e 00 00 48 c7 03
0x00007ffb0d766477:   00 00 00 00 48 8b 4b 08 48 85 c9 74 0d e8 b3 cd
0x00007ffb0d766487:   ff ff 48 c7 43 08 00 00 00 00 ba 18 00 00 00 48
0x00007ffb0d766497:   8b cb e8 9e cd ff ff 48 c7 05 5f 36 01 00 00 00
0x00007ffb0d7664a7:   00 00 48 83 c4 20 5b c3 cc 40 53 48 83 ec 20 48 


Stack slot to memory mapping:
stack at sp + 0 slots: 0x0 is NULL
stack at sp + 1 slots: 0x00000131428f2760 points into unknown readable memory: 0x7010d14e311dd15d | 5d d1 1d 31 4e d1 10 70
stack at sp + 2 slots: 0x00007ffac8b372a0 jvm.dll
stack at sp + 3 slots: 0x00007ffb0d763cf0 glass.dll
stack at sp + 4 slots: 0x00000131428f2768 points into unknown readable memory: 0x0000d14eceebcbb1 | b1 cb eb ce 4e d1 00 00
stack at sp + 5 slots: 0x00007ffb3d8542d6 ucrtbase.dll
stack at sp + 6 slots: 0x0000d14eceebcbb1 is an unknown value
stack at sp + 7 slots: 0x0000013100000000 is an unknown value

VM_Operation (0x0000002a96eff490): Exit, mode: safepoint, requested by thread 0x0000013142867280


---------------  P R O C E S S  ---------------

Threads class SMR info:
_java_thread_list=0x000001314a4fe240, length=22, elements={
0x0000013118593ab0, 0x000001313d9a6440, 0x000001313d9a73d0, 0x000001313d9ad800,
0x000001313d9afd90, 0x000001313d9b0ad0, 0x000001313d9b15a0, 0x000001313d9b23a0,
0x000001313d9b5660, 0x000001313d9bb350, 0x0000013141cca890, 0x0000013141f47f90,
0x0000013141e09720, 0x00000131429de010, 0x000001314286c700, 0x000001314286cc40,
0x0000013142866290, 0x0000013142864800, 0x00000131428652a0, 0x00000131428667e0,
0x00000131428642b0, 0x0000013142867280
}

Java Threads: ( => current thread )
  0x0000013118593ab0 JavaThread "main" [_thread_blocked, id=19064, stack(0x0000002a97100000,0x0000002a97200000)]
  0x000001313d9a6440 JavaThread "Reference Handler" daemon [_thread_blocked, id=20212, stack(0x0000002a97800000,0x0000002a97900000)]
  0x000001313d9a73d0 JavaThread "Finalizer" daemon [_thread_blocked, id=7816, stack(0x0000002a97900000,0x0000002a97a00000)]
  0x000001313d9ad800 JavaThread "Signal Dispatcher" daemon [_thread_blocked, id=19184, stack(0x0000002a97a00000,0x0000002a97b00000)]
  0x000001313d9afd90 JavaThread "Attach Listener" daemon [_thread_blocked, id=16904, stack(0x0000002a97b00000,0x0000002a97c00000)]
  0x000001313d9b0ad0 JavaThread "Service Thread" daemon [_thread_blocked, id=6656, stack(0x0000002a97c00000,0x0000002a97d00000)]
  0x000001313d9b15a0 JavaThread "Monitor Deflation Thread" daemon [_thread_blocked, id=13080, stack(0x0000002a97d00000,0x0000002a97e00000)]
  0x000001313d9b23a0 JavaThread "C2 CompilerThread0" daemon [_thread_blocked, id=5212, stack(0x0000002a97e00000,0x0000002a97f00000)]
  0x000001313d9b5660 JavaThread "C1 CompilerThread0" daemon [_thread_blocked, id=20136, stack(0x0000002a97f00000,0x0000002a98000000)]
  0x000001313d9bb350 JavaThread "Sweeper thread" daemon [_thread_blocked, id=17972, stack(0x0000002a98000000,0x0000002a98100000)]
  0x0000013141cca890 JavaThread "Common-Cleaner" daemon [_thread_blocked, id=17276, stack(0x0000002a98100000,0x0000002a98200000)]
  0x0000013141f47f90 JavaThread "JDWP Event Helper Thread" daemon [_thread_blocked, id=9604, stack(0x0000002a98500000,0x0000002a98600000)]
  0x0000013141e09720 JavaThread "Notification Thread" daemon [_thread_blocked, id=3880, stack(0x0000002a98700000,0x0000002a98800000)]
  0x00000131429de010 JavaThread "QuantumRenderer-0" daemon [_thread_blocked, id=9540, stack(0x0000002a98900000,0x0000002a98a00000)]
  0x000001314286c700 JavaThread "InvokeLaterDispatcher" daemon [_thread_blocked, id=18076, stack(0x0000002a98b00000,0x0000002a98c00000)]
  0x000001314286cc40 JavaThread "JavaFX Application Thread" [_thread_blocked, id=5048, stack(0x0000002a98c00000,0x0000002a98d00000)]
  0x0000013142866290 JavaThread "Thread-1" daemon [_thread_in_native, id=18128, stack(0x0000002a98300000,0x0000002a98400000)]
  0x0000013142864800 JavaThread "JavaFX-Launcher" [_thread_blocked, id=5088, stack(0x0000002a98d00000,0x0000002a98e00000)]
  0x00000131428652a0 JavaThread "Prism Font Disposer" daemon [_thread_blocked, id=16524, stack(0x0000002a99900000,0x0000002a99a00000)]
  0x00000131428667e0 JavaThread "Cleaner-0" daemon [_thread_blocked, id=20088, stack(0x0000002a99a00000,0x0000002a99b00000)]
  0x00000131428642b0 JavaThread "mysql-cj-abandoned-connection-cleanup" daemon [_thread_blocked, id=19884, stack(0x0000002a99b10000,0x0000002a99c10000)]
  0x0000013142867280 JavaThread "SIGINT handler" daemon [_thread_blocked, id=17296, stack(0x0000002a96e00000,0x0000002a96f00000)]

Other Threads:
=>0x000001313d9898e0 VMThread "VM Thread" [stack: 0x0000002a97700000,0x0000002a97800000] [id=18804]
  0x00000131185acd90 WorkerThread "GC Thread#0" [stack: 0x0000002a97200000,0x0000002a97300000] [id=18520]
  0x0000013142bd3e00 WorkerThread "GC Thread#1" [stack: 0x0000002a98e00000,0x0000002a98f00000] [id=18880]
  0x0000013142bd4940 WorkerThread "GC Thread#2" [stack: 0x0000002a98f00000,0x0000002a99000000] [id=10288]
  0x0000013142bd3860 WorkerThread "GC Thread#3" [stack: 0x0000002a99000000,0x0000002a99100000] [id=12536]
  0x0000013142bd4670 WorkerThread "GC Thread#4" [stack: 0x0000002a99100000,0x0000002a99200000] [id=18100]
  0x0000013142bd2ff0 WorkerThread "GC Thread#5" [stack: 0x0000002a99200000,0x0000002a99300000] [id=19676]
  0x0000013142bd32c0 WorkerThread "GC Thread#6" [stack: 0x0000002a99300000,0x0000002a99400000] [id=20108]
  0x0000013142bd3590 WorkerThread "GC Thread#7" [stack: 0x0000002a99400000,0x0000002a99500000] [id=17908]
  0x0000013118614ed0 ConcurrentGCThread "G1 Main Marker" terminated
  0x00000131186160a0 WorkerThread "G1 Conc#0" [stack: 0x0000002a97400000,0x0000002a97500000] [id=3012]
  0x0000013142ed6190 WorkerThread "G1 Conc#1" [stack: 0x0000002a99d10000,0x0000002a99e10000] [id=11224]
  0x000001311865e760 ConcurrentGCThread "G1 Refine#0" terminated
  0x000001313d849460 ConcurrentGCThread "G1 Service" terminated

Threads with active compile tasks:

VM state: at safepoint (shutting down)

VM Mutex/Monitor currently owned by a thread:  ([mutex/lock_event])
[0x000001311858d480] Threads_lock - owner thread: 0x000001313d9898e0
[0x000001311858da20] Heap_lock - owner thread: 0x0000013142867280

Heap address: 0x0000000700c00000, size: 4084 MB, Compressed Oops mode: Zero based, Oop shift amount: 3

CDS archive(s) mapped at: [0x0000000800000000-0x0000000800c40000-0x0000000800c40000), size 12845056, SharedBaseAddress: 0x0000000800000000, ArchiveRelocationMode: 0.
Compressed class space mapped at: 0x0000000801000000-0x0000000841000000, reserved size: 1073741824
Narrow klass base: 0x0000000800000000, Narrow klass shift: 0, Narrow klass range: 0x100000000

GC Precious Log:
 CardTable entry size: 512
 Card Set container configuration: InlinePtr #cards 4 size 8 Array Of Cards #cards 16 size 48 Howl #buckets 8 coarsen threshold 3686 Howl Bitmap #cards 512 size 80 coarsen threshold 460 Card regions per heap region 1 cards per card region 4096
 CPUs: 8 total, 8 available
 Memory: 16330M
 Large Page Support: Disabled
 NUMA Support: Disabled
 Compressed Oops: Enabled (Zero based)
 Heap Region Size: 2M
 Heap Min Capacity: 8M
 Heap Initial Capacity: 256M
 Heap Max Capacity: 4084M
 Pre-touch: Disabled
 Parallel Workers: 8
 Concurrent Workers: 2
 Concurrent Refinement Workers: 8
 Periodic GC: Disabled

Heap:
 garbage-first heap   total 69632K, used 28416K [0x0000000700c00000, 0x0000000800000000)
  region size 2048K, 12 young (24576K), 5 survivors (10240K)
 Metaspace       used 24324K, committed 24704K, reserved 1114112K
  class space    used 3211K, committed 3392K, reserved 1048576K

Heap Regions: E=young(eden), S=young(survivor), O=old, HS=humongous(starts), HC=humongous(continues), CS=collection set, F=free, OA=open archive, CA=closed archive, TAMS=top-at-mark-start (previous, next)
|   0|0x0000000700c00000, 0x0000000700e00000, 0x0000000700e00000|100%|HS|  |TAMS 0x0000000700e00000, 0x0000000700c00000| Complete 
|   1|0x0000000700e00000, 0x0000000701000000, 0x0000000701000000|100%|HS|  |TAMS 0x0000000701000000, 0x0000000700e00000| Complete 
|   2|0x0000000701000000, 0x0000000701008a00, 0x0000000701200000|  1%| O|  |TAMS 0x0000000701008a00, 0x0000000701000000| Complete 
|   3|0x0000000701200000, 0x0000000701400000, 0x0000000701400000|100%|HS|  |TAMS 0x0000000701400000, 0x0000000701200000| Complete 
|   4|0x0000000701400000, 0x0000000701400000, 0x0000000701600000|  0%| F|  |TAMS 0x0000000701400000, 0x0000000701400000| Untracked 
|   5|0x0000000701600000, 0x0000000701600000, 0x0000000701800000|  0%| F|  |TAMS 0x0000000701600000, 0x0000000701600000| Untracked 
|   6|0x0000000701800000, 0x0000000701800000, 0x0000000701a00000|  0%| F|  |TAMS 0x0000000701800000, 0x0000000701800000| Untracked 
|   7|0x0000000701a00000, 0x0000000701a00000, 0x0000000701c00000|  0%| F|  |TAMS 0x0000000701a00000, 0x0000000701a00000| Untracked 
|   8|0x0000000701c00000, 0x0000000701c00000, 0x0000000701e00000|  0%| F|  |TAMS 0x0000000701c00000, 0x0000000701c00000| Untracked 
|   9|0x0000000701e00000, 0x0000000701e00000, 0x0000000702000000|  0%| F|  |TAMS 0x0000000701e00000, 0x0000000701e00000| Untracked 
|  10|0x0000000702000000, 0x0000000702000000, 0x0000000702200000|  0%| F|  |TAMS 0x0000000702000000, 0x0000000702000000| Untracked 
|  11|0x0000000702200000, 0x0000000702200000, 0x0000000702400000|  0%| F|  |TAMS 0x0000000702200000, 0x0000000702200000| Untracked 
|  12|0x0000000702400000, 0x0000000702400000, 0x0000000702600000|  0%| F|  |TAMS 0x0000000702400000, 0x0000000702400000| Untracked 
|  13|0x0000000702600000, 0x0000000702600000, 0x0000000702800000|  0%| F|  |TAMS 0x0000000702600000, 0x0000000702600000| Untracked 
|  14|0x0000000702800000, 0x0000000702800000, 0x0000000702a00000|  0%| F|  |TAMS 0x0000000702800000, 0x0000000702800000| Untracked 
|  15|0x0000000702a00000, 0x0000000702a00000, 0x0000000702c00000|  0%| F|  |TAMS 0x0000000702a00000, 0x0000000702a00000| Untracked 
|  16|0x0000000702c00000, 0x0000000702c00000, 0x0000000702e00000|  0%| F|  |TAMS 0x0000000702c00000, 0x0000000702c00000| Untracked 
|  17|0x0000000702e00000, 0x0000000702e00000, 0x0000000703000000|  0%| F|  |TAMS 0x0000000702e00000, 0x0000000702e00000| Untracked 
|  18|0x0000000703000000, 0x0000000703000000, 0x0000000703200000|  0%| F|  |TAMS 0x0000000703000000, 0x0000000703000000| Untracked 
|  19|0x0000000703200000, 0x0000000703200000, 0x0000000703400000|  0%| F|  |TAMS 0x0000000703200000, 0x0000000703200000| Untracked 
|  20|0x0000000703400000, 0x0000000703400000, 0x0000000703600000|  0%| F|  |TAMS 0x0000000703400000, 0x0000000703400000| Untracked 
|  21|0x0000000703600000, 0x0000000703600000, 0x0000000703800000|  0%| F|  |TAMS 0x0000000703600000, 0x0000000703600000| Untracked 
|  22|0x0000000703800000, 0x000000070383acc8, 0x0000000703a00000| 11%| E|  |TAMS 0x0000000703800000, 0x0000000703800000| Complete 
|  23|0x0000000703a00000, 0x0000000703c00000, 0x0000000703c00000|100%| E|CS|TAMS 0x0000000703a00000, 0x0000000703a00000| Complete 
|  24|0x0000000703c00000, 0x0000000703e00000, 0x0000000703e00000|100%| E|CS|TAMS 0x0000000703c00000, 0x0000000703c00000| Complete 
|  25|0x0000000703e00000, 0x0000000704000000, 0x0000000704000000|100%| E|CS|TAMS 0x0000000703e00000, 0x0000000703e00000| Complete 
|  26|0x0000000704000000, 0x0000000704200000, 0x0000000704200000|100%| E|CS|TAMS 0x0000000704000000, 0x0000000704000000| Complete 
|  27|0x0000000704200000, 0x0000000704400000, 0x0000000704400000|100%| E|CS|TAMS 0x0000000704200000, 0x0000000704200000| Complete 
| 111|0x000000070ea00000, 0x000000070ebb78b8, 0x000000070ec00000| 85%| S|CS|TAMS 0x000000070ea00000, 0x000000070ea00000| Complete 
| 112|0x000000070ec00000, 0x000000070ee00000, 0x000000070ee00000|100%| S|CS|TAMS 0x000000070ec00000, 0x000000070ec00000| Complete 
| 113|0x000000070ee00000, 0x000000070f000000, 0x000000070f000000|100%| S|CS|TAMS 0x000000070ee00000, 0x000000070ee00000| Complete 
| 114|0x000000070f000000, 0x000000070f200000, 0x000000070f200000|100%| S|CS|TAMS 0x000000070f000000, 0x000000070f000000| Complete 
| 115|0x000000070f200000, 0x000000070f400000, 0x000000070f400000|100%| S|CS|TAMS 0x000000070f200000, 0x000000070f200000| Complete 
| 127|0x0000000710a00000, 0x0000000710c00000, 0x0000000710c00000|100%| E|CS|TAMS 0x0000000710a00000, 0x0000000710a00000| Complete 

Card table byte_map: [0x0000013131f40000,0x0000013132740000] _byte_map_base: 0x000001312e73a000

Marking Bits (Prev, Next): (CMBitMap*) 0x0000013118604500, (CMBitMap*) 0x00000131186044c0
 Prev Bits: [0x0000013136f10000, 0x000001313aee0000)
 Next Bits: [0x0000013132f40000, 0x0000013136f10000)

Polling page: 0x0000013118660000

Metaspace:

Usage:
  Non-class:     20.62 MB used.
      Class:      3.14 MB used.
       Both:     23.75 MB used.

Virtual space:
  Non-class space:       64.00 MB reserved,      20.81 MB ( 33%) committed,  1 nodes.
      Class space:        1.00 GB reserved,       3.31 MB ( <1%) committed,  1 nodes.
             Both:        1.06 GB reserved,      24.12 MB (  2%) committed. 

Chunk freelists:
   Non-Class:  2.38 MB
       Class:  610.00 KB
        Both:  2.97 MB

MaxMetaspaceSize: unlimited
CompressedClassSpaceSize: 1.00 GB
Initial GC threshold: 21.00 MB
Current GC threshold: 35.12 MB
CDS: on
MetaspaceReclaimPolicy: balanced
 - commit_granule_bytes: 65536.
 - commit_granule_words: 8192.
 - virtual_space_node_default_size: 8388608.
 - enlarge_chunks_in_place: 1.
 - new_chunks_are_fully_committed: 0.
 - uncommit_free_chunks: 1.
 - use_allocation_guard: 0.


Internal statistics:

num_allocs_failed_limit: 3.
num_arena_births: 468.
num_arena_deaths: 0.
num_vsnodes_births: 2.
num_vsnodes_deaths: 0.
num_space_committed: 386.
num_space_uncommitted: 0.
num_chunks_returned_to_freelist: 3.
num_chunks_taken_from_freelist: 1115.
num_chunk_merges: 0.
num_chunk_splits: 792.
num_chunks_enlarged: 591.
num_inconsistent_stats: 0.

CodeHeap 'non-profiled nmethods': size=120000Kb used=1395Kb max_used=1395Kb free=118604Kb
 bounds [0x00000131297b0000, 0x0000013129a20000, 0x0000013130ce0000]
CodeHeap 'profiled nmethods': size=120000Kb used=6140Kb max_used=6140Kb free=113859Kb
 bounds [0x0000013121ce0000, 0x00000131222e0000, 0x0000013129210000]
CodeHeap 'non-nmethods': size=5760Kb used=1669Kb max_used=1687Kb free=4090Kb
 bounds [0x0000013129210000, 0x0000013129480000, 0x00000131297b0000]
 total_blobs=4144 nmethods=3242 adapters=811
 compilation: enabled
              stopped_count=0, restarted_count=0
 full_count=0

Compilation events (20 events):
Event: 9.348 Thread 0x000001313d9b23a0 3224       4       java.util.ImmutableCollections$ListN::size (6 bytes)
Event: 9.349 Thread 0x000001313d9b23a0 nmethod 3224 0x0000013129909b10 code [0x0000013129909ca0, 0x0000013129909d38]
Event: 9.350 Thread 0x000001313d9b5660 3232       3       java.lang.invoke.InvokerBytecodeGenerator::<init> (80 bytes)
Event: 9.351 Thread 0x000001313d9b5660 nmethod 3232 0x00000131222dc910 code [0x00000131222dcae0, 0x00000131222dcec8]
Event: 9.353 Thread 0x000001313d9b5660 3233       3       java.lang.invoke.BoundMethodHandle::bindArgumentL (11 bytes)
Event: 9.353 Thread 0x000001313d9b5660 nmethod 3233 0x00000131222dd190 code [0x00000131222dd380, 0x00000131222dd878]
Event: 9.353 Thread 0x000001313d9b5660 3234       3       jdk.internal.org.objectweb.asm.Frame::push (109 bytes)
Event: 9.353 Thread 0x000001313d9b5660 nmethod 3234 0x00000131222dda90 code [0x00000131222ddc60, 0x00000131222de208]
Event: 9.358 Thread 0x000001313d9b5660 3237       3       jdk.internal.math.FloatToDecimal::appendDigit (22 bytes)
Event: 9.358 Thread 0x000001313d9b5660 nmethod 3237 0x00000131222de410 code [0x00000131222de5a0, 0x00000131222de6d8]
Event: 9.359 Thread 0x000001313d9b5660 3238       3       javafx.scene.Node::getId (22 bytes)
Event: 9.359 Thread 0x000001313d9b5660 nmethod 3238 0x00000131222de790 code [0x00000131222de940, 0x00000131222dec68]
Event: 9.362 Thread 0x000001313d9b5660 3239       3       jdk.internal.math.DoubleToDecimal::appendDigit (22 bytes)
Event: 9.362 Thread 0x000001313d9b5660 nmethod 3239 0x00000131222ded90 code [0x00000131222def20, 0x00000131222df058]
Event: 9.364 Thread 0x000001313d9b23a0 3242       4       jdk.internal.org.objectweb.asm.MethodWriter::visitVarInsn (302 bytes)
Event: 9.369 Thread 0x000001313d9b23a0 nmethod 3242 0x000001312990b610 code [0x000001312990b7e0, 0x000001312990bef0]
Event: 130.794 Thread 0x000001313d9b23a0 3243       4       com.sun.javafx.tk.quantum.QuantumToolkit::postPulse (133 bytes)
Event: 130.796 Thread 0x000001313d9b23a0 nmethod 3243 0x000001312990c410 code [0x000001312990c5a0, 0x000001312990c738]
Event: 130.797 Thread 0x000001313d9b23a0 3244       4       com.sun.javafx.tk.quantum.QuantumToolkit$$Lambda$79/0x000000080103b640::run (8 bytes)
Event: 130.798 Thread 0x000001313d9b23a0 nmethod 3244 0x000001312990c910 code [0x000001312990caa0, 0x000001312990cc78]

GC Heap History (6 events):
Event: 0.777 GC heap before
{Heap before GC invocations=0 (full 0):
 garbage-first heap   total 262144K, used 20480K [0x0000000700c00000, 0x0000000800000000)
  region size 2048K, 11 young (22528K), 0 survivors (0K)
 Metaspace       used 4697K, committed 4928K, reserved 1114112K
  class space    used 477K, committed 576K, reserved 1048576K
}
Event: 0.780 GC heap after
{Heap after GC invocations=1 (full 0):
 garbage-first heap   total 262144K, used 2602K [0x0000000700c00000, 0x0000000800000000)
  region size 2048K, 2 young (4096K), 2 survivors (4096K)
 Metaspace       used 4697K, committed 4928K, reserved 1114112K
  class space    used 477K, committed 576K, reserved 1048576K
}
Event: 1.914 GC heap before
{Heap before GC invocations=1 (full 0):
 garbage-first heap   total 262144K, used 43562K [0x0000000700c00000, 0x0000000800000000)
  region size 2048K, 21 young (43008K), 2 survivors (4096K)
 Metaspace       used 14313K, committed 14656K, reserved 1114112K
  class space    used 2116K, committed 2304K, reserved 1048576K
}
Event: 1.919 GC heap after
{Heap after GC invocations=2 (full 0):
 garbage-first heap   total 262144K, used 8226K [0x0000000700c00000, 0x0000000800000000)
  region size 2048K, 3 young (6144K), 3 survivors (6144K)
 Metaspace       used 14313K, committed 14656K, reserved 1114112K
  class space    used 2116K, committed 2304K, reserved 1048576K
}
Event: 4.959 GC heap before
{Heap before GC invocations=2 (full 0):
 garbage-first heap   total 262144K, used 34850K [0x0000000700c00000, 0x0000000800000000)
  region size 2048K, 15 young (30720K), 3 survivors (6144K)
 Metaspace       used 21159K, committed 21504K, reserved 1114112K
  class space    used 2814K, committed 2944K, reserved 1048576K
}
Event: 4.965 GC heap after
{Heap after GC invocations=3 (full 0):
 garbage-first heap   total 262144K, used 16128K [0x0000000700c00000, 0x0000000800000000)
  region size 2048K, 5 young (10240K), 5 survivors (10240K)
 Metaspace       used 21159K, committed 21504K, reserved 1114112K
  class space    used 2814K, committed 2944K, reserved 1048576K
}

Dll operation events (20 events):
Event: 0.457 Loaded shared library C:\Users\zheck\.openjfx\cache\19+11\amd64\api-ms-win-crt-math-l1-1-0.dll
Event: 0.460 Loaded shared library C:\Users\zheck\.openjfx\cache\19+11\amd64\api-ms-win-crt-multibyte-l1-1-0.dll
Event: 0.464 Loaded shared library C:\Users\zheck\.openjfx\cache\19+11\amd64\api-ms-win-crt-private-l1-1-0.dll
Event: 0.467 Loaded shared library C:\Users\zheck\.openjfx\cache\19+11\amd64\api-ms-win-crt-process-l1-1-0.dll
Event: 0.471 Loaded shared library C:\Users\zheck\.openjfx\cache\19+11\amd64\api-ms-win-crt-runtime-l1-1-0.dll
Event: 0.473 Loaded shared library C:\Users\zheck\.openjfx\cache\19+11\amd64\api-ms-win-crt-stdio-l1-1-0.dll
Event: 0.476 Loaded shared library C:\Users\zheck\.openjfx\cache\19+11\amd64\api-ms-win-crt-string-l1-1-0.dll
Event: 0.479 Loaded shared library C:\Users\zheck\.openjfx\cache\19+11\amd64\api-ms-win-crt-time-l1-1-0.dll
Event: 0.482 Loaded shared library C:\Users\zheck\.openjfx\cache\19+11\amd64\api-ms-win-crt-utility-l1-1-0.dll
Event: 0.498 Loaded shared library C:\Users\zheck\.openjfx\cache\19+11\amd64\ucrtbase.dll
Event: 0.503 Loaded shared library C:\Users\zheck\.openjfx\cache\19+11\amd64\vcruntime140.dll
Event: 0.506 Loaded shared library C:\Users\zheck\.openjfx\cache\19+11\amd64\vcruntime140_1.dll
Event: 0.515 Loaded shared library C:\Users\zheck\.openjfx\cache\19+11\amd64\msvcp140.dll
Event: 0.518 Loaded shared library C:\Users\zheck\.openjfx\cache\19+11\amd64\msvcp140_1.dll
Event: 0.523 Loaded shared library C:\Users\zheck\.openjfx\cache\19+11\amd64\msvcp140_2.dll
Event: 0.565 Loaded shared library C:\Users\zheck\.openjfx\cache\19+11\amd64\prism_d3d.dll
Event: 0.630 Loaded shared library C:\Users\zheck\.openjfx\cache\19+11\amd64\glass.dll
Event: 0.814 Loaded shared library C:\Program Files\Java\jdk-19\bin\jimage.dll
Event: 1.069 Loaded shared library C:\Users\zheck\.openjfx\cache\19+11\amd64\javafx_font.dll
Event: 4.957 Loaded shared library C:\Program Files\Java\jdk-19\bin\sunmscapi.dll

Deoptimization events (20 events):
Event: 4.788 Thread 0x000001314286cc40 DEOPT PACKING pc=0x00000131298e6e90 sp=0x0000002a98cf7180
Event: 4.788 Thread 0x000001314286cc40 DEOPT UNPACKING pc=0x0000013129276da3 sp=0x0000002a98cf7118 mode 2
Event: 4.870 Thread 0x000001314286cc40 Uncommon trap: trap_request=0xffffff45 fr.pc=0x00000131297e997c relative=0x00000000000000dc
Event: 4.870 Thread 0x000001314286cc40 Uncommon trap: reason=unstable_if action=reinterpret pc=0x00000131297e997c method=jdk.internal.misc.Unsafe.convEndian(ZI)I @ 4 c2
Event: 4.870 Thread 0x000001314286cc40 DEOPT PACKING pc=0x00000131297e997c sp=0x0000002a98cf8410
Event: 4.871 Thread 0x000001314286cc40 DEOPT UNPACKING pc=0x0000013129276da3 sp=0x0000002a98cf82c8 mode 2
Event: 5.231 Thread 0x000001314286cc40 Uncommon trap: trap_request=0xffffffde fr.pc=0x00000131298e01f0 relative=0x00000000000003b0
Event: 5.231 Thread 0x000001314286cc40 Uncommon trap: reason=class_check action=maybe_recompile pc=0x00000131298e01f0 method=java.util.HashMap.putVal(ILjava/lang/Object;Ljava/lang/Object;ZZ)Ljava/lang/Object; @ 253 c2
Event: 5.231 Thread 0x000001314286cc40 DEOPT PACKING pc=0x00000131298e01f0 sp=0x0000002a98cf9380
Event: 5.231 Thread 0x000001314286cc40 DEOPT UNPACKING pc=0x0000013129276da3 sp=0x0000002a98cf9340 mode 2
Event: 5.231 Thread 0x000001314286cc40 Uncommon trap: trap_request=0xffffffde fr.pc=0x00000131298e01f0 relative=0x00000000000003b0
Event: 5.231 Thread 0x000001314286cc40 Uncommon trap: reason=class_check action=maybe_recompile pc=0x00000131298e01f0 method=java.util.HashMap.putVal(ILjava/lang/Object;Ljava/lang/Object;ZZ)Ljava/lang/Object; @ 253 c2
Event: 5.231 Thread 0x000001314286cc40 DEOPT PACKING pc=0x00000131298e01f0 sp=0x0000002a98cf9380
Event: 5.231 Thread 0x000001314286cc40 DEOPT UNPACKING pc=0x0000013129276da3 sp=0x0000002a98cf9340 mode 2
Event: 9.350 Thread 0x000001314286cc40 Uncommon trap: trap_request=0xffffff45 fr.pc=0x0000013129906668 relative=0x0000000000000248
Event: 9.350 Thread 0x000001314286cc40 Uncommon trap: reason=unstable_if action=reinterpret pc=0x0000013129906668 method=jdk.internal.org.objectweb.asm.Frame.push(I)V @ 26 c2
Event: 9.350 Thread 0x000001314286cc40 DEOPT PACKING pc=0x0000013129906668 sp=0x0000002a98cf8210
Event: 9.350 Thread 0x000001314286cc40 DEOPT UNPACKING pc=0x0000013129276da3 sp=0x0000002a98cf81b8 mode 2
Event: 130.822 Thread 0x00000131428657f0 DEOPT PACKING pc=0x0000013121e9294c sp=0x0000002a970ff5c0
Event: 130.822 Thread 0x00000131428657f0 DEOPT UNPACKING pc=0x0000013129277543 sp=0x0000002a970fea20 mode 1

Classes loaded (20 events):
Event: 5.321 Loading class com/mysql/cj/result/OffsetDateTimeValueFactory
Event: 5.321 Loading class com/mysql/cj/result/OffsetDateTimeValueFactory done
Event: 5.322 Loading class com/mysql/cj/result/ZonedDateTimeValueFactory
Event: 5.322 Loading class com/mysql/cj/result/ZonedDateTimeValueFactory done
Event: 5.322 Loading class com/mysql/cj/protocol/a/result/ResultsetRowsCursor
Event: 5.322 Loading class com/mysql/cj/protocol/a/result/ResultsetRowsCursor done
Event: 9.345 Loading class java/lang/invoke/BoundMethodHandle$Species_LLLLLL
Event: 9.345 Loading class java/lang/invoke/BoundMethodHandle$Species_LLLLLL done
Event: 9.346 Loading class java/lang/invoke/BoundMethodHandle$Species_LLLLLLL
Event: 9.346 Loading class java/lang/invoke/BoundMethodHandle$Species_LLLLLLL done
Event: 9.347 Loading class java/lang/invoke/BoundMethodHandle$Species_LLLLLLLL
Event: 9.347 Loading class java/lang/invoke/BoundMethodHandle$Species_LLLLLLLL done
Event: 9.349 Loading class java/lang/invoke/BoundMethodHandle$Species_LLLLLLLLL
Event: 9.349 Loading class java/lang/invoke/BoundMethodHandle$Species_LLLLLLLLL done
Event: 130.820 Loading class jdk/internal/misc/Signal$1
Event: 130.820 Loading class jdk/internal/misc/Signal$1 done
Event: 130.821 Loading class com/sun/javafx/tk/quantum/QuantumRenderer
Event: 130.821 Loading class com/sun/javafx/tk/quantum/QuantumRenderer done
Event: 130.822 Loading class com/sun/javafx/tk/quantum/QuantumToolkit
Event: 130.822 Loading class com/sun/javafx/tk/quantum/QuantumToolkit done

Classes unloaded (0 events):
No events

Classes redefined (0 events):
No events

Internal exceptions (20 events):
Event: 1.960 Thread 0x00000131429de010 Exception <a 'java/lang/NoSuchMethodError'{0x000000071081eab0}: 'int java.lang.invoke.DirectMethodHandle$Holder.invokeStaticInit(java.lang.Object, java.lang.Object)'> (0x000000071081eab0) 
thrown [s\open\src\hotspot\share\interpreter\linkResolver.cpp, line 774]
Event: 1.971 Thread 0x000001314286cc40 Exception <a 'java/lang/NoSuchMethodError'{0x0000000710ba0208}: 'long java.lang.invoke.DirectMethodHandle$Holder.invokeStatic(java.lang.Object, java.lang.Object, java.lang.Object)'> (0x0000000710ba0208) 
thrown [s\open\src\hotspot\share\interpreter\linkResolver.cpp, line 774]
Event: 1.972 Thread 0x000001314286cc40 Exception <a 'java/lang/NoSuchMethodError'{0x0000000710ba3880}: 'long java.lang.invoke.DirectMethodHandle$Holder.invokeStaticInit(java.lang.Object, java.lang.Object, java.lang.Object)'> (0x0000000710ba3880) 
thrown [s\open\src\hotspot\share\interpreter\linkResolver.cpp, line 774]
Event: 1.979 Thread 0x000001314286cc40 Exception <a 'java/lang/NoSuchMethodError'{0x0000000710909e20}: 'java.lang.Object java.lang.invoke.DirectMethodHandle$Holder.newInvokeSpecial(java.lang.Object, java.lang.Object, long)'> (0x0000000710909e20) 
thrown [s\open\src\hotspot\share\interpreter\linkResolver.cpp, line 774]
Event: 1.980 Thread 0x000001314286cc40 Exception <a 'java/lang/NoSuchMethodError'{0x000000071090d9a8}: 'java.lang.Object java.lang.invoke.Invokers$Holder.linkToTargetMethod(java.lang.Object, long, java.lang.Object)'> (0x000000071090d9a8) 
thrown [s\open\src\hotspot\share\interpreter\linkResolver.cpp, line 774]
Event: 4.504 Thread 0x000001314286cc40 Exception <a 'sun/nio/fs/WindowsException'{0x0000000710113528}> (0x0000000710113528) 
thrown [s\open\src\hotspot\share\prims\jni.cpp, line 517]
Event: 4.533 Thread 0x000001314286cc40 Exception <a 'java/lang/NoSuchMethodError'{0x000000070fe84348}: 'java.lang.Object java.lang.invoke.DirectMethodHandle$Holder.invokeInterface(java.lang.Object, java.lang.Object)'> (0x000000070fe84348) 
thrown [s\open\src\hotspot\share\interpreter\linkResolver.cpp, line 774]
Event: 4.540 Thread 0x000001314286cc40 Exception <a 'sun/nio/fs/WindowsException'{0x000000070fe9c5d0}> (0x000000070fe9c5d0) 
thrown [s\open\src\hotspot\share\prims\jni.cpp, line 517]
Event: 4.542 Thread 0x000001314286cc40 Exception <a 'sun/nio/fs/WindowsException'{0x000000070fea2588}> (0x000000070fea2588) 
thrown [s\open\src\hotspot\share\prims\jni.cpp, line 517]
Event: 4.550 Thread 0x000001314286cc40 Exception <a 'sun/nio/fs/WindowsException'{0x000000070fefcc30}> (0x000000070fefcc30) 
thrown [s\open\src\hotspot\share\prims\jni.cpp, line 517]
Event: 4.551 Thread 0x000001314286cc40 Exception <a 'sun/nio/fs/WindowsException'{0x000000070feff250}> (0x000000070feff250) 
thrown [s\open\src\hotspot\share\prims\jni.cpp, line 517]
Event: 4.562 Thread 0x000001314286cc40 Exception <a 'java/lang/NoSuchMethodError'{0x000000070ff19a50}: 'java.lang.Object java.lang.invoke.DirectMethodHandle$Holder.invokeVirtual(java.lang.Object, java.lang.Object, java.lang.Object)'> (0x000000070ff19a50) 
thrown [s\open\src\hotspot\share\interpreter\linkResolver.cpp, line 774]
Event: 4.634 Thread 0x000001314286cc40 Exception <a 'sun/nio/fs/WindowsException'{0x000000070fae3eb8}> (0x000000070fae3eb8) 
thrown [s\open\src\hotspot\share\prims\jni.cpp, line 517]
Event: 4.648 Thread 0x000001314286cc40 Exception <a 'java/lang/ClassNotFoundException'{0x000000070fb12778}: jdk/net/ExtendedSocketOptions> (0x000000070fb12778) 
thrown [s\open\src\hotspot\share\classfile\systemDictionary.cpp, line 255]
Event: 4.748 Thread 0x000001314286cc40 Exception <a 'sun/nio/fs/WindowsException'{0x000000070f652da0}> (0x000000070f652da0) 
thrown [s\open\src\hotspot\share\prims\jni.cpp, line 517]
Event: 4.804 Thread 0x000001314286cc40 Exception <a 'sun/nio/fs/WindowsException'{0x000000070f7d2688}> (0x000000070f7d2688) 
thrown [s\open\src\hotspot\share\prims\jni.cpp, line 517]
Event: 4.814 Thread 0x000001314286cc40 Exception <a 'sun/nio/fs/WindowsException'{0x000000070f7f4530}> (0x000000070f7f4530) 
thrown [s\open\src\hotspot\share\prims\jni.cpp, line 517]
Event: 4.866 Thread 0x000001314286cc40 Exception <a 'java/lang/NoSuchMethodError'{0x000000070f4fe660}: 'java.lang.Object java.lang.invoke.DirectMethodHandle$Holder.invokeStaticInit(java.lang.Object, int, int, int, int)'> (0x000000070f4fe660) 
thrown [s\open\src\hotspot\share\interpreter\linkResolver.cpp, line 774]
Event: 4.906 Thread 0x000001314286cc40 Exception <a 'java/lang/NoSuchMethodError'{0x000000070f532838}: 'java.lang.Object java.lang.invoke.DirectMethodHandle$Holder.invokeStaticInit(java.lang.Object, java.lang.Object, int, int, int, int)'> (0x000000070f532838) 
thrown [s\open\src\hotspot\share\interpreter\linkResolver.cpp, line 774]
Event: 9.363 Thread 0x000001314286cc40 Exception <a 'java/lang/NoSuchMethodError'{0x0000000703c45d78}: 'java.lang.Object java.lang.invoke.DirectMethodHandle$Holder.invokeSpecial(java.lang.Object, java.lang.Object, double, double)'> (0x0000000703c45d78) 
thrown [s\open\src\hotspot\share\interpreter\linkResolver.cpp, line 774]

VM Operations (20 events):
Event: 123.473 Executing VM operation: get/set locals done
Event: 128.851 Executing VM operation: ChangeSingleStep
Event: 128.851 Executing VM operation: ChangeSingleStep done
Event: 128.852 Executing VM operation: ChangeSingleStep
Event: 128.852 Executing VM operation: ChangeSingleStep done
Event: 128.856 Executing VM operation: get/set locals
Event: 128.856 Executing VM operation: get/set locals done
Event: 128.866 Executing VM operation: get/set locals
Event: 128.866 Executing VM operation: get/set locals done
Event: 130.793 Executing VM operation: ChangeBreakpoints
Event: 130.793 Executing VM operation: ChangeBreakpoints done
Event: 130.793 Executing VM operation: ChangeBreakpoints
Event: 130.793 Executing VM operation: ChangeBreakpoints done
Event: 130.793 Executing VM operation: ChangeBreakpoints
Event: 130.793 Executing VM operation: ChangeBreakpoints done
Event: 130.793 Executing VM operation: ChangeBreakpoints
Event: 130.793 Executing VM operation: ChangeBreakpoints done
Event: 130.793 Executing VM operation: ChangeBreakpoints
Event: 130.793 Executing VM operation: ChangeBreakpoints done
Event: 130.822 Executing VM operation: Exit

Events (20 events):
Event: 0.782 Thread 0x00000131429d6820 Thread added: 0x00000131429d6820
Event: 0.985 Thread 0x00000131429d6820 Thread exited: 0x00000131429d6820
Event: 1.094 Thread 0x0000013143003d60 Thread added: 0x0000013143003d60
Event: 1.747 Thread 0x00000131428652a0 Thread added: 0x00000131428652a0
Event: 2.008 Thread 0x00000131428667e0 Thread added: 0x00000131428667e0
Event: 2.202 Thread 0x0000013143003d60 Thread exited: 0x0000013143003d60
Event: 2.981 Thread 0x000001314a4bb970 Thread added: 0x000001314a4bb970
Event: 3.015 Thread 0x000001314325a500 Thread added: 0x000001314325a500
Event: 3.307 Thread 0x000001314325a500 Thread exited: 0x000001314325a500
Event: 3.669 Thread 0x000001314a4bb970 Thread exited: 0x000001314a4bb970
Event: 4.511 Thread 0x00000131428642b0 Thread added: 0x00000131428642b0
Event: 4.549 Thread 0x000001314a4bb970 Thread added: 0x000001314a4bb970
Event: 5.411 Thread 0x000001314a4bb970 Thread exited: 0x000001314a4bb970
Event: 130.793 Thread 0x0000013142526940 Thread exited: 0x0000013142526940
Event: 130.796 Thread 0x0000013141f47a40 Thread exited: 0x0000013141f47a40
Event: 130.820 Thread 0x0000013142867280 Thread added: 0x0000013142867280
Event: 130.821 Thread 0x0000013142866d30 Thread added: 0x0000013142866d30
Event: 130.821 Thread 0x00000131428657f0 Thread added: 0x00000131428657f0
Event: 130.821 Thread 0x0000013142866d30 Thread exited: 0x0000013142866d30
Event: 130.822 Thread 0x00000131428657f0 Thread exited: 0x00000131428657f0


Dynamic libraries:
0x00007ff696780000 - 0x00007ff696790000 	C:\Program Files\Java\jdk-19\bin\java.exe
0x00007ffb400b0000 - 0x00007ffb402a8000 	C:\Windows\SYSTEM32\ntdll.dll
0x00007ffb3fc70000 - 0x00007ffb3fd2f000 	C:\Windows\System32\KERNEL32.DLL
0x00007ffb3dbf0000 - 0x00007ffb3dec2000 	C:\Windows\System32\KERNELBASE.dll
0x00007ffb3d840000 - 0x00007ffb3d940000 	C:\Windows\System32\ucrtbase.dll
0x00007ffb0e0c0000 - 0x00007ffb0e0db000 	C:\Program Files\Java\jdk-19\bin\VCRUNTIME140.dll
0x00007ffb105c0000 - 0x00007ffb105d8000 	C:\Program Files\Java\jdk-19\bin\jli.dll
0x00007ffb3ebc0000 - 0x00007ffb3ec6e000 	C:\Windows\System32\ADVAPI32.dll
0x00007ffb3e3c0000 - 0x00007ffb3e45e000 	C:\Windows\System32\msvcrt.dll
0x00007ffb3f9a0000 - 0x00007ffb3fa3c000 	C:\Windows\System32\sechost.dll
0x00007ffb3e280000 - 0x00007ffb3e3a5000 	C:\Windows\System32\RPCRT4.dll
0x00007ffb3fac0000 - 0x00007ffb3fc61000 	C:\Windows\System32\USER32.dll
0x00007ffb3d810000 - 0x00007ffb3d832000 	C:\Windows\System32\win32u.dll
0x00007ffb3f730000 - 0x00007ffb3f75b000 	C:\Windows\System32\GDI32.dll
0x00007ffb3da40000 - 0x00007ffb3db4f000 	C:\Windows\System32\gdi32full.dll
0x00007ffb21520000 - 0x00007ffb217ba000 	C:\Windows\WinSxS\amd64_microsoft.windows.common-controls_6595b64144ccf1df_6.0.19041.1110_none_60b5254171f9507e\COMCTL32.dll
0x00007ffb3db50000 - 0x00007ffb3dbed000 	C:\Windows\System32\msvcp_win.dll
0x00007ffb35a90000 - 0x00007ffb35a9a000 	C:\Windows\SYSTEM32\VERSION.dll
0x00007ffb3f950000 - 0x00007ffb3f982000 	C:\Windows\System32\IMM32.DLL
0x00007ffb2af30000 - 0x00007ffb2af3c000 	C:\Program Files\Java\jdk-19\bin\vcruntime140_1.dll
0x00007ffaddf10000 - 0x00007ffaddf9e000 	C:\Program Files\Java\jdk-19\bin\msvcp140.dll
0x00007ffac7f20000 - 0x00007ffac8be0000 	C:\Program Files\Java\jdk-19\bin\server\jvm.dll
0x00007ffb2de80000 - 0x00007ffb2dea7000 	C:\Windows\SYSTEM32\WINMM.dll
0x00007ffb24fa0000 - 0x00007ffb24fa9000 	C:\Windows\SYSTEM32\WSOCK32.dll
0x00007ffb3ed50000 - 0x00007ffb3edbb000 	C:\Windows\System32\WS2_32.dll
0x00007ffb3c010000 - 0x00007ffb3c022000 	C:\Windows\SYSTEM32\kernel.appcore.dll
0x00007ffb24b60000 - 0x00007ffb24b6a000 	C:\Program Files\Java\jdk-19\bin\jimage.dll
0x00007ffb3b4e0000 - 0x00007ffb3b6c4000 	C:\Windows\SYSTEM32\DBGHELP.DLL
0x00007ffb278c0000 - 0x00007ffb278f5000 	C:\Windows\SYSTEM32\dbgcore.DLL
0x00007ffb3e030000 - 0x00007ffb3e0b2000 	C:\Windows\System32\bcryptPrimitives.dll
0x00007ffb2c570000 - 0x00007ffb2c5ac000 	C:\Program Files\Java\jdk-19\bin\jdwp.dll
0x00007ffb36ea0000 - 0x00007ffb36eae000 	C:\Program Files\Java\jdk-19\bin\instrument.dll
0x00007ffb0dcc0000 - 0x00007ffb0dce6000 	C:\Program Files\Java\jdk-19\bin\java.dll
0x00007ffb0d810000 - 0x00007ffb0d828000 	C:\Program Files\Java\jdk-19\bin\zip.dll
0x00007ffacae90000 - 0x00007ffacaf67000 	C:\Program Files\Java\jdk-19\bin\jsvml.dll
0x00007ffb3e460000 - 0x00007ffb3eba5000 	C:\Windows\System32\SHELL32.dll
0x00007ffb3b860000 - 0x00007ffb3bff2000 	C:\Windows\SYSTEM32\windows.storage.dll
0x00007ffb3ee50000 - 0x00007ffb3f1a5000 	C:\Windows\System32\combase.dll
0x00007ffb3d200000 - 0x00007ffb3d230000 	C:\Windows\SYSTEM32\Wldp.dll
0x00007ffb3e1d0000 - 0x00007ffb3e27d000 	C:\Windows\System32\SHCORE.dll
0x00007ffb3e170000 - 0x00007ffb3e1c5000 	C:\Windows\System32\shlwapi.dll
0x00007ffb3d6e0000 - 0x00007ffb3d6ff000 	C:\Windows\SYSTEM32\profapi.dll
0x00007ffb0dbd0000 - 0x00007ffb0dbe3000 	C:\Program Files\Java\jdk-19\bin\net.dll
0x00007ffb34bf0000 - 0x00007ffb34cfc000 	C:\Windows\SYSTEM32\WINHTTP.dll
0x00007ffb3cf60000 - 0x00007ffb3cfca000 	C:\Windows\system32\mswsock.dll
0x00007ffb0dbb0000 - 0x00007ffb0dbc6000 	C:\Program Files\Java\jdk-19\bin\nio.dll
0x00007ffb36e90000 - 0x00007ffb36e9c000 	C:\Program Files\Java\jdk-19\bin\dt_socket.dll
0x00007ffb3cbe0000 - 0x00007ffb3cc1b000 	C:\Windows\SYSTEM32\IPHLPAPI.DLL
0x000001313db10000 - 0x000001313db13000 	C:\Users\zheck\.openjfx\cache\19+11\amd64\api-ms-win-core-console-l1-1-0.dll
0x000001313db20000 - 0x000001313db23000 	C:\Users\zheck\.openjfx\cache\19+11\amd64\api-ms-win-core-console-l1-2-0.dll
0x000001313db30000 - 0x000001313db33000 	C:\Users\zheck\.openjfx\cache\19+11\amd64\api-ms-win-core-datetime-l1-1-0.dll
0x000001313db40000 - 0x000001313db43000 	C:\Users\zheck\.openjfx\cache\19+11\amd64\api-ms-win-core-debug-l1-1-0.dll
0x000001313db50000 - 0x000001313db53000 	C:\Users\zheck\.openjfx\cache\19+11\amd64\api-ms-win-core-errorhandling-l1-1-0.dll
0x000001313db60000 - 0x000001313db64000 	C:\Users\zheck\.openjfx\cache\19+11\amd64\api-ms-win-core-file-l1-1-0.dll
0x000001313db70000 - 0x000001313db73000 	C:\Users\zheck\.openjfx\cache\19+11\amd64\api-ms-win-core-file-l1-2-0.dll
0x000001313db80000 - 0x000001313db83000 	C:\Users\zheck\.openjfx\cache\19+11\amd64\api-ms-win-core-file-l2-1-0.dll
0x000001313db90000 - 0x000001313db93000 	C:\Users\zheck\.openjfx\cache\19+11\amd64\api-ms-win-core-handle-l1-1-0.dll
0x000001313dba0000 - 0x000001313dba3000 	C:\Users\zheck\.openjfx\cache\19+11\amd64\api-ms-win-core-heap-l1-1-0.dll
0x000001313dbb0000 - 0x000001313dbb3000 	C:\Users\zheck\.openjfx\cache\19+11\amd64\api-ms-win-core-interlocked-l1-1-0.dll
0x000001313dbc0000 - 0x000001313dbc3000 	C:\Users\zheck\.openjfx\cache\19+11\amd64\api-ms-win-core-libraryloader-l1-1-0.dll
0x000001313dbd0000 - 0x000001313dbd3000 	C:\Users\zheck\.openjfx\cache\19+11\amd64\api-ms-win-core-localization-l1-2-0.dll
0x000001313dbe0000 - 0x000001313dbe3000 	C:\Users\zheck\.openjfx\cache\19+11\amd64\api-ms-win-core-memory-l1-1-0.dll
0x000001313dbf0000 - 0x000001313dbf3000 	C:\Users\zheck\.openjfx\cache\19+11\amd64\api-ms-win-core-namedpipe-l1-1-0.dll
0x00000131437d0000 - 0x00000131437d3000 	C:\Users\zheck\.openjfx\cache\19+11\amd64\api-ms-win-core-processenvironment-l1-1-0.dll
0x00000131437e0000 - 0x00000131437e3000 	C:\Users\zheck\.openjfx\cache\19+11\amd64\api-ms-win-core-processthreads-l1-1-0.dll
0x00000131437f0000 - 0x00000131437f3000 	C:\Users\zheck\.openjfx\cache\19+11\amd64\api-ms-win-core-processthreads-l1-1-1.dll
0x0000013143800000 - 0x0000013143803000 	C:\Users\zheck\.openjfx\cache\19+11\amd64\api-ms-win-core-profile-l1-1-0.dll
0x0000013143810000 - 0x0000013143813000 	C:\Users\zheck\.openjfx\cache\19+11\amd64\api-ms-win-core-rtlsupport-l1-1-0.dll
0x0000013143820000 - 0x0000013143823000 	C:\Users\zheck\.openjfx\cache\19+11\amd64\api-ms-win-core-string-l1-1-0.dll
0x0000013143830000 - 0x0000013143833000 	C:\Users\zheck\.openjfx\cache\19+11\amd64\api-ms-win-core-synch-l1-1-0.dll
0x0000013143840000 - 0x0000013143843000 	C:\Users\zheck\.openjfx\cache\19+11\amd64\api-ms-win-core-synch-l1-2-0.dll
0x0000013143850000 - 0x0000013143853000 	C:\Users\zheck\.openjfx\cache\19+11\amd64\api-ms-win-core-sysinfo-l1-1-0.dll
0x0000013143860000 - 0x0000013143863000 	C:\Users\zheck\.openjfx\cache\19+11\amd64\api-ms-win-core-timezone-l1-1-0.dll
0x0000013143870000 - 0x0000013143873000 	C:\Users\zheck\.openjfx\cache\19+11\amd64\api-ms-win-core-util-l1-1-0.dll
0x0000013143880000 - 0x0000013143883000 	C:\Users\zheck\.openjfx\cache\19+11\amd64\api-ms-win-crt-conio-l1-1-0.dll
0x0000013143890000 - 0x0000013143894000 	C:\Users\zheck\.openjfx\cache\19+11\amd64\api-ms-win-crt-convert-l1-1-0.dll
0x00000131438a0000 - 0x00000131438a3000 	C:\Users\zheck\.openjfx\cache\19+11\amd64\api-ms-win-crt-environment-l1-1-0.dll
0x00000131438b0000 - 0x00000131438b3000 	C:\Users\zheck\.openjfx\cache\19+11\amd64\api-ms-win-crt-filesystem-l1-1-0.dll
0x00000131438c0000 - 0x00000131438c3000 	C:\Users\zheck\.openjfx\cache\19+11\amd64\api-ms-win-crt-heap-l1-1-0.dll
0x00000131438d0000 - 0x00000131438d3000 	C:\Users\zheck\.openjfx\cache\19+11\amd64\api-ms-win-crt-locale-l1-1-0.dll
0x00000131438e0000 - 0x00000131438e5000 	C:\Users\zheck\.openjfx\cache\19+11\amd64\api-ms-win-crt-math-l1-1-0.dll
0x00000131438f0000 - 0x00000131438f5000 	C:\Users\zheck\.openjfx\cache\19+11\amd64\api-ms-win-crt-multibyte-l1-1-0.dll
0x0000013143900000 - 0x0000013143910000 	C:\Users\zheck\.openjfx\cache\19+11\amd64\api-ms-win-crt-private-l1-1-0.dll
0x0000013143910000 - 0x0000013143913000 	C:\Users\zheck\.openjfx\cache\19+11\amd64\api-ms-win-crt-process-l1-1-0.dll
0x0000013143920000 - 0x0000013143924000 	C:\Users\zheck\.openjfx\cache\19+11\amd64\api-ms-win-crt-runtime-l1-1-0.dll
0x0000013143930000 - 0x0000013143934000 	C:\Users\zheck\.openjfx\cache\19+11\amd64\api-ms-win-crt-stdio-l1-1-0.dll
0x0000013143940000 - 0x0000013143944000 	C:\Users\zheck\.openjfx\cache\19+11\amd64\api-ms-win-crt-string-l1-1-0.dll
0x0000013143950000 - 0x0000013143953000 	C:\Users\zheck\.openjfx\cache\19+11\amd64\api-ms-win-crt-time-l1-1-0.dll
0x0000013143960000 - 0x0000013143963000 	C:\Users\zheck\.openjfx\cache\19+11\amd64\api-ms-win-crt-utility-l1-1-0.dll
0x00007ffaed940000 - 0x00007ffaeda3c000 	C:\Users\zheck\.openjfx\cache\19+11\amd64\ucrtbase.dll
0x00007ffb2c550000 - 0x00007ffb2c56b000 	C:\Users\zheck\.openjfx\cache\19+11\amd64\vcruntime140.dll
0x00007ffb36da0000 - 0x00007ffb36dac000 	C:\Users\zheck\.openjfx\cache\19+11\amd64\vcruntime140_1.dll
0x00007ffb2c4c0000 - 0x00007ffb2c54e000 	C:\Users\zheck\.openjfx\cache\19+11\amd64\msvcp140.dll
0x00007ffb33f00000 - 0x00007ffb33f09000 	C:\Users\zheck\.openjfx\cache\19+11\amd64\msvcp140_1.dll
0x00007ffb2c460000 - 0x00007ffb2c490000 	C:\Users\zheck\.openjfx\cache\19+11\amd64\msvcp140_2.dll
0x00007ffb2c430000 - 0x00007ffb2c45c000 	C:\Users\zheck\.openjfx\cache\19+11\amd64\prism_d3d.dll
0x00007ffb1bf00000 - 0x00007ffb1c0ce000 	C:\Windows\system32\d3d9.dll
0x00007ffb3af50000 - 0x00007ffb3af7f000 	C:\Windows\SYSTEM32\dwmapi.dll
0x00007ffb3ad20000 - 0x00007ffb3adbe000 	C:\Windows\system32\uxtheme.dll
0x00007ffb31480000 - 0x00007ffb3153e000 	C:\Windows\System32\DriverStore\FileRepository\nvmdi.inf_amd64_d3941bdb145580aa\nvldumdx.dll
0x00007ffb3d390000 - 0x00007ffb3d3a2000 	C:\Windows\SYSTEM32\msasn1.dll
0x00007ffb359f0000 - 0x00007ffb35a21000 	C:\Windows\SYSTEM32\cryptnet.dll
0x00007ffb3ded0000 - 0x00007ffb3e026000 	C:\Windows\System32\CRYPT32.dll
0x00007ffb357b0000 - 0x00007ffb358f8000 	C:\Windows\SYSTEM32\drvstore.dll
0x00007ffb3d550000 - 0x00007ffb3d57c000 	C:\Windows\SYSTEM32\devobj.dll
0x00007ffb3d9f0000 - 0x00007ffb3da3e000 	C:\Windows\System32\cfgmgr32.dll
0x00007ffb3d170000 - 0x00007ffb3d17c000 	C:\Windows\SYSTEM32\cryptbase.dll
0x00007ffb3d7a0000 - 0x00007ffb3d809000 	C:\Windows\System32\WINTRUST.DLL
0x00007ffb3faa0000 - 0x00007ffb3fabd000 	C:\Windows\System32\imagehlp.dll
0x00007ffb3d150000 - 0x00007ffb3d168000 	C:\Windows\SYSTEM32\CRYPTSP.dll
0x00007ffb3c7a0000 - 0x00007ffb3c7d4000 	C:\Windows\system32\rsaenh.dll
0x00007ffb3e0c0000 - 0x00007ffb3e0e7000 	C:\Windows\System32\bcrypt.dll
0x00007ffada9c0000 - 0x00007ffadcfcb000 	C:\Windows\System32\DriverStore\FileRepository\nvmdi.inf_amd64_d3941bdb145580aa\nvd3dumx.dll
0x00007ffb0d740000 - 0x00007ffb0d782000 	C:\Users\zheck\.openjfx\cache\19+11\amd64\glass.dll
0x00007ffb3ec70000 - 0x00007ffb3ed4a000 	C:\Windows\System32\COMDLG32.dll
0x00007ffb3fd30000 - 0x00007ffb3fe5a000 	C:\Windows\System32\ole32.dll
0x00007ffb3f760000 - 0x00007ffb3f82d000 	C:\Windows\System32\OLEAUT32.dll
0x00007ffb3f830000 - 0x00007ffb3f945000 	C:\Windows\System32\MSCTF.dll
0x00007ffaec8c0000 - 0x00007ffaecb8f000 	C:\Windows\system32\nvspcap64.dll
0x00007ffb3c8c0000 - 0x00007ffb3c8f3000 	C:\Windows\SYSTEM32\ntmarta.dll
0x00007ffb3c030000 - 0x00007ffb3c053000 	C:\Windows\SYSTEM32\gpapi.dll
0x00007ffb33190000 - 0x00007ffb331cb000 	C:\Windows\SYSTEM32\dxcore.dll
0x00007ffb2c410000 - 0x00007ffb2c424000 	C:\Users\zheck\.openjfx\cache\19+11\amd64\javafx_font.dll
0x00007ffb30dc0000 - 0x00007ffb3103f000 	C:\Windows\SYSTEM32\dwrite.dll
0x00007ffb3f680000 - 0x00007ffb3f729000 	C:\Windows\System32\clbcatq.dll
0x00007ffb366b0000 - 0x00007ffb36864000 	C:\Windows\SYSTEM32\WindowsCodecs.dll
0x00007ffb099f0000 - 0x00007ffb09a2e000 	C:\Windows\system32\dataexchange.dll
0x00007ffb39780000 - 0x00007ffb399e3000 	C:\Windows\system32\d3d11.dll

dbghelp: loaded successfully - version: 4.0.5 - missing functions: none
symbol engine: initialized successfully - sym options: 0x614 - pdb path: .;C:\Program Files\Java\jdk-19\bin;C:\Windows\SYSTEM32;C:\Windows\WinSxS\amd64_microsoft.windows.common-controls_6595b64144ccf1df_6.0.19041.1110_none_60b5254171f9507e;C:\Program Files\Java\jdk-19\bin\server;C:\Users\zheck\.openjfx\cache\19+11\amd64;C:\Windows\System32\DriverStore\FileRepository\nvmdi.inf_amd64_d3941bdb145580aa;C:\Program Files\Common Files\Microsoft Shared\Ink

VM Arguments:
jvm_args: -agentlib:jdwp=transport=dt_socket,address=127.0.0.1:51155,suspend=y,server=n -javaagent:C:\Users\zheck\AppData\Local\JetBrains\IntelliJIdea2022.3\captureAgent\debugger-agent.jar -Dfile.encoding=UTF-8 -Dsun.stdout.encoding=UTF-8 -Dsun.stderr.encoding=UTF-8 --module-path=C:\Users\zheck\.m2\repository\org\openjfx\javafx-fxml\19\javafx-fxml-19-win.jar;C:\Users\zheck\.m2\repository\org\openjfx\javafx-controls\19\javafx-controls-19-win.jar;C:\infa\Java\NewJavaFxApp\target\classes;C:\Users\zheck\.m2\repository\org\openjfx\javafx-graphics\19\javafx-graphics-19-win.jar;C:\Users\zheck\.m2\repository\org\openjfx\javafx-base\19\javafx-base-19-win.jar -Djdk.module.main=app 
java_command: app/app.Main
java_class_path (initial): C:\Users\zheck\.m2\repository\org\openjfx\javafx-controls\19\javafx-controls-19.jar;C:\Users\zheck\.m2\repository\org\openjfx\javafx-graphics\19\javafx-graphics-19.jar;C:\Users\zheck\.m2\repository\org\openjfx\javafx-base\19\javafx-base-19.jar;C:\Users\zheck\.m2\repository\org\openjfx\javafx-fxml\19\javafx-fxml-19.jar;C:\Users\zheck\.m2\repository\com\mysql\mysql-connector-j\8.0.32\mysql-connector-j-8.0.32.jar;C:\Users\zheck\.m2\repository\com\google\protobuf\protobuf-java\3.21.9\protobuf-java-3.21.9.jar;C:\Program Files\JetBrains\IntelliJ IDEA 2022.3\lib\idea_rt.jar
Launcher Type: SUN_STANDARD

[Global flags]
     intx CICompilerCount                          = 4                                         {product} {ergonomic}
     uint ConcGCThreads                            = 2                                         {product} {ergonomic}
     uint G1ConcRefinementThreads                  = 8                                         {product} {ergonomic}
   size_t G1HeapRegionSize                         = 2097152                                   {product} {ergonomic}
    uintx GCDrainStackTargetSize                   = 64                                        {product} {ergonomic}
   size_t InitialHeapSize                          = 268435456                                 {product} {ergonomic}
   size_t MarkStackSize                            = 4194304                                   {product} {ergonomic}
   size_t MaxHeapSize                              = 4282384384                                {product} {ergonomic}
   size_t MaxNewSize                               = 2569011200                                {product} {ergonomic}
   size_t MinHeapDeltaBytes                        = 2097152                                   {product} {ergonomic}
   size_t MinHeapSize                              = 8388608                                   {product} {ergonomic}
    uintx NonNMethodCodeHeapSize                   = 5839372                                {pd product} {ergonomic}
    uintx NonProfiledCodeHeapSize                  = 122909434                              {pd product} {ergonomic}
    uintx ProfiledCodeHeapSize                     = 122909434                              {pd product} {ergonomic}
    uintx ReservedCodeCacheSize                    = 251658240                              {pd product} {ergonomic}
     bool SegmentedCodeCache                       = true                                      {product} {ergonomic}
   size_t SoftMaxHeapSize                          = 4282384384                             {manageable} {ergonomic}
     bool UseCompressedClassPointers               = true                           {product lp64_product} {ergonomic}
     bool UseCompressedOops                        = true                           {product lp64_product} {ergonomic}
     bool UseG1GC                                  = true                                      {product} {ergonomic}
     bool UseLargePagesIndividualAllocation        = false                                  {pd product} {ergonomic}

Logging:
Log output configuration:
 #0: stdout all=off uptime,level,tags foldmultilines=false
 #1: stderr all=off uptime,level,tags foldmultilines=false

Environment Variables:
JAVA_HOME=C:\Program Files\Java\jdk-19
PATH=C:\Program Files (x86)\Razer Chroma SDK\bin;C:\Program Files\Razer Chroma SDK\bin;C:\Program Files\Common Files\Oracle\Java\javapath;C:\Program Files (x86)\Common Files\Oracle\Java\javapath;C:\Program Files (x86)\Razer\ChromaBroadcast\bin;C:\Program Files\Razer\ChromaBroadcast\bin;C:\Windows\system32;C:\Windows;C:\Windows\System32\Wbem;C:\Windows\System32\WindowsPowerShell\v1.0\;C:\Windows\System32\OpenSSH\;C:\Program Files (x86)\NVIDIA Corporation\PhysX\Common;C:\Program Files\Microsoft SQL Server\Client SDK\ODBC\170\Tools\Binn\;C:\Program Files\Microsoft SQL Server\150\Tools\Binn\;C:\Windows\system32\config\systemprofile\AppData\Local\Microsoft\WindowsApps;C:\Program Files\NVIDIA Corporation\NVIDIA NvDLISR;C:\Program Files\Git\cmd;C:\Program Files\Java\jdk-19\bin;C:\Program Files\MySQL\MySQL Shell 8.0\bin\;C:\Users\zheck\AppData\Local\Microsoft\WindowsApps;C:\Program Files\JetBrains\IntelliJ IDEA 2022.2.4\bin;C:\Users\zheck\AppData\Local\GitHubDesktop\bin;C:\Users\zheck\AppData\Local\JetBrains\Toolbox\scripts;D:\PyCharm 2022.3\bin;;C:\Program Files\JetBrains\IntelliJ IDEA 2022.3\bin;;C:\Program Files\Java\jdk-19\bin;
USERNAME=zheck
OS=Windows_NT
PROCESSOR_IDENTIFIER=Intel64 Family 6 Model 60 Stepping 3, GenuineIntel
TMP=C:\Users\zheck\AppData\Local\Temp
TEMP=C:\Users\zheck\AppData\Local\Temp



---------------  S Y S T E M  ---------------

OS:
 Windows 10 , 64 bit Build 19041 (10.0.19041.2546)
OS uptime: 0 days 2:42 hours

CPU: total 8 (initial active 8) (4 cores per cpu, 2 threads per core) family 6 model 60 stepping 3 microcode 0x27, cx8, cmov, fxsr, ht, mmx, sse, sse2, sse3, ssse3, sse4.1, sse4.2, popcnt, lzcnt, tsc, tscinvbit, avx, avx2, aes, erms, clmul, bmi1, bmi2, fma, vzeroupper, clflush, rdtscp

Memory: 4k page, system-wide physical 16330M (5938M free)
TotalPageFile size 24010M (AvailPageFile size 7191M)
current process WorkingSet (physical memory assigned to process): 134M, peak: 171M
current process commit charge ("private bytes"): 238M, peak: 439M

vm_info: Java HotSpot(TM) 64-Bit Server VM (19.0.1+10-21) for windows-amd64 JRE (19.0.1+10-21), built on 2022-09-14T12:45:06Z by "mach5one" with MS VC++ 17.1 (VS2022)

END.
