#
# A fatal error has been detected by the Java Runtime Environment:
#
#  EXCEPTION_ACCESS_VIOLATION (0xc0000005) at pc=0x00007ffc25bc63b7, pid=6800, tid=18964
#
# JRE version: Java(TM) SE Runtime Environment (19.0.1+10) (build 19.0.1+10-21)
# Java VM: Java HotSpot(TM) 64-Bit Server VM (19.0.1+10-21, mixed mode, sharing, tiered, compressed oops, compressed class ptrs, g1 gc, windows-amd64)
# Problematic frame:
# C  [glass.dll+0x263b7]
#
# No core dump will be written. Minidumps are not enabled by default on client versions of Windows
#
# If you would like to submit a bug report, please visit:
#   https://bugreport.java.com/bugreport/crash.jsp
#

---------------  S U M M A R Y ------------

Command Line: -javaagent:C:\Program Files\JetBrains\IntelliJ IDEA 2022.3\lib\idea_rt.jar=62973:C:\Program Files\JetBrains\IntelliJ IDEA 2022.3\bin -Dfile.encoding=UTF-8 -Dsun.stdout.encoding=UTF-8 -Dsun.stderr.encoding=UTF-8 --module-path=C:\Users\zheck\.m2\repository\org\openjfx\javafx-controls\19\javafx-controls-19-win.jar;C:\Users\zheck\.m2\repository\org\openjfx\javafx-base\19\javafx-base-19-win.jar;C:\Users\zheck\.m2\repository\org\openjfx\javafx-fxml\19\javafx-fxml-19-win.jar;C:\Users\zheck\.m2\repository\org\openjfx\javafx-graphics\19\javafx-graphics-19-win.jar;C:\infa\Java\NewJavaFxApp\target\classes -Djdk.module.main=app.todoappjavafx app.todoappjavafx/app.Main

Host: Intel(R) Core(TM) i7-4770 CPU @ 3.40GHz, 8 cores, 15G,  Windows 10 , 64 bit Build 19041 (10.0.19041.2546)
Time: Tue Jan 24 21:45:57 2023 FLE Standard Time elapsed time: 10.267587 seconds (0d 0h 0m 10s)

---------------  T H R E A D  ---------------

Current thread (0x000002433f2fc760):  VMThread "VM Thread" [stack: 0x000000f3f8100000,0x000000f3f8200000] [id=18964]

Stack: [0x000000f3f8100000,0x000000f3f8200000],  sp=0x000000f3f81feec0,  free space=1019k
Native frames: (J=compiled Java code, j=interpreted, Vv=VM code, C=native code)
C  [glass.dll+0x263b7]


siginfo: EXCEPTION_ACCESS_VIOLATION (0xc0000005), reading address 0x0000000000000000


Registers:
RAX=0x0000000000000000, RBX=0x000002433f303938, RCX=0x000002433f2fc760, RDX=0x000000f3f81feec0
RSP=0x000000f3f81feec0, RBP=0x0000024343f39a98, RSI=0x0000024343f39a70, RDI=0x00004d198ef58c68
R8 =0x0000000000010002, R9 =0x00004d198ef58c68, R10=0x0000000000008000, R11=0x000000f3f81fee50
R12=0x00007ffc25bc3cf0, R13=0x00007ffbd94772a0, R14=0x000000f3f81fefb8, R15=0x0000024343f39a70
RIP=0x00007ffc25bc63b7, EFLAGS=0x0000000000010206


Register to memory mapping:

RIP=0x00007ffc25bc63b7 glass.dll
RAX=0x0 is NULL
RBX=0x000002433f303938 is a global jni handle
RCX=0x000002433f2fc760 points into unknown readable memory: 0x00007ffbd92845e8 | e8 45 28 d9 fb 7f 00 00
RDX=0x000000f3f81feec0 points into unknown readable memory: 0x0000000000000000 | 00 00 00 00 00 00 00 00
RSP=0x000000f3f81feec0 points into unknown readable memory: 0x0000000000000000 | 00 00 00 00 00 00 00 00
RBP=0x0000024343f39a98 points into unknown readable memory: 0x00004d198ef58c68 | 68 8c f5 8e 19 4d 00 00
RSI=0x0000024343f39a70 points into unknown readable memory: 0xbc3845198e8a704d | 4d 70 8a 8e 19 45 38 bc
RDI=0x00004d198ef58c68 is an unknown value
R8 =0x0000000000010002 is an unknown value
R9 =0x00004d198ef58c68 is an unknown value
R10=0x0000000000008000 is an unknown value
R11=0x000000f3f81fee50 points into unknown readable memory: 0x0000024343f39a70 | 70 9a f3 43 43 02 00 00
R12=0x00007ffc25bc3cf0 glass.dll
R13=0x00007ffbd94772a0 jvm.dll
R14=0x000000f3f81fefb8 points into unknown readable memory: 0x000000f3f81fefa0 | a0 ef 1f f8 f3 00 00 00
R15=0x0000024343f39a70 points into unknown readable memory: 0xbc3845198e8a704d | 4d 70 8a 8e 19 45 38 bc


Top of Stack: (sp=0x000000f3f81feec0)
0x000000f3f81feec0:   0000000000000000 0000024343f39a70
0x000000f3f81feed0:   00007ffbd94772a0 00007ffc25bc3cf0
0x000000f3f81feee0:   0000024343f39a78 00007ffc5a7142d6
0x000000f3f81feef0:   00004d198ef58c68 0000024300000000
0x000000f3f81fef00:   0000024343f39a98 0000024343f39a70
0x000000f3f81fef10:   fffffffffffffffe 0000000000000000
0x000000f3f81fef20:   0000000000000001 00007ffc25ba0000
0x000000f3f81fef30:   000000f3f81fefa8 00007ffc5a7141fb
0x000000f3f81fef40:   0000000000000000 000000f3f81fefb8
0x000000f3f81fef50:   000000f3f81ff280 00007ffc5a7f0e40
0x000000f3f81fef60:   0000000000000001 00007ffc5a7141b4
0x000000f3f81fef70:   0000000000000000 0000000000000001
0x000000f3f81fef80:   0000000000000000 000000f3f81fefa8
0x000000f3f81fef90:   ffffffff00000001 00007ffc25bc3b7d
0x000000f3f81fefa0:   00007ffc25bd9f88 00007ffc00000002
0x000000f3f81fefb0:   0000000000000002 000000f3f81fefa0 

Instructions: (pc=0x00007ffc25bc63b7)
0x00007ffc25bc62b7:   8b 4d 58 e8 7d cf ff ff 48 8b 4d 60 e8 74 cf ff
0x00007ffc25bc62c7:   ff 48 8b 95 80 00 00 00 48 8b 8d 18 01 00 00 e8
0x00007ffc25bc62d7:   66 c4 ff ff 33 d2 33 c9 e8 bc e1 ff ff 90 48 89
0x00007ffc25bc62e7:   54 24 10 55 48 83 ec 20 48 8b ea 48 b8 00 00 00
0x00007ffc25bc62f7:   00 00 00 00 00 48 83 c4 20 5d c3 cc 40 55 48 8b
0x00007ffc25bc6307:   ea 48 8b 01 33 c9 81 38 05 00 00 c0 0f 94 c1 8b
0x00007ffc25bc6317:   c1 5d c3 cc 40 55 48 83 ec 20 48 8b ea 8a 4d 40
0x00007ffc25bc6327:   48 83 c4 20 5d e9 63 d3 ff ff cc 40 55 48 83 ec
0x00007ffc25bc6337:   20 48 8b ea 8a 4d 20 e8 51 d3 ff ff 90 48 83 c4
0x00007ffc25bc6347:   20 5d c3 cc 40 55 48 83 ec 20 48 8b ea 48 83 c4
0x00007ffc25bc6357:   20 5d e9 b2 d1 ff ff cc 40 55 48 83 ec 30 48 8b
0x00007ffc25bc6367:   ea 48 8b 01 8b 10 48 89 4c 24 28 89 54 24 20 4c
0x00007ffc25bc6377:   8d 0d 53 d6 ff ff 4c 8b 45 70 8b 55 68 48 8b 4d
0x00007ffc25bc6387:   60 e8 f3 d0 ff ff 90 48 83 c4 30 5d c3 cc cc cc
0x00007ffc25bc6397:   cc cc cc cc cc cc cc cc cc 40 53 48 83 ec 20 48
0x00007ffc25bc63a7:   8b 1d db 35 01 00 48 85 db 74 16 e8 79 8b ff ff
0x00007ffc25bc63b7:   4c 8b 00 48 8b d3 48 8b c8 41 ff 90 b0 00 00 00
0x00007ffc25bc63c7:   90 48 83 c4 20 5b c3 cc cc 40 53 48 83 ec 20 48
0x00007ffc25bc63d7:   8b 1d 4b 37 01 00 48 85 db 74 57 b8 ff ff ff ff
0x00007ffc25bc63e7:   f0 0f c1 43 10 83 f8 01 75 3d 48 85 db 74 38 48
0x00007ffc25bc63f7:   8b 0b 48 85 c9 74 0d ff 15 a4 0e 00 00 48 c7 03
0x00007ffc25bc6407:   00 00 00 00 48 8b 4b 08 48 85 c9 74 0d e8 23 ce
0x00007ffc25bc6417:   ff ff 48 c7 43 08 00 00 00 00 ba 18 00 00 00 48
0x00007ffc25bc6427:   8b cb e8 0e ce ff ff 48 c7 05 ef 36 01 00 00 00
0x00007ffc25bc6437:   00 00 48 83 c4 20 5b c3 cc 40 53 48 83 ec 20 48
0x00007ffc25bc6447:   8b 1d bb 36 01 00 48 85 db 74 57 b8 ff ff ff ff
0x00007ffc25bc6457:   f0 0f c1 43 10 83 f8 01 75 3d 48 85 db 74 38 48
0x00007ffc25bc6467:   8b 0b 48 85 c9 74 0d ff 15 34 0e 00 00 48 c7 03
0x00007ffc25bc6477:   00 00 00 00 48 8b 4b 08 48 85 c9 74 0d e8 b3 cd
0x00007ffc25bc6487:   ff ff 48 c7 43 08 00 00 00 00 ba 18 00 00 00 48
0x00007ffc25bc6497:   8b cb e8 9e cd ff ff 48 c7 05 5f 36 01 00 00 00
0x00007ffc25bc64a7:   00 00 48 83 c4 20 5b c3 cc 40 53 48 83 ec 20 48 


Stack slot to memory mapping:
stack at sp + 0 slots: 0x0 is NULL
stack at sp + 1 slots: 0x0000024343f39a70 points into unknown readable memory: 0xbc3845198e8a704d | 4d 70 8a 8e 19 45 38 bc
stack at sp + 2 slots: 0x00007ffbd94772a0 jvm.dll
stack at sp + 3 slots: 0x00007ffc25bc3cf0 glass.dll
stack at sp + 4 slots: 0x0000024343f39a78 points into unknown readable memory: 0x00004d198ef58c68 | 68 8c f5 8e 19 4d 00 00
stack at sp + 5 slots: 0x00007ffc5a7142d6 ucrtbase.dll
stack at sp + 6 slots: 0x00004d198ef58c68 is an unknown value
stack at sp + 7 slots: 0x0000024300000000 is an unknown value

VM_Operation (0x000000f3fa3fee50): Exit, mode: safepoint, requested by thread 0x0000024344c2f640


---------------  P R O C E S S  ---------------

Threads class SMR info:
_java_thread_list=0x000002434bc43320, length=21, elements={
0x0000024319ebf2b0, 0x000002433f316a20, 0x000002433f317810, 0x000002433f31e760,
0x000002433f31f090, 0x000002433f323410, 0x000002433f326f00, 0x000002433f3324b0,
0x000002433f346a50, 0x000002433f345a60, 0x000002433f345fb0, 0x000002433f346500,
0x000002433f344a70, 0x000002433f346fa0, 0x000002433f3474f0, 0x000002433f347f90,
0x0000024344c36b20, 0x0000024344c33b50, 0x0000024344c37070, 0x0000024344c345f0,
0x0000024344c2f640
}

Java Threads: ( => current thread )
  0x0000024319ebf2b0 JavaThread "main" [_thread_blocked, id=7812, stack(0x000000f3f7b00000,0x000000f3f7c00000)]
  0x000002433f316a20 JavaThread "Reference Handler" daemon [_thread_blocked, id=20024, stack(0x000000f3f8200000,0x000000f3f8300000)]
  0x000002433f317810 JavaThread "Finalizer" daemon [_thread_blocked, id=7500, stack(0x000000f3f8300000,0x000000f3f8400000)]
  0x000002433f31e760 JavaThread "Attach Listener" daemon [_thread_blocked, id=12772, stack(0x000000f3f8500000,0x000000f3f8600000)]
  0x000002433f31f090 JavaThread "Service Thread" daemon [_thread_blocked, id=6796, stack(0x000000f3f8600000,0x000000f3f8700000)]
  0x000002433f323410 JavaThread "Monitor Deflation Thread" daemon [_thread_blocked, id=19412, stack(0x000000f3f8700000,0x000000f3f8800000)]
  0x000002433f326f00 JavaThread "C2 CompilerThread0" daemon [_thread_blocked, id=23456, stack(0x000000f3f8800000,0x000000f3f8900000)]
  0x000002433f3324b0 JavaThread "C1 CompilerThread0" daemon [_thread_blocked, id=22232, stack(0x000000f3f8900000,0x000000f3f8a00000)]
  0x000002433f346a50 JavaThread "Sweeper thread" daemon [_thread_blocked, id=14668, stack(0x000000f3f8a00000,0x000000f3f8b00000)]
  0x000002433f345a60 JavaThread "Common-Cleaner" daemon [_thread_blocked, id=19060, stack(0x000000f3f8b00000,0x000000f3f8c00000)]
  0x000002433f345fb0 JavaThread "Monitor Ctrl-Break" daemon [_thread_in_native, id=20956, stack(0x000000f3f8e00000,0x000000f3f8f00000)]
  0x000002433f346500 JavaThread "Notification Thread" daemon [_thread_blocked, id=22144, stack(0x000000f3f8f00000,0x000000f3f9000000)]
  0x000002433f344a70 JavaThread "QuantumRenderer-0" daemon [_thread_blocked, id=18780, stack(0x000000f3f9100000,0x000000f3f9200000)]
  0x000002433f346fa0 JavaThread "InvokeLaterDispatcher" daemon [_thread_blocked, id=8052, stack(0x000000f3f9300000,0x000000f3f9400000)]
  0x000002433f3474f0 JavaThread "JavaFX Application Thread" [_thread_in_native, id=19352, stack(0x000000f3f9400000,0x000000f3f9500000)]
  0x000002433f347f90 JavaThread "JavaFX-Launcher" [_thread_blocked, id=11776, stack(0x000000f3f8d00000,0x000000f3f8e00000)]
  0x0000024344c36b20 JavaThread "Thread-2" daemon [_thread_in_native, id=22676, stack(0x000000f3f8c00000,0x000000f3f8d00000)]
  0x0000024344c33b50 JavaThread "Prism Font Disposer" daemon [_thread_blocked, id=8584, stack(0x000000f3fa000000,0x000000f3fa100000)]
  0x0000024344c37070 JavaThread "Cleaner-0" daemon [_thread_blocked, id=8448, stack(0x000000f3fa100000,0x000000f3fa200000)]
  0x0000024344c345f0 JavaThread "mysql-cj-abandoned-connection-cleanup" daemon [_thread_blocked, id=15628, stack(0x000000f3fa200000,0x000000f3fa300000)]
  0x0000024344c2f640 JavaThread "SIGINT handler" daemon [_thread_blocked, id=18596, stack(0x000000f3fa300000,0x000000f3fa400000)]

Other Threads:
=>0x000002433f2fc760 VMThread "VM Thread" [stack: 0x000000f3f8100000,0x000000f3f8200000] [id=18964]
  0x0000024319f30a10 WorkerThread "GC Thread#0" [stack: 0x000000f3f7c00000,0x000000f3f7d00000] [id=12628]
  0x0000024344574300 WorkerThread "GC Thread#1" [stack: 0x000000f3f9600000,0x000000f3f9700000] [id=17580]
  0x0000024344574e40 WorkerThread "GC Thread#2" [stack: 0x000000f3f9700000,0x000000f3f9800000] [id=1836]
  0x0000024344575110 WorkerThread "GC Thread#3" [stack: 0x000000f3f9800000,0x000000f3f9900000] [id=2444]
  0x00000243445753e0 WorkerThread "GC Thread#4" [stack: 0x000000f3f9900000,0x000000f3f9a00000] [id=17612]
  0x00000243445756b0 WorkerThread "GC Thread#5" [stack: 0x000000f3f9a00000,0x000000f3f9b00000] [id=19696]
  0x000002434503bc80 WorkerThread "GC Thread#6" [stack: 0x000000f3f9b00000,0x000000f3f9c00000] [id=21468]
  0x000002434503b140 WorkerThread "GC Thread#7" [stack: 0x000000f3f9c00000,0x000000f3f9d00000] [id=18740]
  0x0000024319f41a50 ConcurrentGCThread "G1 Main Marker" terminated
  0x0000024319f42c20 WorkerThread "G1 Conc#0" [stack: 0x000000f3f7e00000,0x000000f3f7f00000] [id=22832]
  0x000002434503d030 WorkerThread "G1 Conc#1" [stack: 0x000000f3fa400000,0x000000f3fa500000] [id=8964]
  0x0000024319f8e730 ConcurrentGCThread "G1 Refine#0" terminated
  0x000002433f1b7450 ConcurrentGCThread "G1 Service" terminated

Threads with active compile tasks:
C1 CompilerThread0  
[error occurred during error reporting (printing all threads), id 0xc0000005, EXCEPTION_ACCESS_VIOLATION (0xc0000005) at pc=0x00007ffbd9070753]

VM state: at safepoint (shutting down)

VM Mutex/Monitor currently owned by a thread:  ([mutex/lock_event])
[0x0000024319eba5a0] Threads_lock - owner thread: 0x000002433f2fc760
[0x0000024319eba630] Heap_lock - owner thread: 0x0000024344c2f640

Heap address: 0x0000000700c00000, size: 4084 MB, Compressed Oops mode: Zero based, Oop shift amount: 3

CDS archive(s) mapped at: [0x0000000800000000-0x0000000800c40000-0x0000000800c40000), size 12845056, SharedBaseAddress: 0x0000000800000000, ArchiveRelocationMode: 0.
Compressed class space mapped at: 0x0000000801000000-0x0000000841000000, reserved size: 1073741824
Narrow klass base: 0x0000000800000000, Narrow klass shift: 0, Narrow klass range: 0x100000000

GC Precious Log:
 CardTable entry size: 512
 Card Set container configuration: InlinePtr #cards 4 size 8 Array Of Cards #cards 16 size 48 Howl #buckets 8 coarsen threshold 3686 Howl Bitmap #cards 512 size 80 coarsen threshold 460 Card regions per heap region 1 cards per card region 4096
 CPUs: 8 total, 8 available
 Memory: 16330M
 Large Page Support: Disabled
 NUMA Support: Disabled
 Compressed Oops: Enabled (Zero based)
 Heap Region Size: 2M
 Heap Min Capacity: 8M
 Heap Initial Capacity: 256M
 Heap Max Capacity: 4084M
 Pre-touch: Disabled
 Parallel Workers: 8
 Concurrent Workers: 2
 Concurrent Refinement Workers: 8
 Periodic GC: Disabled

Heap:
 garbage-first heap   total 69632K, used 22953K [0x0000000700c00000, 0x0000000800000000)
  region size 2048K, 9 young (18432K), 5 survivors (10240K)
 Metaspace       used 24201K, committed 24640K, reserved 1114112K
  class space    used 3194K, committed 3392K, reserved 1048576K

Heap Regions: E=young(eden), S=young(survivor), O=old, HS=humongous(starts), HC=humongous(continues), CS=collection set, F=free, OA=open archive, CA=closed archive, TAMS=top-at-mark-start (previous, next)
|   0|0x0000000700c00000, 0x0000000700e00000, 0x0000000700e00000|100%|HS|  |TAMS 0x0000000700e00000, 0x0000000700c00000| Complete 
|   1|0x0000000700e00000, 0x0000000701000000, 0x0000000701000000|100%|HS|  |TAMS 0x0000000701000000, 0x0000000700e00000| Complete 
|   2|0x0000000701000000, 0x0000000701200000, 0x0000000701200000|100%|HS|  |TAMS 0x0000000701200000, 0x0000000701000000| Complete 
|   3|0x0000000701200000, 0x0000000701331c00, 0x0000000701400000| 59%| O|  |TAMS 0x0000000701331c00, 0x0000000701200000| Complete 
|   4|0x0000000701400000, 0x0000000701400000, 0x0000000701600000|  0%| F|  |TAMS 0x0000000701400000, 0x0000000701400000| Untracked 
|   5|0x0000000701600000, 0x0000000701600000, 0x0000000701800000|  0%| F|  |TAMS 0x0000000701600000, 0x0000000701600000| Untracked 
|   6|0x0000000701800000, 0x0000000701800000, 0x0000000701a00000|  0%| F|  |TAMS 0x0000000701800000, 0x0000000701800000| Untracked 
|   7|0x0000000701a00000, 0x0000000701a00000, 0x0000000701c00000|  0%| F|  |TAMS 0x0000000701a00000, 0x0000000701a00000| Untracked 
|   8|0x0000000701c00000, 0x0000000701c00000, 0x0000000701e00000|  0%| F|  |TAMS 0x0000000701c00000, 0x0000000701c00000| Untracked 
|   9|0x0000000701e00000, 0x0000000701e00000, 0x0000000702000000|  0%| F|  |TAMS 0x0000000701e00000, 0x0000000701e00000| Untracked 
|  10|0x0000000702000000, 0x0000000702000000, 0x0000000702200000|  0%| F|  |TAMS 0x0000000702000000, 0x0000000702000000| Untracked 
|  11|0x0000000702200000, 0x0000000702200000, 0x0000000702400000|  0%| F|  |TAMS 0x0000000702200000, 0x0000000702200000| Untracked 
|  12|0x0000000702400000, 0x0000000702400000, 0x0000000702600000|  0%| F|  |TAMS 0x0000000702400000, 0x0000000702400000| Untracked 
|  13|0x0000000702600000, 0x0000000702600000, 0x0000000702800000|  0%| F|  |TAMS 0x0000000702600000, 0x0000000702600000| Untracked 
|  14|0x0000000702800000, 0x0000000702800000, 0x0000000702a00000|  0%| F|  |TAMS 0x0000000702800000, 0x0000000702800000| Untracked 
|  15|0x0000000702a00000, 0x0000000702a00000, 0x0000000702c00000|  0%| F|  |TAMS 0x0000000702a00000, 0x0000000702a00000| Untracked 
|  16|0x0000000702c00000, 0x0000000702c00000, 0x0000000702e00000|  0%| F|  |TAMS 0x0000000702c00000, 0x0000000702c00000| Untracked 
|  17|0x0000000702e00000, 0x0000000702e00000, 0x0000000703000000|  0%| F|  |TAMS 0x0000000702e00000, 0x0000000702e00000| Untracked 
|  18|0x0000000703000000, 0x0000000703000000, 0x0000000703200000|  0%| F|  |TAMS 0x0000000703000000, 0x0000000703000000| Untracked 
|  19|0x0000000703200000, 0x0000000703200000, 0x0000000703400000|  0%| F|  |TAMS 0x0000000703200000, 0x0000000703200000| Untracked 
|  20|0x0000000703400000, 0x0000000703400000, 0x0000000703600000|  0%| F|  |TAMS 0x0000000703400000, 0x0000000703400000| Untracked 
|  21|0x0000000703600000, 0x0000000703600000, 0x0000000703800000|  0%| F|  |TAMS 0x0000000703600000, 0x0000000703600000| Untracked 
|  22|0x0000000703800000, 0x0000000703800000, 0x0000000703a00000|  0%| F|  |TAMS 0x0000000703800000, 0x0000000703800000| Untracked 
|  23|0x0000000703a00000, 0x0000000703a00000, 0x0000000703c00000|  0%| F|  |TAMS 0x0000000703a00000, 0x0000000703a00000| Untracked 
|  24|0x0000000703c00000, 0x0000000703c00000, 0x0000000703e00000|  0%| F|  |TAMS 0x0000000703c00000, 0x0000000703c00000| Untracked 
|  25|0x0000000703e00000, 0x0000000703f6d540, 0x0000000704000000| 71%| E|  |TAMS 0x0000000703e00000, 0x0000000703e00000| Complete 
|  26|0x0000000704000000, 0x0000000704200000, 0x0000000704200000|100%| E|CS|TAMS 0x0000000704000000, 0x0000000704000000| Complete 
|  27|0x0000000704200000, 0x0000000704400000, 0x0000000704400000|100%| E|CS|TAMS 0x0000000704200000, 0x0000000704200000| Complete 
| 116|0x000000070f400000, 0x000000070f5389e0, 0x000000070f600000| 61%| S|CS|TAMS 0x000000070f400000, 0x000000070f400000| Complete 
| 117|0x000000070f600000, 0x000000070f800000, 0x000000070f800000|100%| S|CS|TAMS 0x000000070f600000, 0x000000070f600000| Complete 
| 118|0x000000070f800000, 0x000000070fa00000, 0x000000070fa00000|100%| S|CS|TAMS 0x000000070f800000, 0x000000070f800000| Complete 
| 119|0x000000070fa00000, 0x000000070fc00000, 0x000000070fc00000|100%| S|CS|TAMS 0x000000070fa00000, 0x000000070fa00000| Complete 
| 120|0x000000070fc00000, 0x000000070fe00000, 0x000000070fe00000|100%| S|CS|TAMS 0x000000070fc00000, 0x000000070fc00000| Complete 
| 127|0x0000000710a00000, 0x0000000710c00000, 0x0000000710c00000|100%| E|CS|TAMS 0x0000000710a00000, 0x0000000710a00000| Complete 

Card table byte_map: [0x00000243338c0000,0x00000243340c0000] _byte_map_base: 0x00000243300ba000

Marking Bits (Prev, Next): (CMBitMap*) 0x0000024319f31080, (CMBitMap*) 0x0000024319f31040
 Prev Bits: [0x0000024338890000, 0x000002433c860000)
 Next Bits: [0x00000243348c0000, 0x0000024338890000)

Polling page: 0x0000024319d70000

Metaspace:

Usage:
  Non-class:     20.51 MB used.
      Class:      3.12 MB used.
       Both:     23.63 MB used.

Virtual space:
  Non-class space:       64.00 MB reserved,      20.75 MB ( 32%) committed,  1 nodes.
      Class space:        1.00 GB reserved,       3.31 MB ( <1%) committed,  1 nodes.
             Both:        1.06 GB reserved,      24.06 MB (  2%) committed. 

Chunk freelists:
   Non-Class:  2.48 MB
       Class:  656.00 KB
        Both:  3.12 MB

MaxMetaspaceSize: unlimited
CompressedClassSpaceSize: 1.00 GB
Initial GC threshold: 21.00 MB
Current GC threshold: 35.12 MB
CDS: on
MetaspaceReclaimPolicy: balanced
 - commit_granule_bytes: 65536.
 - commit_granule_words: 8192.
 - virtual_space_node_default_size: 8388608.
 - enlarge_chunks_in_place: 1.
 - new_chunks_are_fully_committed: 0.
 - uncommit_free_chunks: 1.
 - use_allocation_guard: 0.


Internal statistics:

num_allocs_failed_limit: 3.
num_arena_births: 384.
num_arena_deaths: 0.
num_vsnodes_births: 2.
num_vsnodes_deaths: 0.
num_space_committed: 385.
num_space_uncommitted: 0.
num_chunks_returned_to_freelist: 3.
num_chunks_taken_from_freelist: 1021.
num_chunk_merges: 3.
num_chunk_splits: 732.
num_chunks_enlarged: 561.
num_inconsistent_stats: 0.

CodeHeap 'non-profiled nmethods': size=120000Kb used=1368Kb max_used=1368Kb free=118631Kb
 bounds [0x000002432b110000, 0x000002432b380000, 0x0000024332640000]
CodeHeap 'profiled nmethods': size=120000Kb used=6627Kb max_used=6627Kb free=113372Kb
 bounds [0x0000024323640000, 0x0000024323cc0000, 0x000002432ab70000]
CodeHeap 'non-nmethods': size=5760Kb used=1592Kb max_used=1615Kb free=4167Kb
 bounds [0x000002432ab70000, 0x000002432ade0000, 0x000002432b110000]
 total_blobs=4411 nmethods=3520 adapters=799
 compilation: enabled
              stopped_count=0, restarted_count=0
 full_count=0

Compilation events (20 events):
Event: 5.862 Thread 0x000002433f3324b0 nmethod 3518 0x0000024323cb4790 code [0x0000024323cb4920, 0x0000024323cb4a78]
Event: 5.862 Thread 0x000002433f3324b0 3515       3       java.lang.Package::getName (5 bytes)
Event: 5.862 Thread 0x000002433f3324b0 nmethod 3515 0x0000024323cb4b10 code [0x0000024323cb4ca0, 0x0000024323cb4e58]
Event: 5.862 Thread 0x000002433f3324b0 3512       3       com.sun.org.apache.xerces.internal.impl.XMLDocumentFragmentScannerImpl::getCharacterData (17 bytes)
Event: 5.862 Thread 0x000002433f3324b0 nmethod 3512 0x0000024323cb4f10 code [0x0000024323cb50c0, 0x0000024323cb5258]
Event: 5.862 Thread 0x000002433f3324b0 3514       3       javafx.scene.Node::getOrientationParent (24 bytes)
Event: 5.862 Thread 0x000002433f3324b0 nmethod 3514 0x0000024323cb5310 code [0x0000024323cb5500, 0x0000024323cb5ae8]
Event: 5.862 Thread 0x000002433f3324b0 3516       3       com.sun.org.apache.xerces.internal.utils.XMLLimitAnalyzer::addValue (260 bytes)
Event: 5.863 Thread 0x000002433f3324b0 nmethod 3516 0x0000024323cb5c90 code [0x0000024323cb5fc0, 0x0000024323cb7508]
Event: 5.863 Thread 0x000002433f3324b0 3517       3       com.sun.org.apache.xerces.internal.utils.XMLLimitAnalyzer::addValue (11 bytes)
Event: 5.863 Thread 0x000002433f3324b0 nmethod 3517 0x0000024323cb7c10 code [0x0000024323cb7dc0, 0x0000024323cb7f08]
Event: 5.863 Thread 0x000002433f3324b0 3513       3       java.lang.reflect.Method::getParameterCount (6 bytes)
Event: 5.863 Thread 0x000002433f3324b0 nmethod 3513 0x0000024323cb8010 code [0x0000024323cb81a0, 0x0000024323cb82b8]
Event: 6.206 Thread 0x000002433f3324b0 3520       3       com.sun.javafx.event.EventHandlerManager::dispatchBubblingEvent (41 bytes)
Event: 6.207 Thread 0x000002433f3324b0 nmethod 3520 0x0000024323cb8390 code [0x0000024323cb85a0, 0x0000024323cb8d18]
Event: 6.511 Thread 0x000002433f326f00 3521       4       java.util.EnumMap$ValueIterator::next (50 bytes)
Event: 6.513 Thread 0x000002433f326f00 nmethod 3521 0x000002432b265810 code [0x000002432b2659a0, 0x000002432b265b98]
Event: 6.545 Thread 0x000002433f326f00 3522       4       com.sun.javafx.event.EventDispatchChainImpl::dispatchEvent (101 bytes)
Event: 6.546 Thread 0x000002433f326f00 nmethod 3522 0x000002432b265d90 code [0x000002432b265f20, 0x000002432b2660d8]
Event: 9.921 Thread 0x000002433f3324b0 3523       3       com.sun.javafx.font.FontStrikeDesc::hashCode (68 bytes)

GC Heap History (6 events):
Event: 0.694 GC heap before
{Heap before GC invocations=0 (full 0):
 garbage-first heap   total 262144K, used 20480K [0x0000000700c00000, 0x0000000800000000)
  region size 2048K, 11 young (22528K), 0 survivors (0K)
 Metaspace       used 5244K, committed 5440K, reserved 1114112K
  class space    used 597K, committed 704K, reserved 1048576K
}
Event: 0.697 GC heap after
{Heap after GC invocations=1 (full 0):
 garbage-first heap   total 262144K, used 2907K [0x0000000700c00000, 0x0000000800000000)
  region size 2048K, 2 young (4096K), 2 survivors (4096K)
 Metaspace       used 5244K, committed 5440K, reserved 1114112K
  class space    used 597K, committed 704K, reserved 1048576K
}
Event: 2.100 GC heap before
{Heap before GC invocations=1 (full 0):
 garbage-first heap   total 262144K, used 45915K [0x0000000700c00000, 0x0000000800000000)
  region size 2048K, 20 young (40960K), 2 survivors (4096K)
 Metaspace       used 15586K, committed 15936K, reserved 1114112K
  class space    used 2270K, committed 2432K, reserved 1048576K
}
Event: 2.106 GC heap after
{Heap after GC invocations=2 (full 0):
 garbage-first heap   total 262144K, used 11463K [0x0000000700c00000, 0x0000000800000000)
  region size 2048K, 3 young (6144K), 3 survivors (6144K)
 Metaspace       used 15586K, committed 15936K, reserved 1114112K
  class space    used 2270K, committed 2432K, reserved 1048576K
}
Event: 4.942 GC heap before
{Heap before GC invocations=2 (full 0):
 garbage-first heap   total 262144K, used 27847K [0x0000000700c00000, 0x0000000800000000)
  region size 2048K, 10 young (20480K), 3 survivors (6144K)
 Metaspace       used 21135K, committed 21504K, reserved 1114112K
  class space    used 2810K, committed 3008K, reserved 1048576K
}
Event: 4.949 GC heap after
{Heap after GC invocations=3 (full 0):
 garbage-first heap   total 262144K, used 16809K [0x0000000700c00000, 0x0000000800000000)
  region size 2048K, 5 young (10240K), 5 survivors (10240K)
 Metaspace       used 21135K, committed 21504K, reserved 1114112K
  class space    used 2810K, committed 3008K, reserved 1048576K
}

Dll operation events (20 events):
Event: 0.356 Loaded shared library C:\Users\zheck\.openjfx\cache\19+11\amd64\api-ms-win-crt-math-l1-1-0.dll
Event: 0.359 Loaded shared library C:\Users\zheck\.openjfx\cache\19+11\amd64\api-ms-win-crt-multibyte-l1-1-0.dll
Event: 0.364 Loaded shared library C:\Users\zheck\.openjfx\cache\19+11\amd64\api-ms-win-crt-private-l1-1-0.dll
Event: 0.367 Loaded shared library C:\Users\zheck\.openjfx\cache\19+11\amd64\api-ms-win-crt-process-l1-1-0.dll
Event: 0.370 Loaded shared library C:\Users\zheck\.openjfx\cache\19+11\amd64\api-ms-win-crt-runtime-l1-1-0.dll
Event: 0.373 Loaded shared library C:\Users\zheck\.openjfx\cache\19+11\amd64\api-ms-win-crt-stdio-l1-1-0.dll
Event: 0.376 Loaded shared library C:\Users\zheck\.openjfx\cache\19+11\amd64\api-ms-win-crt-string-l1-1-0.dll
Event: 0.379 Loaded shared library C:\Users\zheck\.openjfx\cache\19+11\amd64\api-ms-win-crt-time-l1-1-0.dll
Event: 0.382 Loaded shared library C:\Users\zheck\.openjfx\cache\19+11\amd64\api-ms-win-crt-utility-l1-1-0.dll
Event: 0.398 Loaded shared library C:\Users\zheck\.openjfx\cache\19+11\amd64\ucrtbase.dll
Event: 0.401 Loaded shared library C:\Users\zheck\.openjfx\cache\19+11\amd64\vcruntime140.dll
Event: 0.405 Loaded shared library C:\Users\zheck\.openjfx\cache\19+11\amd64\vcruntime140_1.dll
Event: 0.413 Loaded shared library C:\Users\zheck\.openjfx\cache\19+11\amd64\msvcp140.dll
Event: 0.416 Loaded shared library C:\Users\zheck\.openjfx\cache\19+11\amd64\msvcp140_1.dll
Event: 0.419 Loaded shared library C:\Users\zheck\.openjfx\cache\19+11\amd64\msvcp140_2.dll
Event: 0.451 Loaded shared library C:\Users\zheck\.openjfx\cache\19+11\amd64\prism_d3d.dll
Event: 0.520 Loaded shared library C:\Users\zheck\.openjfx\cache\19+11\amd64\glass.dll
Event: 0.689 Loaded shared library C:\Program Files\Java\jdk-19\bin\jimage.dll
Event: 0.803 Loaded shared library C:\Users\zheck\.openjfx\cache\19+11\amd64\javafx_font.dll
Event: 4.951 Loaded shared library C:\Program Files\Java\jdk-19\bin\sunmscapi.dll

Deoptimization events (20 events):
Event: 5.046 Thread 0x000002433f3474f0 DEOPT PACKING pc=0x000002432b204068 sp=0x000000f3f94f99f0
Event: 5.046 Thread 0x000002433f3474f0 DEOPT UNPACKING pc=0x000002432abd6da3 sp=0x000000f3f94f9928 mode 2
Event: 5.047 Thread 0x000002433f3474f0 Uncommon trap: trap_request=0xffffffde fr.pc=0x000002432b204068 relative=0x00000000000009c8
Event: 5.047 Thread 0x000002433f3474f0 Uncommon trap: reason=class_check action=maybe_recompile pc=0x000002432b204068 method=java.util.HashMap.putVal(ILjava/lang/Object;Ljava/lang/Object;ZZ)Ljava/lang/Object; @ 253 c2
Event: 5.047 Thread 0x000002433f3474f0 DEOPT PACKING pc=0x000002432b204068 sp=0x000000f3f94f99f0
Event: 5.047 Thread 0x000002433f3474f0 DEOPT UNPACKING pc=0x000002432abd6da3 sp=0x000000f3f94f9928 mode 2
Event: 5.096 Thread 0x000002433f3474f0 Uncommon trap: trap_request=0xffffffc6 fr.pc=0x000002432b171254 relative=0x0000000000000754
Event: 5.096 Thread 0x000002433f3474f0 Uncommon trap: reason=bimorphic_or_optimized_type_check action=maybe_recompile pc=0x000002432b171254 method=java.io.DataInputStream.readFully([BII)V @ 30 c2
Event: 5.096 Thread 0x000002433f3474f0 DEOPT PACKING pc=0x000002432b171254 sp=0x000000f3f94fa190
Event: 5.096 Thread 0x000002433f3474f0 DEOPT UNPACKING pc=0x000002432abd6da3 sp=0x000000f3f94fa168 mode 2
Event: 5.768 Thread 0x000002433f3474f0 Uncommon trap: trap_request=0xffffff45 fr.pc=0x000002432b229e08 relative=0x0000000000000208
Event: 5.768 Thread 0x000002433f3474f0 Uncommon trap: reason=unstable_if action=reinterpret pc=0x000002432b229e08 method=com.sun.javafx.event.EventHandlerManager.dispatchBubblingEvent(Ljavafx/event/EventType;Ljavafx/event/Event;)Ljavafx/event/Event; @ 22 c2
Event: 5.768 Thread 0x000002433f3474f0 DEOPT PACKING pc=0x000002432b229e08 sp=0x000000f3f94f9320
Event: 5.768 Thread 0x000002433f3474f0 DEOPT UNPACKING pc=0x000002432abd6da3 sp=0x000000f3f94f92d0 mode 2
Event: 5.853 Thread 0x000002433f3474f0 DEOPT PACKING pc=0x000002432372b73e sp=0x000000f3f94f80d0
Event: 5.853 Thread 0x000002433f3474f0 DEOPT UNPACKING pc=0x000002432abd7543 sp=0x000000f3f94f7570 mode 0
Event: 5.858 Thread 0x000002433f3474f0 Uncommon trap: trap_request=0xffffffde fr.pc=0x000002432b201014 relative=0x0000000000000414
Event: 5.858 Thread 0x000002433f3474f0 Uncommon trap: reason=class_check action=maybe_recompile pc=0x000002432b201014 method=javafx.scene.Node.updateLocalToParentTransform()V @ 11 c2
Event: 5.858 Thread 0x000002433f3474f0 DEOPT PACKING pc=0x000002432b201014 sp=0x000000f3f94f88c0
Event: 5.858 Thread 0x000002433f3474f0 DEOPT UNPACKING pc=0x000002432abd6da3 sp=0x000000f3f94f8850 mode 2

Classes loaded (20 events):
Event: 5.042 Loading class javax/security/auth/callback/UnsupportedCallbackException
Event: 5.042 Loading class javax/security/auth/callback/UnsupportedCallbackException done
Event: 5.042 Loading class javax/security/auth/login/Configuration
Event: 5.042 Loading class javax/security/auth/login/Configuration done
Event: 5.043 Loading class javax/security/auth/callback/Callback
Event: 5.043 Loading class javax/security/auth/callback/Callback done
Event: 5.043 Loading class sun/invoke/util/VerifyAccess$1
Event: 5.043 Loading class sun/invoke/util/VerifyAccess$1 done
Event: 5.045 Loading class sun/security/ssl/PostHandshakeContext
Event: 5.045 Loading class sun/security/ssl/PostHandshakeContext done
Event: 5.046 Loading class sun/security/ssl/NewSessionTicket$T13NewSessionTicketMessage
Event: 5.046 Loading class sun/security/ssl/NewSessionTicket$NewSessionTicketMessage
Event: 5.046 Loading class sun/security/ssl/NewSessionTicket$NewSessionTicketMessage done
Event: 5.046 Loading class sun/security/ssl/NewSessionTicket$T13NewSessionTicketMessage done
Event: 5.065 Loading class java/util/TimerTask
Event: 5.065 Loading class java/util/TimerTask done
Event: 5.067 Loading class java/util/RegularEnumSet$EnumSetIterator
Event: 5.067 Loading class java/util/RegularEnumSet$EnumSetIterator done
Event: 9.919 Loading class jdk/internal/misc/Signal$1
Event: 9.919 Loading class jdk/internal/misc/Signal$1 done

Classes unloaded (0 events):
No events

Classes redefined (0 events):
No events

Internal exceptions (20 events):
Event: 1.387 Thread 0x000002433f3474f0 Exception <a 'java/lang/NoSuchMethodError'{0x000000070e949868}: 'long java.lang.invoke.DirectMethodHandle$Holder.invokeStatic(java.lang.Object, java.lang.Object, java.lang.Object)'> (0x000000070e949868) 
thrown [s\open\src\hotspot\share\interpreter\linkResolver.cpp, line 774]
Event: 1.387 Thread 0x000002433f3474f0 Exception <a 'java/lang/NoSuchMethodError'{0x000000070e94cee0}: 'long java.lang.invoke.DirectMethodHandle$Holder.invokeStaticInit(java.lang.Object, java.lang.Object, java.lang.Object)'> (0x000000070e94cee0) 
thrown [s\open\src\hotspot\share\interpreter\linkResolver.cpp, line 774]
Event: 1.389 Thread 0x000002433f3474f0 Exception <a 'java/lang/NoSuchMethodError'{0x000000070e9cb0d8}: 'java.lang.Object java.lang.invoke.DirectMethodHandle$Holder.newInvokeSpecial(java.lang.Object, java.lang.Object, long)'> (0x000000070e9cb0d8) 
thrown [s\open\src\hotspot\share\interpreter\linkResolver.cpp, line 774]
Event: 1.389 Thread 0x000002433f3474f0 Exception <a 'java/lang/NoSuchMethodError'{0x000000070e9cec60}: 'java.lang.Object java.lang.invoke.Invokers$Holder.linkToTargetMethod(java.lang.Object, long, java.lang.Object)'> (0x000000070e9cec60) 
thrown [s\open\src\hotspot\share\interpreter\linkResolver.cpp, line 774]
Event: 1.984 Thread 0x000002433f3474f0 Exception <a 'java/lang/NoSuchMethodError'{0x000000070e509ce0}: 'java.lang.Object java.lang.invoke.DirectMethodHandle$Holder.newInvokeSpecial(java.lang.Object, java.lang.Object, int, int, int, int, int, java.lang.Object)'> (0x000000070e509ce0) 
thrown [s\open\src\hotspot\share\interpreter\linkResolver.cpp, line 774]
Event: 1.985 Thread 0x000002433f3474f0 Exception <a 'java/lang/NoSuchMethodError'{0x000000070e51ccc8}: 'java.lang.Object java.lang.invoke.DirectMethodHandle$Holder.newInvokeSpecial(java.lang.Object, java.lang.Object, java.lang.Object, int, int, int, int, int)'> (0x000000070e51ccc8) 
thrown [s\open\src\hotspot\share\interpreter\linkResolver.cpp, line 774]
Event: 1.985 Thread 0x000002433f3474f0 Exception <a 'java/lang/NoSuchMethodError'{0x000000070e524538}: 'java.lang.Object java.lang.invoke.Invokers$Holder.linkToTargetMethod(java.lang.Object, java.lang.Object, int, int, int, int, int, java.lang.Object)'> (0x000000070e524538) 
thrown [s\open\src\hotspot\share\interpreter\linkResolver.cpp, line 774]
Event: 4.702 Thread 0x000002433f3474f0 Exception <a 'sun/nio/fs/WindowsException'{0x000000071070c108}> (0x000000071070c108) 
thrown [s\open\src\hotspot\share\prims\jni.cpp, line 517]
Event: 4.718 Thread 0x000002433f3474f0 Exception <a 'java/lang/NoSuchMethodError'{0x00000007107fac88}: 'java.lang.Object java.lang.invoke.DirectMethodHandle$Holder.invokeInterface(java.lang.Object, java.lang.Object)'> (0x00000007107fac88) 
thrown [s\open\src\hotspot\share\interpreter\linkResolver.cpp, line 774]
Event: 4.720 Thread 0x000002433f3474f0 Exception <a 'sun/nio/fs/WindowsException'{0x00000007104057f0}> (0x00000007104057f0) 
thrown [s\open\src\hotspot\share\prims\jni.cpp, line 517]
Event: 4.720 Thread 0x000002433f3474f0 Exception <a 'sun/nio/fs/WindowsException'{0x0000000710407ef8}> (0x0000000710407ef8) 
thrown [s\open\src\hotspot\share\prims\jni.cpp, line 517]
Event: 4.728 Thread 0x000002433f3474f0 Exception <a 'sun/nio/fs/WindowsException'{0x00000007104625a0}> (0x00000007104625a0) 
thrown [s\open\src\hotspot\share\prims\jni.cpp, line 517]
Event: 4.728 Thread 0x000002433f3474f0 Exception <a 'sun/nio/fs/WindowsException'{0x0000000710464bc0}> (0x0000000710464bc0) 
thrown [s\open\src\hotspot\share\prims\jni.cpp, line 517]
Event: 4.732 Thread 0x000002433f3474f0 Exception <a 'java/lang/NoSuchMethodError'{0x0000000710474138}: 'java.lang.Object java.lang.invoke.DirectMethodHandle$Holder.invokeVirtual(java.lang.Object, java.lang.Object, java.lang.Object)'> (0x0000000710474138) 
thrown [s\open\src\hotspot\share\interpreter\linkResolver.cpp, line 774]
Event: 4.786 Thread 0x000002433f3474f0 Exception <a 'sun/nio/fs/WindowsException'{0x000000071035c1a8}> (0x000000071035c1a8) 
thrown [s\open\src\hotspot\share\prims\jni.cpp, line 517]
Event: 4.841 Thread 0x000002433f3474f0 Exception <a 'sun/nio/fs/WindowsException'{0x000000071019fdf8}> (0x000000071019fdf8) 
thrown [s\open\src\hotspot\share\prims\jni.cpp, line 517]
Event: 4.869 Thread 0x000002433f3474f0 Exception <a 'sun/nio/fs/WindowsException'{0x000000070fe8c408}> (0x000000070fe8c408) 
thrown [s\open\src\hotspot\share\prims\jni.cpp, line 517]
Event: 4.873 Thread 0x000002433f3474f0 Exception <a 'sun/nio/fs/WindowsException'{0x000000070fea1098}> (0x000000070fea1098) 
thrown [s\open\src\hotspot\share\prims\jni.cpp, line 517]
Event: 4.896 Thread 0x000002433f3474f0 Exception <a 'java/lang/NoSuchMethodError'{0x000000070ff42be8}: 'java.lang.Object java.lang.invoke.DirectMethodHandle$Holder.invokeStaticInit(java.lang.Object, int, int, int, int)'> (0x000000070ff42be8) 
thrown [s\open\src\hotspot\share\interpreter\linkResolver.cpp, line 774]
Event: 4.931 Thread 0x000002433f3474f0 Exception <a 'java/lang/NoSuchMethodError'{0x000000070ff608e8}: 'java.lang.Object java.lang.invoke.DirectMethodHandle$Holder.invokeStaticInit(java.lang.Object, java.lang.Object, int, int, int, int)'> (0x000000070ff608e8) 
thrown [s\open\src\hotspot\share\interpreter\linkResolver.cpp, line 774]

VM Operations (20 events):
Event: 4.719 Executing VM operation: HandshakeAllThreads done
Event: 4.729 Executing VM operation: HandshakeAllThreads
Event: 4.729 Executing VM operation: HandshakeAllThreads done
Event: 4.873 Executing VM operation: HandshakeAllThreads
Event: 4.873 Executing VM operation: HandshakeAllThreads done
Event: 4.887 Executing VM operation: HandshakeAllThreads
Event: 4.887 Executing VM operation: HandshakeAllThreads done
Event: 4.942 Executing VM operation: CollectForMetadataAllocation
Event: 4.949 Executing VM operation: CollectForMetadataAllocation done
Event: 4.954 Executing VM operation: G1PauseRemark
Event: 4.955 Executing VM operation: G1PauseRemark done
Event: 4.956 Executing VM operation: G1PauseCleanup
Event: 4.956 Executing VM operation: G1PauseCleanup done
Event: 5.023 Executing VM operation: HandshakeAllThreads
Event: 5.023 Executing VM operation: HandshakeAllThreads done
Event: 6.023 Executing VM operation: Cleanup
Event: 6.023 Executing VM operation: Cleanup done
Event: 7.024 Executing VM operation: Cleanup
Event: 7.024 Executing VM operation: Cleanup done
Event: 9.921 Executing VM operation: Exit

Events (20 events):
Event: 0.665 Thread 0x0000024344c36b20 Thread added: 0x0000024344c36b20
Event: 0.817 Thread 0x0000024344ce2800 Thread added: 0x0000024344ce2800
Event: 0.855 Thread 0x0000024344d9c090 Thread added: 0x0000024344d9c090
Event: 1.246 Thread 0x0000024344c33b50 Thread added: 0x0000024344c33b50
Event: 1.398 Thread 0x0000024344c37070 Thread added: 0x0000024344c37070
Event: 1.550 Thread 0x0000024344ce2800 Thread exited: 0x0000024344ce2800
Event: 1.550 Thread 0x0000024344d9c090 Thread exited: 0x0000024344d9c090
Event: 2.107 Thread 0x0000024344f337b0 Thread added: 0x0000024344f337b0
Event: 2.163 Thread 0x000002434c035990 Thread added: 0x000002434c035990
Event: 2.352 Thread 0x000002434c035990 Thread exited: 0x000002434c035990
Event: 2.382 Thread 0x0000024344f337b0 Thread exited: 0x0000024344f337b0
Event: 4.706 Thread 0x0000024344c345f0 Thread added: 0x0000024344c345f0
Event: 4.725 Thread 0x00000243450547c0 Thread added: 0x00000243450547c0
Event: 5.851 Thread 0x00000243450547c0 Thread exited: 0x00000243450547c0
Event: 9.919 Thread 0x0000024344c2f640 Thread added: 0x0000024344c2f640
Event: 9.920 Thread 0x0000024344c33600 Thread added: 0x0000024344c33600
Event: 9.920 Thread 0x0000024344c34b40 Thread added: 0x0000024344c34b40
Event: 9.920 Thread 0x0000024344c34b40 Thread exited: 0x0000024344c34b40
Event: 9.921 Thread 0x0000024344c33600 Thread exited: 0x0000024344c33600
Event: 9.921 Thread 0x000002433f31ce20 Thread exited: 0x000002433f31ce20


Dynamic libraries:
0x00007ff700bf0000 - 0x00007ff700c00000 	C:\Program Files\Java\jdk-19\bin\java.exe
0x00007ffc5c7f0000 - 0x00007ffc5c9e8000 	C:\Windows\SYSTEM32\ntdll.dll
0x00007ffc5a910000 - 0x00007ffc5a9cf000 	C:\Windows\System32\KERNEL32.DLL
0x00007ffc5a340000 - 0x00007ffc5a612000 	C:\Windows\System32\KERNELBASE.dll
0x00007ffc5a700000 - 0x00007ffc5a800000 	C:\Windows\System32\ucrtbase.dll
0x00007ffc4f4d0000 - 0x00007ffc4f4e8000 	C:\Program Files\Java\jdk-19\bin\jli.dll
0x00007ffc4f290000 - 0x00007ffc4f2ab000 	C:\Program Files\Java\jdk-19\bin\VCRUNTIME140.dll
0x00007ffc5aeb0000 - 0x00007ffc5af5e000 	C:\Windows\System32\ADVAPI32.dll
0x00007ffc5b600000 - 0x00007ffc5b69e000 	C:\Windows\System32\msvcrt.dll
0x00007ffc5acf0000 - 0x00007ffc5ad8c000 	C:\Windows\System32\sechost.dll
0x00007ffc5aa10000 - 0x00007ffc5ab35000 	C:\Windows\System32\RPCRT4.dll
0x00007ffc5bdf0000 - 0x00007ffc5bf91000 	C:\Windows\System32\USER32.dll
0x00007ffc43370000 - 0x00007ffc4360a000 	C:\Windows\WinSxS\amd64_microsoft.windows.common-controls_6595b64144ccf1df_6.0.19041.1110_none_60b5254171f9507e\COMCTL32.dll
0x00007ffc5a800000 - 0x00007ffc5a822000 	C:\Windows\System32\win32u.dll
0x00007ffc5a9d0000 - 0x00007ffc5a9fb000 	C:\Windows\System32\GDI32.dll
0x00007ffc5a190000 - 0x00007ffc5a29f000 	C:\Windows\System32\gdi32full.dll
0x00007ffc5a2a0000 - 0x00007ffc5a33d000 	C:\Windows\System32\msvcp_win.dll
0x00007ffc529a0000 - 0x00007ffc529aa000 	C:\Windows\SYSTEM32\VERSION.dll
0x00007ffc5ad90000 - 0x00007ffc5adc2000 	C:\Windows\System32\IMM32.DLL
0x00007ffc4f5c0000 - 0x00007ffc4f5cc000 	C:\Program Files\Java\jdk-19\bin\vcruntime140_1.dll
0x00007ffc3ceb0000 - 0x00007ffc3cf3e000 	C:\Program Files\Java\jdk-19\bin\msvcp140.dll
0x00007ffbd8860000 - 0x00007ffbd9520000 	C:\Program Files\Java\jdk-19\bin\server\jvm.dll
0x00007ffc48800000 - 0x00007ffc48809000 	C:\Windows\SYSTEM32\WSOCK32.dll
0x00007ffc4d570000 - 0x00007ffc4d597000 	C:\Windows\SYSTEM32\WINMM.dll
0x00007ffc5b590000 - 0x00007ffc5b5fb000 	C:\Windows\System32\WS2_32.dll
0x00007ffc58750000 - 0x00007ffc58762000 	C:\Windows\SYSTEM32\kernel.appcore.dll
0x00007ffc4f3a0000 - 0x00007ffc4f3aa000 	C:\Program Files\Java\jdk-19\bin\jimage.dll
0x00007ffc57ad0000 - 0x00007ffc57cb4000 	C:\Windows\SYSTEM32\DBGHELP.DLL
0x00007ffc4cc30000 - 0x00007ffc4cc65000 	C:\Windows\SYSTEM32\dbgcore.DLL
0x00007ffc59fa0000 - 0x00007ffc5a022000 	C:\Windows\System32\bcryptPrimitives.dll
0x00007ffc55670000 - 0x00007ffc5567e000 	C:\Program Files\Java\jdk-19\bin\instrument.dll
0x00007ffc4f260000 - 0x00007ffc4f286000 	C:\Program Files\Java\jdk-19\bin\java.dll
0x00007ffbf93f0000 - 0x00007ffbf94c7000 	C:\Program Files\Java\jdk-19\bin\jsvml.dll
0x00007ffc5b6a0000 - 0x00007ffc5bde5000 	C:\Windows\System32\SHELL32.dll
0x00007ffc57fa0000 - 0x00007ffc58732000 	C:\Windows\SYSTEM32\windows.storage.dll
0x00007ffc5b230000 - 0x00007ffc5b585000 	C:\Windows\System32\combase.dll
0x00007ffc59940000 - 0x00007ffc59970000 	C:\Windows\SYSTEM32\Wldp.dll
0x00007ffc5af60000 - 0x00007ffc5b00d000 	C:\Windows\System32\SHCORE.dll
0x00007ffc5c1a0000 - 0x00007ffc5c1f5000 	C:\Windows\System32\shlwapi.dll
0x00007ffc59e20000 - 0x00007ffc59e3f000 	C:\Windows\SYSTEM32\profapi.dll
0x00007ffc45980000 - 0x00007ffc45993000 	C:\Program Files\Java\jdk-19\bin\net.dll
0x00007ffc51e70000 - 0x00007ffc51f7c000 	C:\Windows\SYSTEM32\WINHTTP.dll
0x00007ffc596a0000 - 0x00007ffc5970a000 	C:\Windows\system32\mswsock.dll
0x00007ffc31070000 - 0x00007ffc31086000 	C:\Program Files\Java\jdk-19\bin\nio.dll
0x00007ffc30860000 - 0x00007ffc30878000 	C:\Program Files\Java\jdk-19\bin\zip.dll
0x00007ffc55650000 - 0x00007ffc5566a000 	C:\Program Files\JetBrains\IntelliJ IDEA 2022.3\bin\breakgen64.dll
0x0000024319fc0000 - 0x0000024319fc3000 	C:\Users\zheck\.openjfx\cache\19+11\amd64\api-ms-win-core-console-l1-1-0.dll
0x0000024319fd0000 - 0x0000024319fd3000 	C:\Users\zheck\.openjfx\cache\19+11\amd64\api-ms-win-core-console-l1-2-0.dll
0x0000024319fe0000 - 0x0000024319fe3000 	C:\Users\zheck\.openjfx\cache\19+11\amd64\api-ms-win-core-datetime-l1-1-0.dll
0x000002433f370000 - 0x000002433f373000 	C:\Users\zheck\.openjfx\cache\19+11\amd64\api-ms-win-core-debug-l1-1-0.dll
0x000002433f380000 - 0x000002433f383000 	C:\Users\zheck\.openjfx\cache\19+11\amd64\api-ms-win-core-errorhandling-l1-1-0.dll
0x000002433f390000 - 0x000002433f394000 	C:\Users\zheck\.openjfx\cache\19+11\amd64\api-ms-win-core-file-l1-1-0.dll
0x000002433f3a0000 - 0x000002433f3a3000 	C:\Users\zheck\.openjfx\cache\19+11\amd64\api-ms-win-core-file-l1-2-0.dll
0x000002433f3b0000 - 0x000002433f3b3000 	C:\Users\zheck\.openjfx\cache\19+11\amd64\api-ms-win-core-file-l2-1-0.dll
0x000002433f3c0000 - 0x000002433f3c3000 	C:\Users\zheck\.openjfx\cache\19+11\amd64\api-ms-win-core-handle-l1-1-0.dll
0x000002433f3d0000 - 0x000002433f3d3000 	C:\Users\zheck\.openjfx\cache\19+11\amd64\api-ms-win-core-heap-l1-1-0.dll
0x000002433f3e0000 - 0x000002433f3e3000 	C:\Users\zheck\.openjfx\cache\19+11\amd64\api-ms-win-core-interlocked-l1-1-0.dll
0x000002433f3f0000 - 0x000002433f3f3000 	C:\Users\zheck\.openjfx\cache\19+11\amd64\api-ms-win-core-libraryloader-l1-1-0.dll
0x00000243450d0000 - 0x00000243450d3000 	C:\Users\zheck\.openjfx\cache\19+11\amd64\api-ms-win-core-localization-l1-2-0.dll
0x00000243450e0000 - 0x00000243450e3000 	C:\Users\zheck\.openjfx\cache\19+11\amd64\api-ms-win-core-memory-l1-1-0.dll
0x00000243450f0000 - 0x00000243450f3000 	C:\Users\zheck\.openjfx\cache\19+11\amd64\api-ms-win-core-namedpipe-l1-1-0.dll
0x0000024345100000 - 0x0000024345103000 	C:\Users\zheck\.openjfx\cache\19+11\amd64\api-ms-win-core-processenvironment-l1-1-0.dll
0x0000024345110000 - 0x0000024345113000 	C:\Users\zheck\.openjfx\cache\19+11\amd64\api-ms-win-core-processthreads-l1-1-0.dll
0x0000024345120000 - 0x0000024345123000 	C:\Users\zheck\.openjfx\cache\19+11\amd64\api-ms-win-core-processthreads-l1-1-1.dll
0x0000024345130000 - 0x0000024345133000 	C:\Users\zheck\.openjfx\cache\19+11\amd64\api-ms-win-core-profile-l1-1-0.dll
0x0000024345140000 - 0x0000024345143000 	C:\Users\zheck\.openjfx\cache\19+11\amd64\api-ms-win-core-rtlsupport-l1-1-0.dll
0x0000024345150000 - 0x0000024345153000 	C:\Users\zheck\.openjfx\cache\19+11\amd64\api-ms-win-core-string-l1-1-0.dll
0x0000024345160000 - 0x0000024345163000 	C:\Users\zheck\.openjfx\cache\19+11\amd64\api-ms-win-core-synch-l1-1-0.dll
0x0000024345170000 - 0x0000024345173000 	C:\Users\zheck\.openjfx\cache\19+11\amd64\api-ms-win-core-synch-l1-2-0.dll
0x0000024345180000 - 0x0000024345183000 	C:\Users\zheck\.openjfx\cache\19+11\amd64\api-ms-win-core-sysinfo-l1-1-0.dll
0x0000024345190000 - 0x0000024345193000 	C:\Users\zheck\.openjfx\cache\19+11\amd64\api-ms-win-core-timezone-l1-1-0.dll
0x00000243452c0000 - 0x00000243452c3000 	C:\Users\zheck\.openjfx\cache\19+11\amd64\api-ms-win-core-util-l1-1-0.dll
0x00000243452d0000 - 0x00000243452d3000 	C:\Users\zheck\.openjfx\cache\19+11\amd64\api-ms-win-crt-conio-l1-1-0.dll
0x00000243452e0000 - 0x00000243452e4000 	C:\Users\zheck\.openjfx\cache\19+11\amd64\api-ms-win-crt-convert-l1-1-0.dll
0x00000243452f0000 - 0x00000243452f3000 	C:\Users\zheck\.openjfx\cache\19+11\amd64\api-ms-win-crt-environment-l1-1-0.dll
0x0000024345300000 - 0x0000024345303000 	C:\Users\zheck\.openjfx\cache\19+11\amd64\api-ms-win-crt-filesystem-l1-1-0.dll
0x0000024345310000 - 0x0000024345313000 	C:\Users\zheck\.openjfx\cache\19+11\amd64\api-ms-win-crt-heap-l1-1-0.dll
0x0000024345320000 - 0x0000024345323000 	C:\Users\zheck\.openjfx\cache\19+11\amd64\api-ms-win-crt-locale-l1-1-0.dll
0x00000243452b0000 - 0x00000243452b5000 	C:\Users\zheck\.openjfx\cache\19+11\amd64\api-ms-win-crt-math-l1-1-0.dll
0x0000024345460000 - 0x0000024345465000 	C:\Users\zheck\.openjfx\cache\19+11\amd64\api-ms-win-crt-multibyte-l1-1-0.dll
0x0000024345470000 - 0x0000024345480000 	C:\Users\zheck\.openjfx\cache\19+11\amd64\api-ms-win-crt-private-l1-1-0.dll
0x0000024345480000 - 0x0000024345483000 	C:\Users\zheck\.openjfx\cache\19+11\amd64\api-ms-win-crt-process-l1-1-0.dll
0x0000024345490000 - 0x0000024345494000 	C:\Users\zheck\.openjfx\cache\19+11\amd64\api-ms-win-crt-runtime-l1-1-0.dll
0x00000243454a0000 - 0x00000243454a4000 	C:\Users\zheck\.openjfx\cache\19+11\amd64\api-ms-win-crt-stdio-l1-1-0.dll
0x00000243451a0000 - 0x00000243451a4000 	C:\Users\zheck\.openjfx\cache\19+11\amd64\api-ms-win-crt-string-l1-1-0.dll
0x00000243451b0000 - 0x00000243451b3000 	C:\Users\zheck\.openjfx\cache\19+11\amd64\api-ms-win-crt-time-l1-1-0.dll
0x00000243451c0000 - 0x00000243451c3000 	C:\Users\zheck\.openjfx\cache\19+11\amd64\api-ms-win-crt-utility-l1-1-0.dll
0x00007ffc20a80000 - 0x00007ffc20b7c000 	C:\Users\zheck\.openjfx\cache\19+11\amd64\ucrtbase.dll
0x00007ffc4fd50000 - 0x00007ffc4fd6b000 	C:\Users\zheck\.openjfx\cache\19+11\amd64\vcruntime140.dll
0x00007ffc4fda0000 - 0x00007ffc4fdac000 	C:\Users\zheck\.openjfx\cache\19+11\amd64\vcruntime140_1.dll
0x00007ffc292b0000 - 0x00007ffc2933e000 	C:\Users\zheck\.openjfx\cache\19+11\amd64\msvcp140.dll
0x00007ffc4f6f0000 - 0x00007ffc4f6f9000 	C:\Users\zheck\.openjfx\cache\19+11\amd64\msvcp140_1.dll
0x00007ffc4f6c0000 - 0x00007ffc4f6f0000 	C:\Users\zheck\.openjfx\cache\19+11\amd64\msvcp140_2.dll
0x00007ffc4f4a0000 - 0x00007ffc4f4cc000 	C:\Users\zheck\.openjfx\cache\19+11\amd64\prism_d3d.dll
0x00007ffc45480000 - 0x00007ffc4564e000 	C:\Windows\system32\d3d9.dll
0x00007ffc57690000 - 0x00007ffc576bf000 	C:\Windows\SYSTEM32\dwmapi.dll
0x00007ffc57460000 - 0x00007ffc574fe000 	C:\Windows\system32\uxtheme.dll
0x00007ffc3b870000 - 0x00007ffc3b92e000 	C:\Windows\System32\DriverStore\FileRepository\nvmdi.inf_amd64_d3941bdb145580aa\nvldumdx.dll
0x00007ffc59ad0000 - 0x00007ffc59ae2000 	C:\Windows\SYSTEM32\msasn1.dll
0x00007ffc52470000 - 0x00007ffc524a1000 	C:\Windows\SYSTEM32\cryptnet.dll
0x00007ffc5a030000 - 0x00007ffc5a186000 	C:\Windows\System32\CRYPT32.dll
0x00007ffc52300000 - 0x00007ffc52448000 	C:\Windows\SYSTEM32\drvstore.dll
0x00007ffc59c90000 - 0x00007ffc59cbc000 	C:\Windows\SYSTEM32\devobj.dll
0x00007ffc59ee0000 - 0x00007ffc59f2e000 	C:\Windows\System32\cfgmgr32.dll
0x00007ffc598b0000 - 0x00007ffc598bc000 	C:\Windows\SYSTEM32\cryptbase.dll
0x00007ffc59f30000 - 0x00007ffc59f99000 	C:\Windows\System32\WINTRUST.DLL
0x00007ffc5c670000 - 0x00007ffc5c68d000 	C:\Windows\System32\imagehlp.dll
0x00007ffc59890000 - 0x00007ffc598a8000 	C:\Windows\SYSTEM32\CRYPTSP.dll
0x00007ffc58ee0000 - 0x00007ffc58f14000 	C:\Windows\system32\rsaenh.dll
0x00007ffc5a620000 - 0x00007ffc5a647000 	C:\Windows\System32\bcrypt.dll
0x00007ffbec990000 - 0x00007ffbeef9b000 	C:\Windows\System32\DriverStore\FileRepository\nvmdi.inf_amd64_d3941bdb145580aa\nvd3dumx.dll
0x00007ffc25ba0000 - 0x00007ffc25be2000 	C:\Users\zheck\.openjfx\cache\19+11\amd64\glass.dll
0x00007ffc5a830000 - 0x00007ffc5a90a000 	C:\Windows\System32\COMDLG32.dll
0x00007ffc5b100000 - 0x00007ffc5b22a000 	C:\Windows\System32\ole32.dll
0x00007ffc5bfa0000 - 0x00007ffc5c06d000 	C:\Windows\System32\OLEAUT32.dll
0x00007ffc5c690000 - 0x00007ffc5c7a5000 	C:\Windows\System32\MSCTF.dll
0x00007ffc1a300000 - 0x00007ffc1a5cf000 	C:\Windows\system32\nvspcap64.dll
0x00007ffc58f70000 - 0x00007ffc58fa3000 	C:\Windows\SYSTEM32\ntmarta.dll
0x00007ffc58770000 - 0x00007ffc58793000 	C:\Windows\SYSTEM32\gpapi.dll
0x00007ffc3ce70000 - 0x00007ffc3ceab000 	C:\Windows\SYSTEM32\dxcore.dll
0x00007ffc4f6a0000 - 0x00007ffc4f6b4000 	C:\Users\zheck\.openjfx\cache\19+11\amd64\javafx_font.dll
0x00007ffc35820000 - 0x00007ffc35a9f000 	C:\Windows\SYSTEM32\dwrite.dll
0x00007ffc5c070000 - 0x00007ffc5c119000 	C:\Windows\System32\clbcatq.dll
0x00007ffc48b10000 - 0x00007ffc48cc4000 	C:\Windows\SYSTEM32\WindowsCodecs.dll
0x00007ffc28700000 - 0x00007ffc2873e000 	C:\Windows\system32\dataexchange.dll
0x00007ffc56020000 - 0x00007ffc56283000 	C:\Windows\system32\d3d11.dll
0x00007ffc566f0000 - 0x00007ffc568d3000 	C:\Windows\system32\dcomp.dll
0x00007ffc587a0000 - 0x00007ffc58893000 	C:\Windows\system32\dxgi.dll

dbghelp: loaded successfully - version: 4.0.5 - missing functions: none
symbol engine: initialized successfully - sym options: 0x614 - pdb path: .;C:\Program Files\Java\jdk-19\bin;C:\Windows\SYSTEM32;C:\Windows\WinSxS\amd64_microsoft.windows.common-controls_6595b64144ccf1df_6.0.19041.1110_none_60b5254171f9507e;C:\Program Files\Java\jdk-19\bin\server;C:\Program Files\JetBrains\IntelliJ IDEA 2022.3\bin;C:\Users\zheck\.openjfx\cache\19+11\amd64;C:\Windows\System32\DriverStore\FileRepository\nvmdi.inf_amd64_d3941bdb145580aa;C:\Program Files\Common Files\Microsoft Shared\Ink

VM Arguments:
jvm_args: -javaagent:C:\Program Files\JetBrains\IntelliJ IDEA 2022.3\lib\idea_rt.jar=62973:C:\Program Files\JetBrains\IntelliJ IDEA 2022.3\bin -Dfile.encoding=UTF-8 -Dsun.stdout.encoding=UTF-8 -Dsun.stderr.encoding=UTF-8 --module-path=C:\Users\zheck\.m2\repository\org\openjfx\javafx-controls\19\javafx-controls-19-win.jar;C:\Users\zheck\.m2\repository\org\openjfx\javafx-base\19\javafx-base-19-win.jar;C:\Users\zheck\.m2\repository\org\openjfx\javafx-fxml\19\javafx-fxml-19-win.jar;C:\Users\zheck\.m2\repository\org\openjfx\javafx-graphics\19\javafx-graphics-19-win.jar;C:\infa\Java\NewJavaFxApp\target\classes -Djdk.module.main=app.todoappjavafx 
java_command: app.todoappjavafx/app.Main
java_class_path (initial): C:\Users\zheck\.m2\repository\org\openjfx\javafx-controls\19\javafx-controls-19.jar;C:\Users\zheck\.m2\repository\org\openjfx\javafx-graphics\19\javafx-graphics-19.jar;C:\Users\zheck\.m2\repository\org\openjfx\javafx-base\19\javafx-base-19.jar;C:\Users\zheck\.m2\repository\org\openjfx\javafx-fxml\19\javafx-fxml-19.jar;C:\Users\zheck\.m2\repository\com\mysql\mysql-connector-j\8.0.32\mysql-connector-j-8.0.32.jar;C:\Users\zheck\.m2\repository\com\google\protobuf\protobuf-java\3.21.9\protobuf-java-3.21.9.jar
Launcher Type: SUN_STANDARD

[Global flags]
     intx CICompilerCount                          = 4                                         {product} {ergonomic}
     uint ConcGCThreads                            = 2                                         {product} {ergonomic}
     uint G1ConcRefinementThreads                  = 8                                         {product} {ergonomic}
   size_t G1HeapRegionSize                         = 2097152                                   {product} {ergonomic}
    uintx GCDrainStackTargetSize                   = 64                                        {product} {ergonomic}
   size_t InitialHeapSize                          = 268435456                                 {product} {ergonomic}
   size_t MarkStackSize                            = 4194304                                   {product} {ergonomic}
   size_t MaxHeapSize                              = 4282384384                                {product} {ergonomic}
   size_t MaxNewSize                               = 2569011200                                {product} {ergonomic}
   size_t MinHeapDeltaBytes                        = 2097152                                   {product} {ergonomic}
   size_t MinHeapSize                              = 8388608                                   {product} {ergonomic}
    uintx NonNMethodCodeHeapSize                   = 5839372                                {pd product} {ergonomic}
    uintx NonProfiledCodeHeapSize                  = 122909434                              {pd product} {ergonomic}
    uintx ProfiledCodeHeapSize                     = 122909434                              {pd product} {ergonomic}
    uintx ReservedCodeCacheSize                    = 251658240                              {pd product} {ergonomic}
     bool SegmentedCodeCache                       = true                                      {product} {ergonomic}
   size_t SoftMaxHeapSize                          = 4282384384                             {manageable} {ergonomic}
     bool UseCompressedClassPointers               = true                           {product lp64_product} {ergonomic}
     bool UseCompressedOops                        = true                           {product lp64_product} {ergonomic}
     bool UseG1GC                                  = true                                      {product} {ergonomic}
     bool UseLargePagesIndividualAllocation        = false                                  {pd product} {ergonomic}

Logging:
Log output configuration:
 #0: stdout all=off uptime,level,tags foldmultilines=false
 #1: stderr all=off uptime,level,tags foldmultilines=false

Environment Variables:
JAVA_HOME=C:\Program Files\Java\jdk-19
PATH=C:\Program Files (x86)\Razer Chroma SDK\bin;C:\Program Files\Razer Chroma SDK\bin;C:\Program Files\Common Files\Oracle\Java\javapath;C:\Program Files (x86)\Common Files\Oracle\Java\javapath;C:\Program Files (x86)\Razer\ChromaBroadcast\bin;C:\Program Files\Razer\ChromaBroadcast\bin;C:\Windows\system32;C:\Windows;C:\Windows\System32\Wbem;C:\Windows\System32\WindowsPowerShell\v1.0\;C:\Windows\System32\OpenSSH\;C:\Program Files (x86)\NVIDIA Corporation\PhysX\Common;C:\Program Files\Microsoft SQL Server\Client SDK\ODBC\170\Tools\Binn\;C:\Program Files\Microsoft SQL Server\150\Tools\Binn\;C:\Windows\system32\config\systemprofile\AppData\Local\Microsoft\WindowsApps;C:\Program Files\NVIDIA Corporation\NVIDIA NvDLISR;C:\Program Files\Git\cmd;C:\Program Files\Java\jdk-19\bin;C:\Program Files\MySQL\MySQL Shell 8.0\bin\;C:\Users\zheck\AppData\Local\Microsoft\WindowsApps;C:\Program Files\JetBrains\IntelliJ IDEA 2022.2.4\bin;C:\Users\zheck\AppData\Local\GitHubDesktop\bin;C:\Users\zheck\AppData\Local\JetBrains\Toolbox\scripts;D:\PyCharm 2022.3\bin;;C:\Program Files\JetBrains\IntelliJ IDEA 2022.3\bin;;C:\Program Files\Java\jdk-19\bin;
USERNAME=zheck
OS=Windows_NT
PROCESSOR_IDENTIFIER=Intel64 Family 6 Model 60 Stepping 3, GenuineIntel
TMP=C:\Users\zheck\AppData\Local\Temp
TEMP=C:\Users\zheck\AppData\Local\Temp



---------------  S Y S T E M  ---------------

OS:
 Windows 10 , 64 bit Build 19041 (10.0.19041.2546)
OS uptime: 0 days 10:00 hours

CPU: total 8 (initial active 8) (4 cores per cpu, 2 threads per core) family 6 model 60 stepping 3 microcode 0x27, cx8, cmov, fxsr, ht, mmx, sse, sse2, sse3, ssse3, sse4.1, sse4.2, popcnt, lzcnt, tsc, tscinvbit, avx, avx2, aes, erms, clmul, bmi1, bmi2, fma, vzeroupper, clflush, rdtscp

Memory: 4k page, system-wide physical 16330M (5371M free)
TotalPageFile size 25262M (AvailPageFile size 4541M)
current process WorkingSet (physical memory assigned to process): 131M, peak: 170M
current process commit charge ("private bytes"): 235M, peak: 441M

vm_info: Java HotSpot(TM) 64-Bit Server VM (19.0.1+10-21) for windows-amd64 JRE (19.0.1+10-21), built on 2022-09-14T12:45:06Z by "mach5one" with MS VC++ 17.1 (VS2022)

END.
