#
# A fatal error has been detected by the Java Runtime Environment:
#
#  EXCEPTION_ACCESS_VIOLATION (0xc0000005) at pc=0x00007ffc25bc63b7, pid=16352, tid=18428
#
# JRE version: Java(TM) SE Runtime Environment (19.0.1+10) (build 19.0.1+10-21)
# Java VM: Java HotSpot(TM) 64-Bit Server VM (19.0.1+10-21, mixed mode, sharing, tiered, compressed oops, compressed class ptrs, g1 gc, windows-amd64)
# Problematic frame:
# C  [glass.dll+0x263b7]
#
# No core dump will be written. Minidumps are not enabled by default on client versions of Windows
#
# If you would like to submit a bug report, please visit:
#   https://bugreport.java.com/bugreport/crash.jsp
#

---------------  S U M M A R Y ------------

Command Line: -javaagent:C:\Program Files\JetBrains\IntelliJ IDEA 2022.3\lib\idea_rt.jar=62978:C:\Program Files\JetBrains\IntelliJ IDEA 2022.3\bin -Dfile.encoding=UTF-8 -Dsun.stdout.encoding=UTF-8 -Dsun.stderr.encoding=UTF-8 --module-path=C:\Users\zheck\.m2\repository\org\openjfx\javafx-controls\19\javafx-controls-19-win.jar;C:\Users\zheck\.m2\repository\org\openjfx\javafx-base\19\javafx-base-19-win.jar;C:\Users\zheck\.m2\repository\org\openjfx\javafx-fxml\19\javafx-fxml-19-win.jar;C:\Users\zheck\.m2\repository\org\openjfx\javafx-graphics\19\javafx-graphics-19-win.jar;C:\infa\Java\NewJavaFxApp\target\classes -Djdk.module.main=app.todoappjavafx app.todoappjavafx/app.Main

Host: Intel(R) Core(TM) i7-4770 CPU @ 3.40GHz, 8 cores, 15G,  Windows 10 , 64 bit Build 19041 (10.0.19041.2546)
Time: Tue Jan 24 21:46:24 2023 FLE Standard Time elapsed time: 23.847169 seconds (0d 0h 0m 23s)

---------------  T H R E A D  ---------------

Current thread (0x000002d6e336c540):  VMThread "VM Thread" [stack: 0x000000ed6a600000,0x000000ed6a700000] [id=18428]

Stack: [0x000000ed6a600000,0x000000ed6a700000],  sp=0x000000ed6a6feda0,  free space=1019k
Native frames: (J=compiled Java code, j=interpreted, Vv=VM code, C=native code)
C  [glass.dll+0x263b7]


siginfo: EXCEPTION_ACCESS_VIOLATION (0xc0000005), reading address 0x0000000000000000


Registers:
RAX=0x0000000000000000, RBX=0x000002d6e3373f38, RCX=0x000002d6e336c540, RDX=0x000000ed6a6feda0
RSP=0x000000ed6a6feda0, RBP=0x000002d6e7b9f1d8, RSI=0x000002d6e7b9f1b0, RDI=0x0000821f73a2fc0e
R8 =0x0000000000010002, R9 =0x0000821f73a2fc0e, R10=0x0000000000008000, R11=0x000000ed6a6fed30
R12=0x00007ffc25bc3cf0, R13=0x00007ffbd94772a0, R14=0x000000ed6a6fee98, R15=0x000002d6e7b9f1b0
RIP=0x00007ffc25bc63b7, EFLAGS=0x0000000000010202


Register to memory mapping:

RIP=0x00007ffc25bc63b7 glass.dll
RAX=0x0 is NULL
RBX=0x000002d6e3373f38 is a global jni handle
RCX=0x000002d6e336c540 points into unknown readable memory: 0x00007ffbd92845e8 | e8 45 28 d9 fb 7f 00 00
RDX=0x000000ed6a6feda0 points into unknown readable memory: 0x0000000000000000 | 00 00 00 00 00 00 00 00
RSP=0x000000ed6a6feda0 points into unknown readable memory: 0x0000000000000000 | 00 00 00 00 00 00 00 00
RBP=0x000002d6e7b9f1d8 points into unknown readable memory: 0x0000821f73a2fc0e | 0e fc a2 73 1f 82 00 00
RSI=0x000002d6e7b9f1b0 points into unknown readable memory: 0x1fff8b707da0fc0e | 0e fc a0 7d 70 8b ff 1f
RDI=0x0000821f73a2fc0e is an unknown value
R8 =0x0000000000010002 is an unknown value
R9 =0x0000821f73a2fc0e is an unknown value
R10=0x0000000000008000 is an unknown value
R11=0x000000ed6a6fed30 points into unknown readable memory: 0x000002d6e7b9f1b0 | b0 f1 b9 e7 d6 02 00 00
R12=0x00007ffc25bc3cf0 glass.dll
R13=0x00007ffbd94772a0 jvm.dll
R14=0x000000ed6a6fee98 points into unknown readable memory: 0x000000ed6a6fee80 | 80 ee 6f 6a ed 00 00 00
R15=0x000002d6e7b9f1b0 points into unknown readable memory: 0x1fff8b707da0fc0e | 0e fc a0 7d 70 8b ff 1f


Top of Stack: (sp=0x000000ed6a6feda0)
0x000000ed6a6feda0:   0000000000000000 000002d6e7b9f1b0
0x000000ed6a6fedb0:   00007ffbd94772a0 00007ffc25bc3cf0
0x000000ed6a6fedc0:   000002d6e7b9f1b8 00007ffc5a7142d6
0x000000ed6a6fedd0:   0000821f73a2fc0e 000002d600000000
0x000000ed6a6fede0:   000002d6e7b9f1d8 000002d6e7b9f1b0
0x000000ed6a6fedf0:   fffffffffffffffe 0000000000000000
0x000000ed6a6fee00:   0000000000000001 00007ffc25ba0000
0x000000ed6a6fee10:   000000ed6a6fee88 00007ffc5a7141fb
0x000000ed6a6fee20:   0000000000000000 000000ed6a6fee98
0x000000ed6a6fee30:   000000ed6a6ff160 00007ffc5a7f0e40
0x000000ed6a6fee40:   0000000000000001 00007ffc5a7141b4
0x000000ed6a6fee50:   0000000000000000 0000000000000001
0x000000ed6a6fee60:   0000000000000000 000000ed6a6fee88
0x000000ed6a6fee70:   ffffffff00000001 00007ffc25bc3b7d
0x000000ed6a6fee80:   00007ffc25bd9f88 00007ffc00000002
0x000000ed6a6fee90:   0000000000000002 000000ed6a6fee80 

Instructions: (pc=0x00007ffc25bc63b7)
0x00007ffc25bc62b7:   8b 4d 58 e8 7d cf ff ff 48 8b 4d 60 e8 74 cf ff
0x00007ffc25bc62c7:   ff 48 8b 95 80 00 00 00 48 8b 8d 18 01 00 00 e8
0x00007ffc25bc62d7:   66 c4 ff ff 33 d2 33 c9 e8 bc e1 ff ff 90 48 89
0x00007ffc25bc62e7:   54 24 10 55 48 83 ec 20 48 8b ea 48 b8 00 00 00
0x00007ffc25bc62f7:   00 00 00 00 00 48 83 c4 20 5d c3 cc 40 55 48 8b
0x00007ffc25bc6307:   ea 48 8b 01 33 c9 81 38 05 00 00 c0 0f 94 c1 8b
0x00007ffc25bc6317:   c1 5d c3 cc 40 55 48 83 ec 20 48 8b ea 8a 4d 40
0x00007ffc25bc6327:   48 83 c4 20 5d e9 63 d3 ff ff cc 40 55 48 83 ec
0x00007ffc25bc6337:   20 48 8b ea 8a 4d 20 e8 51 d3 ff ff 90 48 83 c4
0x00007ffc25bc6347:   20 5d c3 cc 40 55 48 83 ec 20 48 8b ea 48 83 c4
0x00007ffc25bc6357:   20 5d e9 b2 d1 ff ff cc 40 55 48 83 ec 30 48 8b
0x00007ffc25bc6367:   ea 48 8b 01 8b 10 48 89 4c 24 28 89 54 24 20 4c
0x00007ffc25bc6377:   8d 0d 53 d6 ff ff 4c 8b 45 70 8b 55 68 48 8b 4d
0x00007ffc25bc6387:   60 e8 f3 d0 ff ff 90 48 83 c4 30 5d c3 cc cc cc
0x00007ffc25bc6397:   cc cc cc cc cc cc cc cc cc 40 53 48 83 ec 20 48
0x00007ffc25bc63a7:   8b 1d db 35 01 00 48 85 db 74 16 e8 79 8b ff ff
0x00007ffc25bc63b7:   4c 8b 00 48 8b d3 48 8b c8 41 ff 90 b0 00 00 00
0x00007ffc25bc63c7:   90 48 83 c4 20 5b c3 cc cc 40 53 48 83 ec 20 48
0x00007ffc25bc63d7:   8b 1d 4b 37 01 00 48 85 db 74 57 b8 ff ff ff ff
0x00007ffc25bc63e7:   f0 0f c1 43 10 83 f8 01 75 3d 48 85 db 74 38 48
0x00007ffc25bc63f7:   8b 0b 48 85 c9 74 0d ff 15 a4 0e 00 00 48 c7 03
0x00007ffc25bc6407:   00 00 00 00 48 8b 4b 08 48 85 c9 74 0d e8 23 ce
0x00007ffc25bc6417:   ff ff 48 c7 43 08 00 00 00 00 ba 18 00 00 00 48
0x00007ffc25bc6427:   8b cb e8 0e ce ff ff 48 c7 05 ef 36 01 00 00 00
0x00007ffc25bc6437:   00 00 48 83 c4 20 5b c3 cc 40 53 48 83 ec 20 48
0x00007ffc25bc6447:   8b 1d bb 36 01 00 48 85 db 74 57 b8 ff ff ff ff
0x00007ffc25bc6457:   f0 0f c1 43 10 83 f8 01 75 3d 48 85 db 74 38 48
0x00007ffc25bc6467:   8b 0b 48 85 c9 74 0d ff 15 34 0e 00 00 48 c7 03
0x00007ffc25bc6477:   00 00 00 00 48 8b 4b 08 48 85 c9 74 0d e8 b3 cd
0x00007ffc25bc6487:   ff ff 48 c7 43 08 00 00 00 00 ba 18 00 00 00 48
0x00007ffc25bc6497:   8b cb e8 9e cd ff ff 48 c7 05 5f 36 01 00 00 00
0x00007ffc25bc64a7:   00 00 48 83 c4 20 5b c3 cc 40 53 48 83 ec 20 48 


Stack slot to memory mapping:
stack at sp + 0 slots: 0x0 is NULL
stack at sp + 1 slots: 0x000002d6e7b9f1b0 points into unknown readable memory: 0x1fff8b707da0fc0e | 0e fc a0 7d 70 8b ff 1f
stack at sp + 2 slots: 0x00007ffbd94772a0 jvm.dll
stack at sp + 3 slots: 0x00007ffc25bc3cf0 glass.dll
stack at sp + 4 slots: 0x000002d6e7b9f1b8 points into unknown readable memory: 0x0000821f73a2fc0e | 0e fc a2 73 1f 82 00 00
stack at sp + 5 slots: 0x00007ffc5a7142d6 ucrtbase.dll
stack at sp + 6 slots: 0x0000821f73a2fc0e is an unknown value
stack at sp + 7 slots: 0x000002d600000000 is an unknown value

VM_Operation (0x000000ed6ca4f140): Exit, mode: safepoint, requested by thread 0x000002d6efdf82c0


---------------  P R O C E S S  ---------------

Threads class SMR info:
_java_thread_list=0x000002d6e83e83b0, length=21, elements={
0x000002d6bfefe3a0, 0x000002d6e3386fe0, 0x000002d6e3387f70, 0x000002d6e3390240,
0x000002d6e3391310, 0x000002d6e33958c0, 0x000002d6e33a36a0, 0x000002d6e33a6030,
0x000002d6e33b7160, 0x000002d6e75c57e0, 0x000002d6e76c8f70, 0x000002d6e7ea1300,
0x000002d6e8b38e50, 0x000002d6e8b3a390, 0x000002d6e8b3ae30, 0x000002d6e8b3a8e0,
0x000002d6e8b383b0, 0x000002d6e8b393a0, 0x000002d6e8b39e40, 0x000002d6efdf7d70,
0x000002d6efdf82c0
}

Java Threads: ( => current thread )
  0x000002d6bfefe3a0 JavaThread "main" [_thread_blocked, id=9416, stack(0x000000ed6a000000,0x000000ed6a100000)]
  0x000002d6e3386fe0 JavaThread "Reference Handler" daemon [_thread_blocked, id=13368, stack(0x000000ed6a700000,0x000000ed6a800000)]
  0x000002d6e3387f70 JavaThread "Finalizer" daemon [_thread_blocked, id=19228, stack(0x000000ed6a800000,0x000000ed6a900000)]
  0x000002d6e3390240 JavaThread "Attach Listener" daemon [_thread_blocked, id=9912, stack(0x000000ed6aa00000,0x000000ed6ab00000)]
  0x000002d6e3391310 JavaThread "Service Thread" daemon [_thread_blocked, id=5320, stack(0x000000ed6ab00000,0x000000ed6ac00000)]
  0x000002d6e33958c0 JavaThread "Monitor Deflation Thread" daemon [_thread_blocked, id=18224, stack(0x000000ed6ac00000,0x000000ed6ad00000)]
  0x000002d6e33a36a0 JavaThread "C2 CompilerThread0" daemon [_thread_blocked, id=14684, stack(0x000000ed6ad00000,0x000000ed6ae00000)]
  0x000002d6e33a6030 JavaThread "C1 CompilerThread0" daemon [_thread_blocked, id=2548, stack(0x000000ed6ae00000,0x000000ed6af00000)]
  0x000002d6e33b7160 JavaThread "Sweeper thread" daemon [_thread_blocked, id=22320, stack(0x000000ed6af00000,0x000000ed6b000000)]
  0x000002d6e75c57e0 JavaThread "Common-Cleaner" daemon [_thread_blocked, id=18952, stack(0x000000ed6b000000,0x000000ed6b100000)]
  0x000002d6e76c8f70 JavaThread "Monitor Ctrl-Break" daemon [_thread_in_native, id=6772, stack(0x000000ed6b300000,0x000000ed6b400000)]
  0x000002d6e7ea1300 JavaThread "Notification Thread" daemon [_thread_blocked, id=21220, stack(0x000000ed6b400000,0x000000ed6b500000)]
  0x000002d6e8b38e50 JavaThread "QuantumRenderer-0" daemon [_thread_blocked, id=21304, stack(0x000000ed6b600000,0x000000ed6b700000)]
  0x000002d6e8b3a390 JavaThread "InvokeLaterDispatcher" daemon [_thread_blocked, id=20020, stack(0x000000ed6b800000,0x000000ed6b900000)]
  0x000002d6e8b3ae30 JavaThread "JavaFX Application Thread" [_thread_in_native, id=23140, stack(0x000000ed6b900000,0x000000ed6ba00000)]
  0x000002d6e8b3a8e0 JavaThread "JavaFX-Launcher" [_thread_blocked, id=19376, stack(0x000000ed6bb00000,0x000000ed6bc00000)]
  0x000002d6e8b383b0 JavaThread "Thread-2" daemon [_thread_in_native, id=19684, stack(0x000000ed6b100000,0x000000ed6b200000)]
  0x000002d6e8b393a0 JavaThread "Prism Font Disposer" daemon [_thread_blocked, id=8876, stack(0x000000ed6c500000,0x000000ed6c600000)]
  0x000002d6e8b39e40 JavaThread "Cleaner-0" daemon [_thread_blocked, id=22064, stack(0x000000ed6c640000,0x000000ed6c740000)]
  0x000002d6efdf7d70 JavaThread "mysql-cj-abandoned-connection-cleanup" daemon [_thread_blocked, id=5464, stack(0x000000ed6c850000,0x000000ed6c950000)]
  0x000002d6efdf82c0 JavaThread "SIGINT handler" daemon [_thread_blocked, id=18396, stack(0x000000ed6c950000,0x000000ed6ca50000)]

Other Threads:
=>0x000002d6e336c540 VMThread "VM Thread" [stack: 0x000000ed6a600000,0x000000ed6a700000] [id=18428]
  0x000002d6bff6e9f0 WorkerThread "GC Thread#0" [stack: 0x000000ed6a100000,0x000000ed6a200000] [id=21248]
  0x000002d6e86a8f80 WorkerThread "GC Thread#1" [stack: 0x000000ed6bc00000,0x000000ed6bd00000] [id=22636]
  0x000002d6e86a9520 WorkerThread "GC Thread#2" [stack: 0x000000ed6bd00000,0x000000ed6be00000] [id=21736]
  0x000002d6e86a97f0 WorkerThread "GC Thread#3" [stack: 0x000000ed6be00000,0x000000ed6bf00000] [id=15632]
  0x000002d6e86a9d90 WorkerThread "GC Thread#4" [stack: 0x000000ed6bf00000,0x000000ed6c000000] [id=18636]
  0x000002d6e86a8cb0 WorkerThread "GC Thread#5" [stack: 0x000000ed6c000000,0x000000ed6c100000] [id=21508]
  0x000002d6e8e937e0 WorkerThread "GC Thread#6" [stack: 0x000000ed6c100000,0x000000ed6c200000] [id=3356]
  0x000002d6e8e93ab0 WorkerThread "GC Thread#7" [stack: 0x000000ed6c750000,0x000000ed6c850000] [id=5684]
  0x000002d6bff80950 ConcurrentGCThread "G1 Main Marker" terminated
  0x000002d6bff81a30 WorkerThread "G1 Conc#0" [stack: 0x000000ed6a300000,0x000000ed6a400000] [id=23312]
  0x000002d6e8e94320 WorkerThread "G1 Conc#1" [stack: 0x000000ed6ca50000,0x000000ed6cb50000] [id=22804]
  0x000002d6e3227100 ConcurrentGCThread "G1 Refine#0" terminated
  0x000002d6e3227b50 ConcurrentGCThread "G1 Service" terminated

Threads with active compile tasks:
C1 CompilerThread0  
[error occurred during error reporting (printing all threads), id 0xc0000005, EXCEPTION_ACCESS_VIOLATION (0xc0000005) at pc=0x00007ffbd9070753]

VM state: at safepoint (shutting down)

VM Mutex/Monitor currently owned by a thread:  ([mutex/lock_event])
[0x000002d6bfef8fa0] Threads_lock - owner thread: 0x000002d6e336c540
[0x000002d6bfefa740] Heap_lock - owner thread: 0x000002d6efdf82c0

Heap address: 0x0000000700c00000, size: 4084 MB, Compressed Oops mode: Zero based, Oop shift amount: 3

CDS archive(s) mapped at: [0x0000000800000000-0x0000000800c40000-0x0000000800c40000), size 12845056, SharedBaseAddress: 0x0000000800000000, ArchiveRelocationMode: 0.
Compressed class space mapped at: 0x0000000801000000-0x0000000841000000, reserved size: 1073741824
Narrow klass base: 0x0000000800000000, Narrow klass shift: 0, Narrow klass range: 0x100000000

GC Precious Log:
 CardTable entry size: 512
 Card Set container configuration: InlinePtr #cards 4 size 8 Array Of Cards #cards 16 size 48 Howl #buckets 8 coarsen threshold 3686 Howl Bitmap #cards 512 size 80 coarsen threshold 460 Card regions per heap region 1 cards per card region 4096
 CPUs: 8 total, 8 available
 Memory: 16330M
 Large Page Support: Disabled
 NUMA Support: Disabled
 Compressed Oops: Enabled (Zero based)
 Heap Region Size: 2M
 Heap Min Capacity: 8M
 Heap Initial Capacity: 256M
 Heap Max Capacity: 4084M
 Pre-touch: Disabled
 Parallel Workers: 8
 Concurrent Workers: 2
 Concurrent Refinement Workers: 8
 Periodic GC: Disabled

Heap:
 garbage-first heap   total 69632K, used 22750K [0x0000000700c00000, 0x0000000800000000)
  region size 2048K, 9 young (18432K), 5 survivors (10240K)
 Metaspace       used 24173K, committed 24576K, reserved 1114112K
  class space    used 3192K, committed 3392K, reserved 1048576K

Heap Regions: E=young(eden), S=young(survivor), O=old, HS=humongous(starts), HC=humongous(continues), CS=collection set, F=free, OA=open archive, CA=closed archive, TAMS=top-at-mark-start (previous, next)
|   0|0x0000000700c00000, 0x0000000700e00000, 0x0000000700e00000|100%|HS|  |TAMS 0x0000000700e00000, 0x0000000700c00000| Complete 
|   1|0x0000000700e00000, 0x0000000701000000, 0x0000000701000000|100%|HS|  |TAMS 0x0000000701000000, 0x0000000700e00000| Complete 
|   2|0x0000000701000000, 0x0000000701200000, 0x0000000701200000|100%|HS|  |TAMS 0x0000000701200000, 0x0000000701000000| Complete 
|   3|0x0000000701200000, 0x000000070136c600, 0x0000000701400000| 71%| O|  |TAMS 0x000000070136c600, 0x0000000701200000| Complete 
|   4|0x0000000701400000, 0x0000000701400000, 0x0000000701600000|  0%| F|  |TAMS 0x0000000701400000, 0x0000000701400000| Untracked 
|   5|0x0000000701600000, 0x0000000701600000, 0x0000000701800000|  0%| F|  |TAMS 0x0000000701600000, 0x0000000701600000| Untracked 
|   6|0x0000000701800000, 0x0000000701800000, 0x0000000701a00000|  0%| F|  |TAMS 0x0000000701800000, 0x0000000701800000| Untracked 
|   7|0x0000000701a00000, 0x0000000701a00000, 0x0000000701c00000|  0%| F|  |TAMS 0x0000000701a00000, 0x0000000701a00000| Untracked 
|   8|0x0000000701c00000, 0x0000000701c00000, 0x0000000701e00000|  0%| F|  |TAMS 0x0000000701c00000, 0x0000000701c00000| Untracked 
|   9|0x0000000701e00000, 0x0000000701e00000, 0x0000000702000000|  0%| F|  |TAMS 0x0000000701e00000, 0x0000000701e00000| Untracked 
|  10|0x0000000702000000, 0x0000000702000000, 0x0000000702200000|  0%| F|  |TAMS 0x0000000702000000, 0x0000000702000000| Untracked 
|  11|0x0000000702200000, 0x0000000702200000, 0x0000000702400000|  0%| F|  |TAMS 0x0000000702200000, 0x0000000702200000| Untracked 
|  12|0x0000000702400000, 0x0000000702400000, 0x0000000702600000|  0%| F|  |TAMS 0x0000000702400000, 0x0000000702400000| Untracked 
|  13|0x0000000702600000, 0x0000000702600000, 0x0000000702800000|  0%| F|  |TAMS 0x0000000702600000, 0x0000000702600000| Untracked 
|  14|0x0000000702800000, 0x0000000702800000, 0x0000000702a00000|  0%| F|  |TAMS 0x0000000702800000, 0x0000000702800000| Untracked 
|  15|0x0000000702a00000, 0x0000000702a00000, 0x0000000702c00000|  0%| F|  |TAMS 0x0000000702a00000, 0x0000000702a00000| Untracked 
|  16|0x0000000702c00000, 0x0000000702c00000, 0x0000000702e00000|  0%| F|  |TAMS 0x0000000702c00000, 0x0000000702c00000| Untracked 
|  17|0x0000000702e00000, 0x0000000702e00000, 0x0000000703000000|  0%| F|  |TAMS 0x0000000702e00000, 0x0000000702e00000| Untracked 
|  18|0x0000000703000000, 0x0000000703000000, 0x0000000703200000|  0%| F|  |TAMS 0x0000000703000000, 0x0000000703000000| Untracked 
|  19|0x0000000703200000, 0x0000000703200000, 0x0000000703400000|  0%| F|  |TAMS 0x0000000703200000, 0x0000000703200000| Untracked 
|  20|0x0000000703400000, 0x0000000703400000, 0x0000000703600000|  0%| F|  |TAMS 0x0000000703400000, 0x0000000703400000| Untracked 
|  21|0x0000000703600000, 0x0000000703600000, 0x0000000703800000|  0%| F|  |TAMS 0x0000000703600000, 0x0000000703600000| Untracked 
|  22|0x0000000703800000, 0x0000000703800000, 0x0000000703a00000|  0%| F|  |TAMS 0x0000000703800000, 0x0000000703800000| Untracked 
|  23|0x0000000703a00000, 0x0000000703a00000, 0x0000000703c00000|  0%| F|  |TAMS 0x0000000703a00000, 0x0000000703a00000| Untracked 
|  24|0x0000000703c00000, 0x0000000703c00000, 0x0000000703e00000|  0%| F|  |TAMS 0x0000000703c00000, 0x0000000703c00000| Untracked 
|  25|0x0000000703e00000, 0x0000000703f6c0c0, 0x0000000704000000| 71%| E|  |TAMS 0x0000000703e00000, 0x0000000703e00000| Complete 
|  26|0x0000000704000000, 0x0000000704200000, 0x0000000704200000|100%| E|CS|TAMS 0x0000000704000000, 0x0000000704000000| Complete 
|  27|0x0000000704200000, 0x0000000704400000, 0x0000000704400000|100%| E|CS|TAMS 0x0000000704200000, 0x0000000704200000| Complete 
| 116|0x000000070f400000, 0x000000070f4cb460, 0x000000070f600000| 39%| S|CS|TAMS 0x000000070f400000, 0x000000070f400000| Complete 
| 117|0x000000070f600000, 0x000000070f800000, 0x000000070f800000|100%| S|CS|TAMS 0x000000070f600000, 0x000000070f600000| Complete 
| 118|0x000000070f800000, 0x000000070fa00000, 0x000000070fa00000|100%| S|CS|TAMS 0x000000070f800000, 0x000000070f800000| Complete 
| 119|0x000000070fa00000, 0x000000070fc00000, 0x000000070fc00000|100%| S|CS|TAMS 0x000000070fa00000, 0x000000070fa00000| Complete 
| 120|0x000000070fc00000, 0x000000070fe00000, 0x000000070fe00000|100%| S|CS|TAMS 0x000000070fc00000, 0x000000070fc00000| Complete 
| 127|0x0000000710a00000, 0x0000000710c00000, 0x0000000710c00000|100%| E|CS|TAMS 0x0000000710a00000, 0x0000000710a00000| Complete 

Card table byte_map: [0x000002d6d79c0000,0x000002d6d81c0000] _byte_map_base: 0x000002d6d41ba000

Marking Bits (Prev, Next): (CMBitMap*) 0x000002d6bff6ff80, (CMBitMap*) 0x000002d6bff6ff40
 Prev Bits: [0x000002d6dc990000, 0x000002d6e0960000)
 Next Bits: [0x000002d6d89c0000, 0x000002d6dc990000)

Polling page: 0x000002d6bde40000

Metaspace:

Usage:
  Non-class:     20.49 MB used.
      Class:      3.12 MB used.
       Both:     23.61 MB used.

Virtual space:
  Non-class space:       64.00 MB reserved,      20.69 MB ( 32%) committed,  1 nodes.
      Class space:        1.00 GB reserved,       3.31 MB ( <1%) committed,  1 nodes.
             Both:        1.06 GB reserved,      24.00 MB (  2%) committed. 

Chunk freelists:
   Non-Class:  2.47 MB
       Class:  672.00 KB
        Both:  3.12 MB

MaxMetaspaceSize: unlimited
CompressedClassSpaceSize: 1.00 GB
Initial GC threshold: 21.00 MB
Current GC threshold: 35.25 MB
CDS: on
MetaspaceReclaimPolicy: balanced
 - commit_granule_bytes: 65536.
 - commit_granule_words: 8192.
 - virtual_space_node_default_size: 8388608.
 - enlarge_chunks_in_place: 1.
 - new_chunks_are_fully_committed: 0.
 - uncommit_free_chunks: 1.
 - use_allocation_guard: 0.


Internal statistics:

num_allocs_failed_limit: 3.
num_arena_births: 386.
num_arena_deaths: 0.
num_vsnodes_births: 2.
num_vsnodes_deaths: 0.
num_space_committed: 384.
num_space_uncommitted: 0.
num_chunks_returned_to_freelist: 3.
num_chunks_taken_from_freelist: 1036.
num_chunk_merges: 0.
num_chunk_splits: 721.
num_chunks_enlarged: 550.
num_inconsistent_stats: 0.

CodeHeap 'non-profiled nmethods': size=120000Kb used=1393Kb max_used=1393Kb free=118606Kb
 bounds [0x000002d6cf940000, 0x000002d6cfbb0000, 0x000002d6d6e70000]
CodeHeap 'profiled nmethods': size=120000Kb used=6609Kb max_used=6609Kb free=113390Kb
 bounds [0x000002d6c7e70000, 0x000002d6c84f0000, 0x000002d6cf3a0000]
CodeHeap 'non-nmethods': size=5760Kb used=1592Kb max_used=1611Kb free=4167Kb
 bounds [0x000002d6cf3a0000, 0x000002d6cf610000, 0x000002d6cf940000]
 total_blobs=4415 nmethods=3525 adapters=799
 compilation: enabled
              stopped_count=0, restarted_count=0
 full_count=0

Compilation events (20 events):
Event: 6.382 Thread 0x000002d6e33a6030 nmethod 3517 0x000002d6c84e1710 code [0x000002d6c84e18a0, 0x000002d6c84e1a58]
Event: 6.382 Thread 0x000002d6e33a6030 3513       3       com.sun.org.apache.xerces.internal.impl.XMLDocumentFragmentScannerImpl::getCharacterData (17 bytes)
Event: 6.383 Thread 0x000002d6e33a6030 nmethod 3513 0x000002d6c84e1b10 code [0x000002d6c84e1cc0, 0x000002d6c84e1e58]
Event: 6.383 Thread 0x000002d6e33a6030 3518       3       java.lang.invoke.DirectMethodHandle$Holder::invokeStatic (20 bytes)
Event: 6.383 Thread 0x000002d6e33a6030 nmethod 3518 0x000002d6c84e1f10 code [0x000002d6c84e20e0, 0x000002d6c84e2518]
Event: 6.383 Thread 0x000002d6e33a6030 3519       3       java.lang.invoke.BoundMethodHandle$Species_LL::make (12 bytes)
Event: 6.383 Thread 0x000002d6e33a6030 nmethod 3519 0x000002d6c84e2690 code [0x000002d6c84e2840, 0x000002d6c84e2b28]
Event: 6.383 Thread 0x000002d6e33a6030 3520       3       java.lang.invoke.BoundMethodHandle$Species_LL::<init> (18 bytes)
Event: 6.383 Thread 0x000002d6e33a6030 nmethod 3520 0x000002d6c84e2c90 code [0x000002d6c84e2e40, 0x000002d6c84e30e8]
Event: 6.383 Thread 0x000002d6e33a6030 3516       3       com.sun.org.apache.xerces.internal.xni.QName::setValues (33 bytes)
Event: 6.383 Thread 0x000002d6e33a6030 nmethod 3516 0x000002d6c84e3210 code [0x000002d6c84e33c0, 0x000002d6c84e3678]
Event: 6.383 Thread 0x000002d6e33a6030 3514       3       java.lang.reflect.Method::getParameterCount (6 bytes)
Event: 6.383 Thread 0x000002d6e33a6030 nmethod 3514 0x000002d6c84e3710 code [0x000002d6c84e38a0, 0x000002d6c84e39b8]
Event: 6.688 Thread 0x000002d6e33a6030 3525       3       com.sun.javafx.event.EventHandlerManager::dispatchBubblingEvent (41 bytes)
Event: 6.689 Thread 0x000002d6e33a6030 nmethod 3525 0x000002d6c84e3a90 code [0x000002d6c84e3ca0, 0x000002d6c84e4418]
Event: 6.815 Thread 0x000002d6e33a36a0 3526       4       java.util.EnumMap$ValueIterator::next (50 bytes)
Event: 6.818 Thread 0x000002d6e33a36a0 nmethod 3526 0x000002d6cfa9ba90 code [0x000002d6cfa9bc20, 0x000002d6cfa9be18]
Event: 6.827 Thread 0x000002d6e33a36a0 3527       4       com.sun.javafx.event.EventDispatchChainImpl::dispatchEvent (101 bytes)
Event: 6.828 Thread 0x000002d6e33a36a0 nmethod 3527 0x000002d6cfa9c010 code [0x000002d6cfa9c1a0, 0x000002d6cfa9c358]
Event: 23.496 Thread 0x000002d6e33a6030 3528       3       com.sun.javafx.font.FontStrikeDesc::hashCode (68 bytes)

GC Heap History (6 events):
Event: 0.669 GC heap before
{Heap before GC invocations=0 (full 0):
 garbage-first heap   total 262144K, used 20480K [0x0000000700c00000, 0x0000000800000000)
  region size 2048K, 11 young (22528K), 0 survivors (0K)
 Metaspace       used 5243K, committed 5440K, reserved 1114112K
  class space    used 597K, committed 704K, reserved 1048576K
}
Event: 0.672 GC heap after
{Heap after GC invocations=1 (full 0):
 garbage-first heap   total 262144K, used 2901K [0x0000000700c00000, 0x0000000800000000)
  region size 2048K, 2 young (4096K), 2 survivors (4096K)
 Metaspace       used 5243K, committed 5440K, reserved 1114112K
  class space    used 597K, committed 704K, reserved 1048576K
}
Event: 2.556 GC heap before
{Heap before GC invocations=1 (full 0):
 garbage-first heap   total 262144K, used 43861K [0x0000000700c00000, 0x0000000800000000)
  region size 2048K, 20 young (40960K), 2 survivors (4096K)
 Metaspace       used 15638K, committed 15936K, reserved 1114112K
  class space    used 2267K, committed 2432K, reserved 1048576K
}
Event: 2.563 GC heap after
{Heap after GC invocations=2 (full 0):
 garbage-first heap   total 262144K, used 11697K [0x0000000700c00000, 0x0000000800000000)
  region size 2048K, 3 young (6144K), 3 survivors (6144K)
 Metaspace       used 15638K, committed 15936K, reserved 1114112K
  class space    used 2267K, committed 2432K, reserved 1048576K
}
Event: 5.576 GC heap before
{Heap before GC invocations=2 (full 0):
 garbage-first heap   total 262144K, used 28081K [0x0000000700c00000, 0x0000000800000000)
  region size 2048K, 10 young (20480K), 3 survivors (6144K)
 Metaspace       used 21166K, committed 21504K, reserved 1114112K
  class space    used 2816K, committed 3008K, reserved 1048576K
}
Event: 5.581 GC heap after
{Heap after GC invocations=3 (full 0):
 garbage-first heap   total 262144K, used 16606K [0x0000000700c00000, 0x0000000800000000)
  region size 2048K, 5 young (10240K), 5 survivors (10240K)
 Metaspace       used 21166K, committed 21504K, reserved 1114112K
  class space    used 2816K, committed 3008K, reserved 1048576K
}

Dll operation events (20 events):
Event: 0.350 Loaded shared library C:\Users\zheck\.openjfx\cache\19+11\amd64\api-ms-win-crt-math-l1-1-0.dll
Event: 0.353 Loaded shared library C:\Users\zheck\.openjfx\cache\19+11\amd64\api-ms-win-crt-multibyte-l1-1-0.dll
Event: 0.357 Loaded shared library C:\Users\zheck\.openjfx\cache\19+11\amd64\api-ms-win-crt-private-l1-1-0.dll
Event: 0.359 Loaded shared library C:\Users\zheck\.openjfx\cache\19+11\amd64\api-ms-win-crt-process-l1-1-0.dll
Event: 0.362 Loaded shared library C:\Users\zheck\.openjfx\cache\19+11\amd64\api-ms-win-crt-runtime-l1-1-0.dll
Event: 0.365 Loaded shared library C:\Users\zheck\.openjfx\cache\19+11\amd64\api-ms-win-crt-stdio-l1-1-0.dll
Event: 0.369 Loaded shared library C:\Users\zheck\.openjfx\cache\19+11\amd64\api-ms-win-crt-string-l1-1-0.dll
Event: 0.373 Loaded shared library C:\Users\zheck\.openjfx\cache\19+11\amd64\api-ms-win-crt-time-l1-1-0.dll
Event: 0.377 Loaded shared library C:\Users\zheck\.openjfx\cache\19+11\amd64\api-ms-win-crt-utility-l1-1-0.dll
Event: 0.391 Loaded shared library C:\Users\zheck\.openjfx\cache\19+11\amd64\ucrtbase.dll
Event: 0.395 Loaded shared library C:\Users\zheck\.openjfx\cache\19+11\amd64\vcruntime140.dll
Event: 0.398 Loaded shared library C:\Users\zheck\.openjfx\cache\19+11\amd64\vcruntime140_1.dll
Event: 0.406 Loaded shared library C:\Users\zheck\.openjfx\cache\19+11\amd64\msvcp140.dll
Event: 0.408 Loaded shared library C:\Users\zheck\.openjfx\cache\19+11\amd64\msvcp140_1.dll
Event: 0.412 Loaded shared library C:\Users\zheck\.openjfx\cache\19+11\amd64\msvcp140_2.dll
Event: 0.443 Loaded shared library C:\Users\zheck\.openjfx\cache\19+11\amd64\prism_d3d.dll
Event: 0.505 Loaded shared library C:\Users\zheck\.openjfx\cache\19+11\amd64\glass.dll
Event: 0.662 Loaded shared library C:\Program Files\Java\jdk-19\bin\jimage.dll
Event: 0.808 Loaded shared library C:\Users\zheck\.openjfx\cache\19+11\amd64\javafx_font.dll
Event: 5.573 Loaded shared library C:\Program Files\Java\jdk-19\bin\sunmscapi.dll

Deoptimization events (20 events):
Event: 5.672 Thread 0x000002d6e8b3ae30 DEOPT PACKING pc=0x000002d6cfa3e668 sp=0x000000ed6b9f9ac0
Event: 5.672 Thread 0x000002d6e8b3ae30 DEOPT UNPACKING pc=0x000002d6cf406da3 sp=0x000000ed6b9f99f8 mode 2
Event: 5.673 Thread 0x000002d6e8b3ae30 Uncommon trap: trap_request=0xffffffde fr.pc=0x000002d6cfa3e668 relative=0x00000000000009c8
Event: 5.673 Thread 0x000002d6e8b3ae30 Uncommon trap: reason=class_check action=maybe_recompile pc=0x000002d6cfa3e668 method=java.util.HashMap.putVal(ILjava/lang/Object;Ljava/lang/Object;ZZ)Ljava/lang/Object; @ 253 c2
Event: 5.673 Thread 0x000002d6e8b3ae30 DEOPT PACKING pc=0x000002d6cfa3e668 sp=0x000000ed6b9f9ac0
Event: 5.673 Thread 0x000002d6e8b3ae30 DEOPT UNPACKING pc=0x000002d6cf406da3 sp=0x000000ed6b9f99f8 mode 2
Event: 5.721 Thread 0x000002d6e8b3ae30 Uncommon trap: trap_request=0xffffffc6 fr.pc=0x000002d6cf9a5594 relative=0x0000000000000794
Event: 5.721 Thread 0x000002d6e8b3ae30 Uncommon trap: reason=bimorphic_or_optimized_type_check action=maybe_recompile pc=0x000002d6cf9a5594 method=java.io.DataInputStream.readFully([BII)V @ 30 c2
Event: 5.721 Thread 0x000002d6e8b3ae30 DEOPT PACKING pc=0x000002d6cf9a5594 sp=0x000000ed6b9fa260
Event: 5.721 Thread 0x000002d6e8b3ae30 DEOPT UNPACKING pc=0x000002d6cf406da3 sp=0x000000ed6b9fa238 mode 2
Event: 6.286 Thread 0x000002d6e8b3ae30 Uncommon trap: trap_request=0xffffff45 fr.pc=0x000002d6cfa5f688 relative=0x0000000000000208
Event: 6.286 Thread 0x000002d6e8b3ae30 Uncommon trap: reason=unstable_if action=reinterpret pc=0x000002d6cfa5f688 method=com.sun.javafx.event.EventHandlerManager.dispatchBubblingEvent(Ljavafx/event/EventType;Ljavafx/event/Event;)Ljavafx/event/Event; @ 22 c2
Event: 6.286 Thread 0x000002d6e8b3ae30 DEOPT PACKING pc=0x000002d6cfa5f688 sp=0x000000ed6b9f93f0
Event: 6.286 Thread 0x000002d6e8b3ae30 DEOPT UNPACKING pc=0x000002d6cf406da3 sp=0x000000ed6b9f93a0 mode 2
Event: 6.368 Thread 0x000002d6e8b3ae30 DEOPT PACKING pc=0x000002d6c7f5b43e sp=0x000000ed6b9f81a0
Event: 6.368 Thread 0x000002d6e8b3ae30 DEOPT UNPACKING pc=0x000002d6cf407543 sp=0x000000ed6b9f7640 mode 0
Event: 6.377 Thread 0x000002d6e8b3ae30 Uncommon trap: trap_request=0xffffffde fr.pc=0x000002d6cfa44adc relative=0x000000000000025c
Event: 6.377 Thread 0x000002d6e8b3ae30 Uncommon trap: reason=class_check action=maybe_recompile pc=0x000002d6cfa44adc method=javafx.scene.Node.updateLocalToParentTransform()V @ 11 c2
Event: 6.377 Thread 0x000002d6e8b3ae30 DEOPT PACKING pc=0x000002d6cfa44adc sp=0x000000ed6b9f8990
Event: 6.377 Thread 0x000002d6e8b3ae30 DEOPT UNPACKING pc=0x000002d6cf406da3 sp=0x000000ed6b9f8920 mode 2

Classes loaded (20 events):
Event: 5.669 Loading class javax/security/auth/callback/UnsupportedCallbackException
Event: 5.669 Loading class javax/security/auth/callback/UnsupportedCallbackException done
Event: 5.669 Loading class javax/security/auth/login/Configuration
Event: 5.669 Loading class javax/security/auth/login/Configuration done
Event: 5.669 Loading class javax/security/auth/callback/Callback
Event: 5.669 Loading class javax/security/auth/callback/Callback done
Event: 5.669 Loading class sun/invoke/util/VerifyAccess$1
Event: 5.669 Loading class sun/invoke/util/VerifyAccess$1 done
Event: 5.672 Loading class sun/security/ssl/PostHandshakeContext
Event: 5.672 Loading class sun/security/ssl/PostHandshakeContext done
Event: 5.672 Loading class sun/security/ssl/NewSessionTicket$T13NewSessionTicketMessage
Event: 5.672 Loading class sun/security/ssl/NewSessionTicket$NewSessionTicketMessage
Event: 5.672 Loading class sun/security/ssl/NewSessionTicket$NewSessionTicketMessage done
Event: 5.672 Loading class sun/security/ssl/NewSessionTicket$T13NewSessionTicketMessage done
Event: 5.691 Loading class java/util/TimerTask
Event: 5.691 Loading class java/util/TimerTask done
Event: 5.693 Loading class java/util/RegularEnumSet$EnumSetIterator
Event: 5.693 Loading class java/util/RegularEnumSet$EnumSetIterator done
Event: 23.494 Loading class jdk/internal/misc/Signal$1
Event: 23.494 Loading class jdk/internal/misc/Signal$1 done

Classes unloaded (0 events):
No events

Classes redefined (0 events):
No events

Internal exceptions (20 events):
Event: 1.386 Thread 0x000002d6e8b3ae30 Exception <a 'java/lang/NoSuchMethodError'{0x000000070e8f6ad0}: 'long java.lang.invoke.DirectMethodHandle$Holder.invokeStatic(java.lang.Object, java.lang.Object, java.lang.Object)'> (0x000000070e8f6ad0) 
thrown [s\open\src\hotspot\share\interpreter\linkResolver.cpp, line 774]
Event: 1.386 Thread 0x000002d6e8b3ae30 Exception <a 'java/lang/NoSuchMethodError'{0x000000070e8fa148}: 'long java.lang.invoke.DirectMethodHandle$Holder.invokeStaticInit(java.lang.Object, java.lang.Object, java.lang.Object)'> (0x000000070e8fa148) 
thrown [s\open\src\hotspot\share\interpreter\linkResolver.cpp, line 774]
Event: 1.388 Thread 0x000002d6e8b3ae30 Exception <a 'java/lang/NoSuchMethodError'{0x000000070e9ace80}: 'java.lang.Object java.lang.invoke.DirectMethodHandle$Holder.newInvokeSpecial(java.lang.Object, java.lang.Object, long)'> (0x000000070e9ace80) 
thrown [s\open\src\hotspot\share\interpreter\linkResolver.cpp, line 774]
Event: 1.388 Thread 0x000002d6e8b3ae30 Exception <a 'java/lang/NoSuchMethodError'{0x000000070e9b0a08}: 'java.lang.Object java.lang.invoke.Invokers$Holder.linkToTargetMethod(java.lang.Object, long, java.lang.Object)'> (0x000000070e9b0a08) 
thrown [s\open\src\hotspot\share\interpreter\linkResolver.cpp, line 774]
Event: 2.458 Thread 0x000002d6e8b3ae30 Exception <a 'java/lang/NoSuchMethodError'{0x000000070e52c1a0}: 'java.lang.Object java.lang.invoke.DirectMethodHandle$Holder.newInvokeSpecial(java.lang.Object, java.lang.Object, int, int, int, int, int, java.lang.Object)'> (0x000000070e52c1a0) 
thrown [s\open\src\hotspot\share\interpreter\linkResolver.cpp, line 774]
Event: 2.459 Thread 0x000002d6e8b3ae30 Exception <a 'java/lang/NoSuchMethodError'{0x000000070e53f470}: 'java.lang.Object java.lang.invoke.DirectMethodHandle$Holder.newInvokeSpecial(java.lang.Object, java.lang.Object, java.lang.Object, int, int, int, int, int)'> (0x000000070e53f470) 
thrown [s\open\src\hotspot\share\interpreter\linkResolver.cpp, line 774]
Event: 2.460 Thread 0x000002d6e8b3ae30 Exception <a 'java/lang/NoSuchMethodError'{0x000000070e546ce0}: 'java.lang.Object java.lang.invoke.Invokers$Holder.linkToTargetMethod(java.lang.Object, java.lang.Object, int, int, int, int, int, java.lang.Object)'> (0x000000070e546ce0) 
thrown [s\open\src\hotspot\share\interpreter\linkResolver.cpp, line 774]
Event: 5.336 Thread 0x000002d6e8b3ae30 Exception <a 'sun/nio/fs/WindowsException'{0x00000007106ff1c8}> (0x00000007106ff1c8) 
thrown [s\open\src\hotspot\share\prims\jni.cpp, line 517]
Event: 5.352 Thread 0x000002d6e8b3ae30 Exception <a 'java/lang/NoSuchMethodError'{0x00000007107ebe50}: 'java.lang.Object java.lang.invoke.DirectMethodHandle$Holder.invokeInterface(java.lang.Object, java.lang.Object)'> (0x00000007107ebe50) 
thrown [s\open\src\hotspot\share\interpreter\linkResolver.cpp, line 774]
Event: 5.354 Thread 0x000002d6e8b3ae30 Exception <a 'sun/nio/fs/WindowsException'{0x00000007107f6348}> (0x00000007107f6348) 
thrown [s\open\src\hotspot\share\prims\jni.cpp, line 517]
Event: 5.354 Thread 0x000002d6e8b3ae30 Exception <a 'sun/nio/fs/WindowsException'{0x00000007107f8a50}> (0x00000007107f8a50) 
thrown [s\open\src\hotspot\share\prims\jni.cpp, line 517]
Event: 5.361 Thread 0x000002d6e8b3ae30 Exception <a 'sun/nio/fs/WindowsException'{0x00000007104546c0}> (0x00000007104546c0) 
thrown [s\open\src\hotspot\share\prims\jni.cpp, line 517]
Event: 5.361 Thread 0x000002d6e8b3ae30 Exception <a 'sun/nio/fs/WindowsException'{0x0000000710456ce0}> (0x0000000710456ce0) 
thrown [s\open\src\hotspot\share\prims\jni.cpp, line 517]
Event: 5.365 Thread 0x000002d6e8b3ae30 Exception <a 'java/lang/NoSuchMethodError'{0x0000000710466258}: 'java.lang.Object java.lang.invoke.DirectMethodHandle$Holder.invokeVirtual(java.lang.Object, java.lang.Object, java.lang.Object)'> (0x0000000710466258) 
thrown [s\open\src\hotspot\share\interpreter\linkResolver.cpp, line 774]
Event: 5.419 Thread 0x000002d6e8b3ae30 Exception <a 'sun/nio/fs/WindowsException'{0x000000071034fee0}> (0x000000071034fee0) 
thrown [s\open\src\hotspot\share\prims\jni.cpp, line 517]
Event: 5.472 Thread 0x000002d6e8b3ae30 Exception <a 'sun/nio/fs/WindowsException'{0x0000000710193e30}> (0x0000000710193e30) 
thrown [s\open\src\hotspot\share\prims\jni.cpp, line 517]
Event: 5.496 Thread 0x000002d6e8b3ae30 Exception <a 'sun/nio/fs/WindowsException'{0x000000070fe80448}> (0x000000070fe80448) 
thrown [s\open\src\hotspot\share\prims\jni.cpp, line 517]
Event: 5.500 Thread 0x000002d6e8b3ae30 Exception <a 'sun/nio/fs/WindowsException'{0x000000070fe950d8}> (0x000000070fe950d8) 
thrown [s\open\src\hotspot\share\prims\jni.cpp, line 517]
Event: 5.522 Thread 0x000002d6e8b3ae30 Exception <a 'java/lang/NoSuchMethodError'{0x000000070ff36c18}: 'java.lang.Object java.lang.invoke.DirectMethodHandle$Holder.invokeStaticInit(java.lang.Object, int, int, int, int)'> (0x000000070ff36c18) 
thrown [s\open\src\hotspot\share\interpreter\linkResolver.cpp, line 774]
Event: 5.558 Thread 0x000002d6e8b3ae30 Exception <a 'java/lang/NoSuchMethodError'{0x000000070ff545f8}: 'java.lang.Object java.lang.invoke.DirectMethodHandle$Holder.invokeStaticInit(java.lang.Object, java.lang.Object, int, int, int, int)'> (0x000000070ff545f8) 
thrown [s\open\src\hotspot\share\interpreter\linkResolver.cpp, line 774]

VM Operations (20 events):
Event: 5.362 Executing VM operation: HandshakeAllThreads done
Event: 5.500 Executing VM operation: HandshakeAllThreads
Event: 5.500 Executing VM operation: HandshakeAllThreads done
Event: 5.514 Executing VM operation: HandshakeAllThreads
Event: 5.514 Executing VM operation: HandshakeAllThreads done
Event: 5.575 Executing VM operation: CollectForMetadataAllocation
Event: 5.581 Executing VM operation: CollectForMetadataAllocation done
Event: 5.588 Executing VM operation: G1PauseRemark
Event: 5.589 Executing VM operation: G1PauseRemark done
Event: 5.591 Executing VM operation: G1PauseCleanup
Event: 5.591 Executing VM operation: G1PauseCleanup done
Event: 5.650 Executing VM operation: HandshakeAllThreads
Event: 5.650 Executing VM operation: HandshakeAllThreads done
Event: 6.650 Executing VM operation: Cleanup
Event: 6.650 Executing VM operation: Cleanup done
Event: 8.651 Executing VM operation: Cleanup
Event: 8.651 Executing VM operation: Cleanup done
Event: 10.655 Executing VM operation: Cleanup
Event: 10.655 Executing VM operation: Cleanup done
Event: 23.496 Executing VM operation: Exit

Events (20 events):
Event: 0.631 Thread 0x000002d6e8b3a8e0 Thread added: 0x000002d6e8b3a8e0
Event: 0.632 Thread 0x000002d6e8b383b0 Thread added: 0x000002d6e8b383b0
Event: 1.045 Thread 0x000002d6efd00890 Thread added: 0x000002d6efd00890
Event: 1.260 Thread 0x000002d6e8b393a0 Thread added: 0x000002d6e8b393a0
Event: 1.400 Thread 0x000002d6e8b39e40 Thread added: 0x000002d6e8b39e40
Event: 1.620 Thread 0x000002d6efd00890 Thread exited: 0x000002d6efd00890
Event: 1.674 Thread 0x000002d6e7f7f600 Thread exited: 0x000002d6e7f7f600
Event: 2.564 Thread 0x000002d6e90a06a0 Thread added: 0x000002d6e90a06a0
Event: 2.630 Thread 0x000002d6efd81250 Thread added: 0x000002d6efd81250
Event: 2.874 Thread 0x000002d6efd81250 Thread exited: 0x000002d6efd81250
Event: 3.023 Thread 0x000002d6e90a06a0 Thread exited: 0x000002d6e90a06a0
Event: 5.339 Thread 0x000002d6efdf7d70 Thread added: 0x000002d6efdf7d70
Event: 5.360 Thread 0x000002d6e8fc14b0 Thread added: 0x000002d6e8fc14b0
Event: 6.286 Thread 0x000002d6e8fc14b0 Thread exited: 0x000002d6e8fc14b0
Event: 23.494 Thread 0x000002d6efdf82c0 Thread added: 0x000002d6efdf82c0
Event: 23.495 Thread 0x000002d6efdf92b0 Thread added: 0x000002d6efdf92b0
Event: 23.495 Thread 0x000002d6efdf8810 Thread added: 0x000002d6efdf8810
Event: 23.495 Thread 0x000002d6efdf8810 Thread exited: 0x000002d6efdf8810
Event: 23.496 Thread 0x000002d6efdf92b0 Thread exited: 0x000002d6efdf92b0
Event: 23.496 Thread 0x000002d6e338e760 Thread exited: 0x000002d6e338e760


Dynamic libraries:
0x00007ff700bf0000 - 0x00007ff700c00000 	C:\Program Files\Java\jdk-19\bin\java.exe
0x00007ffc5c7f0000 - 0x00007ffc5c9e8000 	C:\Windows\SYSTEM32\ntdll.dll
0x00007ffc5a910000 - 0x00007ffc5a9cf000 	C:\Windows\System32\KERNEL32.DLL
0x00007ffc5a340000 - 0x00007ffc5a612000 	C:\Windows\System32\KERNELBASE.dll
0x00007ffc5a700000 - 0x00007ffc5a800000 	C:\Windows\System32\ucrtbase.dll
0x00007ffc4f4d0000 - 0x00007ffc4f4e8000 	C:\Program Files\Java\jdk-19\bin\jli.dll
0x00007ffc4f290000 - 0x00007ffc4f2ab000 	C:\Program Files\Java\jdk-19\bin\VCRUNTIME140.dll
0x00007ffc5aeb0000 - 0x00007ffc5af5e000 	C:\Windows\System32\ADVAPI32.dll
0x00007ffc5b600000 - 0x00007ffc5b69e000 	C:\Windows\System32\msvcrt.dll
0x00007ffc5acf0000 - 0x00007ffc5ad8c000 	C:\Windows\System32\sechost.dll
0x00007ffc5aa10000 - 0x00007ffc5ab35000 	C:\Windows\System32\RPCRT4.dll
0x00007ffc5bdf0000 - 0x00007ffc5bf91000 	C:\Windows\System32\USER32.dll
0x00007ffc43370000 - 0x00007ffc4360a000 	C:\Windows\WinSxS\amd64_microsoft.windows.common-controls_6595b64144ccf1df_6.0.19041.1110_none_60b5254171f9507e\COMCTL32.dll
0x00007ffc5a800000 - 0x00007ffc5a822000 	C:\Windows\System32\win32u.dll
0x00007ffc5a9d0000 - 0x00007ffc5a9fb000 	C:\Windows\System32\GDI32.dll
0x00007ffc5a190000 - 0x00007ffc5a29f000 	C:\Windows\System32\gdi32full.dll
0x00007ffc5a2a0000 - 0x00007ffc5a33d000 	C:\Windows\System32\msvcp_win.dll
0x00007ffc529a0000 - 0x00007ffc529aa000 	C:\Windows\SYSTEM32\VERSION.dll
0x00007ffc5ad90000 - 0x00007ffc5adc2000 	C:\Windows\System32\IMM32.DLL
0x00007ffc4f5c0000 - 0x00007ffc4f5cc000 	C:\Program Files\Java\jdk-19\bin\vcruntime140_1.dll
0x00007ffc3ceb0000 - 0x00007ffc3cf3e000 	C:\Program Files\Java\jdk-19\bin\msvcp140.dll
0x00007ffbd8860000 - 0x00007ffbd9520000 	C:\Program Files\Java\jdk-19\bin\server\jvm.dll
0x00007ffc48800000 - 0x00007ffc48809000 	C:\Windows\SYSTEM32\WSOCK32.dll
0x00007ffc4d570000 - 0x00007ffc4d597000 	C:\Windows\SYSTEM32\WINMM.dll
0x00007ffc5b590000 - 0x00007ffc5b5fb000 	C:\Windows\System32\WS2_32.dll
0x00007ffc58750000 - 0x00007ffc58762000 	C:\Windows\SYSTEM32\kernel.appcore.dll
0x00007ffc4f3a0000 - 0x00007ffc4f3aa000 	C:\Program Files\Java\jdk-19\bin\jimage.dll
0x00007ffc57ad0000 - 0x00007ffc57cb4000 	C:\Windows\SYSTEM32\DBGHELP.DLL
0x00007ffc4cc30000 - 0x00007ffc4cc65000 	C:\Windows\SYSTEM32\dbgcore.DLL
0x00007ffc59fa0000 - 0x00007ffc5a022000 	C:\Windows\System32\bcryptPrimitives.dll
0x00007ffc55670000 - 0x00007ffc5567e000 	C:\Program Files\Java\jdk-19\bin\instrument.dll
0x00007ffc4f260000 - 0x00007ffc4f286000 	C:\Program Files\Java\jdk-19\bin\java.dll
0x00007ffbf93f0000 - 0x00007ffbf94c7000 	C:\Program Files\Java\jdk-19\bin\jsvml.dll
0x00007ffc5b6a0000 - 0x00007ffc5bde5000 	C:\Windows\System32\SHELL32.dll
0x00007ffc57fa0000 - 0x00007ffc58732000 	C:\Windows\SYSTEM32\windows.storage.dll
0x00007ffc5b230000 - 0x00007ffc5b585000 	C:\Windows\System32\combase.dll
0x00007ffc59940000 - 0x00007ffc59970000 	C:\Windows\SYSTEM32\Wldp.dll
0x00007ffc5af60000 - 0x00007ffc5b00d000 	C:\Windows\System32\SHCORE.dll
0x00007ffc5c1a0000 - 0x00007ffc5c1f5000 	C:\Windows\System32\shlwapi.dll
0x00007ffc59e20000 - 0x00007ffc59e3f000 	C:\Windows\SYSTEM32\profapi.dll
0x00007ffc45980000 - 0x00007ffc45993000 	C:\Program Files\Java\jdk-19\bin\net.dll
0x00007ffc51e70000 - 0x00007ffc51f7c000 	C:\Windows\SYSTEM32\WINHTTP.dll
0x00007ffc596a0000 - 0x00007ffc5970a000 	C:\Windows\system32\mswsock.dll
0x00007ffc31070000 - 0x00007ffc31086000 	C:\Program Files\Java\jdk-19\bin\nio.dll
0x00007ffc30860000 - 0x00007ffc30878000 	C:\Program Files\Java\jdk-19\bin\zip.dll
0x00007ffc55650000 - 0x00007ffc5566a000 	C:\Program Files\JetBrains\IntelliJ IDEA 2022.3\bin\breakgen64.dll
0x000002d6bfe00000 - 0x000002d6bfe03000 	C:\Users\zheck\.openjfx\cache\19+11\amd64\api-ms-win-core-console-l1-1-0.dll
0x000002d6bfe10000 - 0x000002d6bfe13000 	C:\Users\zheck\.openjfx\cache\19+11\amd64\api-ms-win-core-console-l1-2-0.dll
0x000002d6bfe20000 - 0x000002d6bfe23000 	C:\Users\zheck\.openjfx\cache\19+11\amd64\api-ms-win-core-datetime-l1-1-0.dll
0x000002d6bfe30000 - 0x000002d6bfe33000 	C:\Users\zheck\.openjfx\cache\19+11\amd64\api-ms-win-core-debug-l1-1-0.dll
0x000002d6bfe40000 - 0x000002d6bfe43000 	C:\Users\zheck\.openjfx\cache\19+11\amd64\api-ms-win-core-errorhandling-l1-1-0.dll
0x000002d6bfe50000 - 0x000002d6bfe54000 	C:\Users\zheck\.openjfx\cache\19+11\amd64\api-ms-win-core-file-l1-1-0.dll
0x000002d6bfe60000 - 0x000002d6bfe63000 	C:\Users\zheck\.openjfx\cache\19+11\amd64\api-ms-win-core-file-l1-2-0.dll
0x000002d6bfe70000 - 0x000002d6bfe73000 	C:\Users\zheck\.openjfx\cache\19+11\amd64\api-ms-win-core-file-l2-1-0.dll
0x000002d6bfe80000 - 0x000002d6bfe83000 	C:\Users\zheck\.openjfx\cache\19+11\amd64\api-ms-win-core-handle-l1-1-0.dll
0x000002d6bfe90000 - 0x000002d6bfe93000 	C:\Users\zheck\.openjfx\cache\19+11\amd64\api-ms-win-core-heap-l1-1-0.dll
0x000002d6bfea0000 - 0x000002d6bfea3000 	C:\Users\zheck\.openjfx\cache\19+11\amd64\api-ms-win-core-interlocked-l1-1-0.dll
0x000002d6bfeb0000 - 0x000002d6bfeb3000 	C:\Users\zheck\.openjfx\cache\19+11\amd64\api-ms-win-core-libraryloader-l1-1-0.dll
0x000002d6bfec0000 - 0x000002d6bfec3000 	C:\Users\zheck\.openjfx\cache\19+11\amd64\api-ms-win-core-localization-l1-2-0.dll
0x000002d6e33e0000 - 0x000002d6e33e3000 	C:\Users\zheck\.openjfx\cache\19+11\amd64\api-ms-win-core-memory-l1-1-0.dll
0x000002d6e33f0000 - 0x000002d6e33f3000 	C:\Users\zheck\.openjfx\cache\19+11\amd64\api-ms-win-core-namedpipe-l1-1-0.dll
0x000002d6e90d0000 - 0x000002d6e90d3000 	C:\Users\zheck\.openjfx\cache\19+11\amd64\api-ms-win-core-processenvironment-l1-1-0.dll
0x000002d6e90e0000 - 0x000002d6e90e3000 	C:\Users\zheck\.openjfx\cache\19+11\amd64\api-ms-win-core-processthreads-l1-1-0.dll
0x000002d6e90f0000 - 0x000002d6e90f3000 	C:\Users\zheck\.openjfx\cache\19+11\amd64\api-ms-win-core-processthreads-l1-1-1.dll
0x000002d6e9100000 - 0x000002d6e9103000 	C:\Users\zheck\.openjfx\cache\19+11\amd64\api-ms-win-core-profile-l1-1-0.dll
0x000002d6e9110000 - 0x000002d6e9113000 	C:\Users\zheck\.openjfx\cache\19+11\amd64\api-ms-win-core-rtlsupport-l1-1-0.dll
0x000002d6e9120000 - 0x000002d6e9123000 	C:\Users\zheck\.openjfx\cache\19+11\amd64\api-ms-win-core-string-l1-1-0.dll
0x000002d6e9130000 - 0x000002d6e9133000 	C:\Users\zheck\.openjfx\cache\19+11\amd64\api-ms-win-core-synch-l1-1-0.dll
0x000002d6e9140000 - 0x000002d6e9143000 	C:\Users\zheck\.openjfx\cache\19+11\amd64\api-ms-win-core-synch-l1-2-0.dll
0x000002d6e9150000 - 0x000002d6e9153000 	C:\Users\zheck\.openjfx\cache\19+11\amd64\api-ms-win-core-sysinfo-l1-1-0.dll
0x000002d6e9160000 - 0x000002d6e9163000 	C:\Users\zheck\.openjfx\cache\19+11\amd64\api-ms-win-core-timezone-l1-1-0.dll
0x000002d6e9170000 - 0x000002d6e9173000 	C:\Users\zheck\.openjfx\cache\19+11\amd64\api-ms-win-core-util-l1-1-0.dll
0x000002d6e92a0000 - 0x000002d6e92a3000 	C:\Users\zheck\.openjfx\cache\19+11\amd64\api-ms-win-crt-conio-l1-1-0.dll
0x000002d6e92b0000 - 0x000002d6e92b4000 	C:\Users\zheck\.openjfx\cache\19+11\amd64\api-ms-win-crt-convert-l1-1-0.dll
0x000002d6e92c0000 - 0x000002d6e92c3000 	C:\Users\zheck\.openjfx\cache\19+11\amd64\api-ms-win-crt-environment-l1-1-0.dll
0x000002d6e92d0000 - 0x000002d6e92d3000 	C:\Users\zheck\.openjfx\cache\19+11\amd64\api-ms-win-crt-filesystem-l1-1-0.dll
0x000002d6e92e0000 - 0x000002d6e92e3000 	C:\Users\zheck\.openjfx\cache\19+11\amd64\api-ms-win-crt-heap-l1-1-0.dll
0x000002d6e92f0000 - 0x000002d6e92f3000 	C:\Users\zheck\.openjfx\cache\19+11\amd64\api-ms-win-crt-locale-l1-1-0.dll
0x000002d6e9300000 - 0x000002d6e9305000 	C:\Users\zheck\.openjfx\cache\19+11\amd64\api-ms-win-crt-math-l1-1-0.dll
0x000002d6e9290000 - 0x000002d6e9295000 	C:\Users\zheck\.openjfx\cache\19+11\amd64\api-ms-win-crt-multibyte-l1-1-0.dll
0x000002d6e9440000 - 0x000002d6e9450000 	C:\Users\zheck\.openjfx\cache\19+11\amd64\api-ms-win-crt-private-l1-1-0.dll
0x000002d6e9450000 - 0x000002d6e9453000 	C:\Users\zheck\.openjfx\cache\19+11\amd64\api-ms-win-crt-process-l1-1-0.dll
0x000002d6e9460000 - 0x000002d6e9464000 	C:\Users\zheck\.openjfx\cache\19+11\amd64\api-ms-win-crt-runtime-l1-1-0.dll
0x000002d6e9470000 - 0x000002d6e9474000 	C:\Users\zheck\.openjfx\cache\19+11\amd64\api-ms-win-crt-stdio-l1-1-0.dll
0x000002d6e9480000 - 0x000002d6e9484000 	C:\Users\zheck\.openjfx\cache\19+11\amd64\api-ms-win-crt-string-l1-1-0.dll
0x000002d6e9490000 - 0x000002d6e9493000 	C:\Users\zheck\.openjfx\cache\19+11\amd64\api-ms-win-crt-time-l1-1-0.dll
0x000002d6e94a0000 - 0x000002d6e94a3000 	C:\Users\zheck\.openjfx\cache\19+11\amd64\api-ms-win-crt-utility-l1-1-0.dll
0x00007ffc20a80000 - 0x00007ffc20b7c000 	C:\Users\zheck\.openjfx\cache\19+11\amd64\ucrtbase.dll
0x00007ffc4fd50000 - 0x00007ffc4fd6b000 	C:\Users\zheck\.openjfx\cache\19+11\amd64\vcruntime140.dll
0x00007ffc4fda0000 - 0x00007ffc4fdac000 	C:\Users\zheck\.openjfx\cache\19+11\amd64\vcruntime140_1.dll
0x00007ffc292b0000 - 0x00007ffc2933e000 	C:\Users\zheck\.openjfx\cache\19+11\amd64\msvcp140.dll
0x00007ffc4f6f0000 - 0x00007ffc4f6f9000 	C:\Users\zheck\.openjfx\cache\19+11\amd64\msvcp140_1.dll
0x00007ffc4f6c0000 - 0x00007ffc4f6f0000 	C:\Users\zheck\.openjfx\cache\19+11\amd64\msvcp140_2.dll
0x00007ffc4f4a0000 - 0x00007ffc4f4cc000 	C:\Users\zheck\.openjfx\cache\19+11\amd64\prism_d3d.dll
0x00007ffc45480000 - 0x00007ffc4564e000 	C:\Windows\system32\d3d9.dll
0x00007ffc57690000 - 0x00007ffc576bf000 	C:\Windows\SYSTEM32\dwmapi.dll
0x00007ffc57460000 - 0x00007ffc574fe000 	C:\Windows\system32\uxtheme.dll
0x00007ffc3b870000 - 0x00007ffc3b92e000 	C:\Windows\System32\DriverStore\FileRepository\nvmdi.inf_amd64_d3941bdb145580aa\nvldumdx.dll
0x00007ffc59ad0000 - 0x00007ffc59ae2000 	C:\Windows\SYSTEM32\msasn1.dll
0x00007ffc52470000 - 0x00007ffc524a1000 	C:\Windows\SYSTEM32\cryptnet.dll
0x00007ffc5a030000 - 0x00007ffc5a186000 	C:\Windows\System32\CRYPT32.dll
0x00007ffc52300000 - 0x00007ffc52448000 	C:\Windows\SYSTEM32\drvstore.dll
0x00007ffc59c90000 - 0x00007ffc59cbc000 	C:\Windows\SYSTEM32\devobj.dll
0x00007ffc59ee0000 - 0x00007ffc59f2e000 	C:\Windows\System32\cfgmgr32.dll
0x00007ffc598b0000 - 0x00007ffc598bc000 	C:\Windows\SYSTEM32\cryptbase.dll
0x00007ffc59f30000 - 0x00007ffc59f99000 	C:\Windows\System32\WINTRUST.DLL
0x00007ffc5c670000 - 0x00007ffc5c68d000 	C:\Windows\System32\imagehlp.dll
0x00007ffc59890000 - 0x00007ffc598a8000 	C:\Windows\SYSTEM32\CRYPTSP.dll
0x00007ffc58ee0000 - 0x00007ffc58f14000 	C:\Windows\system32\rsaenh.dll
0x00007ffc5a620000 - 0x00007ffc5a647000 	C:\Windows\System32\bcrypt.dll
0x00007ffbec990000 - 0x00007ffbeef9b000 	C:\Windows\System32\DriverStore\FileRepository\nvmdi.inf_amd64_d3941bdb145580aa\nvd3dumx.dll
0x00007ffc25ba0000 - 0x00007ffc25be2000 	C:\Users\zheck\.openjfx\cache\19+11\amd64\glass.dll
0x00007ffc5a830000 - 0x00007ffc5a90a000 	C:\Windows\System32\COMDLG32.dll
0x00007ffc5b100000 - 0x00007ffc5b22a000 	C:\Windows\System32\ole32.dll
0x00007ffc5bfa0000 - 0x00007ffc5c06d000 	C:\Windows\System32\OLEAUT32.dll
0x00007ffc5c690000 - 0x00007ffc5c7a5000 	C:\Windows\System32\MSCTF.dll
0x00007ffc1a300000 - 0x00007ffc1a5cf000 	C:\Windows\system32\nvspcap64.dll
0x00007ffc58f70000 - 0x00007ffc58fa3000 	C:\Windows\SYSTEM32\ntmarta.dll
0x00007ffc58770000 - 0x00007ffc58793000 	C:\Windows\SYSTEM32\gpapi.dll
0x00007ffc3ce70000 - 0x00007ffc3ceab000 	C:\Windows\SYSTEM32\dxcore.dll
0x00007ffc4f6a0000 - 0x00007ffc4f6b4000 	C:\Users\zheck\.openjfx\cache\19+11\amd64\javafx_font.dll
0x00007ffc35820000 - 0x00007ffc35a9f000 	C:\Windows\SYSTEM32\dwrite.dll
0x00007ffc5c070000 - 0x00007ffc5c119000 	C:\Windows\System32\clbcatq.dll
0x00007ffc48b10000 - 0x00007ffc48cc4000 	C:\Windows\SYSTEM32\WindowsCodecs.dll
0x00007ffc28700000 - 0x00007ffc2873e000 	C:\Windows\system32\dataexchange.dll
0x00007ffc56020000 - 0x00007ffc56283000 	C:\Windows\system32\d3d11.dll
0x00007ffc566f0000 - 0x00007ffc568d3000 	C:\Windows\system32\dcomp.dll
0x00007ffc587a0000 - 0x00007ffc58893000 	C:\Windows\system32\dxgi.dll

dbghelp: loaded successfully - version: 4.0.5 - missing functions: none
symbol engine: initialized successfully - sym options: 0x614 - pdb path: .;C:\Program Files\Java\jdk-19\bin;C:\Windows\SYSTEM32;C:\Windows\WinSxS\amd64_microsoft.windows.common-controls_6595b64144ccf1df_6.0.19041.1110_none_60b5254171f9507e;C:\Program Files\Java\jdk-19\bin\server;C:\Program Files\JetBrains\IntelliJ IDEA 2022.3\bin;C:\Users\zheck\.openjfx\cache\19+11\amd64;C:\Windows\System32\DriverStore\FileRepository\nvmdi.inf_amd64_d3941bdb145580aa;C:\Program Files\Common Files\Microsoft Shared\Ink

VM Arguments:
jvm_args: -javaagent:C:\Program Files\JetBrains\IntelliJ IDEA 2022.3\lib\idea_rt.jar=62978:C:\Program Files\JetBrains\IntelliJ IDEA 2022.3\bin -Dfile.encoding=UTF-8 -Dsun.stdout.encoding=UTF-8 -Dsun.stderr.encoding=UTF-8 --module-path=C:\Users\zheck\.m2\repository\org\openjfx\javafx-controls\19\javafx-controls-19-win.jar;C:\Users\zheck\.m2\repository\org\openjfx\javafx-base\19\javafx-base-19-win.jar;C:\Users\zheck\.m2\repository\org\openjfx\javafx-fxml\19\javafx-fxml-19-win.jar;C:\Users\zheck\.m2\repository\org\openjfx\javafx-graphics\19\javafx-graphics-19-win.jar;C:\infa\Java\NewJavaFxApp\target\classes -Djdk.module.main=app.todoappjavafx 
java_command: app.todoappjavafx/app.Main
java_class_path (initial): C:\Users\zheck\.m2\repository\org\openjfx\javafx-controls\19\javafx-controls-19.jar;C:\Users\zheck\.m2\repository\org\openjfx\javafx-graphics\19\javafx-graphics-19.jar;C:\Users\zheck\.m2\repository\org\openjfx\javafx-base\19\javafx-base-19.jar;C:\Users\zheck\.m2\repository\org\openjfx\javafx-fxml\19\javafx-fxml-19.jar;C:\Users\zheck\.m2\repository\com\mysql\mysql-connector-j\8.0.32\mysql-connector-j-8.0.32.jar;C:\Users\zheck\.m2\repository\com\google\protobuf\protobuf-java\3.21.9\protobuf-java-3.21.9.jar
Launcher Type: SUN_STANDARD

[Global flags]
     intx CICompilerCount                          = 4                                         {product} {ergonomic}
     uint ConcGCThreads                            = 2                                         {product} {ergonomic}
     uint G1ConcRefinementThreads                  = 8                                         {product} {ergonomic}
   size_t G1HeapRegionSize                         = 2097152                                   {product} {ergonomic}
    uintx GCDrainStackTargetSize                   = 64                                        {product} {ergonomic}
   size_t InitialHeapSize                          = 268435456                                 {product} {ergonomic}
   size_t MarkStackSize                            = 4194304                                   {product} {ergonomic}
   size_t MaxHeapSize                              = 4282384384                                {product} {ergonomic}
   size_t MaxNewSize                               = 2569011200                                {product} {ergonomic}
   size_t MinHeapDeltaBytes                        = 2097152                                   {product} {ergonomic}
   size_t MinHeapSize                              = 8388608                                   {product} {ergonomic}
    uintx NonNMethodCodeHeapSize                   = 5839372                                {pd product} {ergonomic}
    uintx NonProfiledCodeHeapSize                  = 122909434                              {pd product} {ergonomic}
    uintx ProfiledCodeHeapSize                     = 122909434                              {pd product} {ergonomic}
    uintx ReservedCodeCacheSize                    = 251658240                              {pd product} {ergonomic}
     bool SegmentedCodeCache                       = true                                      {product} {ergonomic}
   size_t SoftMaxHeapSize                          = 4282384384                             {manageable} {ergonomic}
     bool UseCompressedClassPointers               = true                           {product lp64_product} {ergonomic}
     bool UseCompressedOops                        = true                           {product lp64_product} {ergonomic}
     bool UseG1GC                                  = true                                      {product} {ergonomic}
     bool UseLargePagesIndividualAllocation        = false                                  {pd product} {ergonomic}

Logging:
Log output configuration:
 #0: stdout all=off uptime,level,tags foldmultilines=false
 #1: stderr all=off uptime,level,tags foldmultilines=false

Environment Variables:
JAVA_HOME=C:\Program Files\Java\jdk-19
PATH=C:\Program Files (x86)\Razer Chroma SDK\bin;C:\Program Files\Razer Chroma SDK\bin;C:\Program Files\Common Files\Oracle\Java\javapath;C:\Program Files (x86)\Common Files\Oracle\Java\javapath;C:\Program Files (x86)\Razer\ChromaBroadcast\bin;C:\Program Files\Razer\ChromaBroadcast\bin;C:\Windows\system32;C:\Windows;C:\Windows\System32\Wbem;C:\Windows\System32\WindowsPowerShell\v1.0\;C:\Windows\System32\OpenSSH\;C:\Program Files (x86)\NVIDIA Corporation\PhysX\Common;C:\Program Files\Microsoft SQL Server\Client SDK\ODBC\170\Tools\Binn\;C:\Program Files\Microsoft SQL Server\150\Tools\Binn\;C:\Windows\system32\config\systemprofile\AppData\Local\Microsoft\WindowsApps;C:\Program Files\NVIDIA Corporation\NVIDIA NvDLISR;C:\Program Files\Git\cmd;C:\Program Files\Java\jdk-19\bin;C:\Program Files\MySQL\MySQL Shell 8.0\bin\;C:\Users\zheck\AppData\Local\Microsoft\WindowsApps;C:\Program Files\JetBrains\IntelliJ IDEA 2022.2.4\bin;C:\Users\zheck\AppData\Local\GitHubDesktop\bin;C:\Users\zheck\AppData\Local\JetBrains\Toolbox\scripts;D:\PyCharm 2022.3\bin;;C:\Program Files\JetBrains\IntelliJ IDEA 2022.3\bin;;C:\Program Files\Java\jdk-19\bin;
USERNAME=zheck
OS=Windows_NT
PROCESSOR_IDENTIFIER=Intel64 Family 6 Model 60 Stepping 3, GenuineIntel
TMP=C:\Users\zheck\AppData\Local\Temp
TEMP=C:\Users\zheck\AppData\Local\Temp



---------------  S Y S T E M  ---------------

OS:
 Windows 10 , 64 bit Build 19041 (10.0.19041.2546)
OS uptime: 0 days 10:00 hours

CPU: total 8 (initial active 8) (4 cores per cpu, 2 threads per core) family 6 model 60 stepping 3 microcode 0x27, cx8, cmov, fxsr, ht, mmx, sse, sse2, sse3, ssse3, sse4.1, sse4.2, popcnt, lzcnt, tsc, tscinvbit, avx, avx2, aes, erms, clmul, bmi1, bmi2, fma, vzeroupper, clflush, rdtscp

Memory: 4k page, system-wide physical 16330M (5380M free)
TotalPageFile size 25262M (AvailPageFile size 4543M)
current process WorkingSet (physical memory assigned to process): 130M, peak: 162M
current process commit charge ("private bytes"): 233M, peak: 436M

vm_info: Java HotSpot(TM) 64-Bit Server VM (19.0.1+10-21) for windows-amd64 JRE (19.0.1+10-21), built on 2022-09-14T12:45:06Z by "mach5one" with MS VC++ 17.1 (VS2022)

END.
